1.80992 nan
1.81204 0.002116
1.82087 0.00891609
1.81994 0.00637245
1.82543 0.00737922
1.83217 0.00904417
1.84417 0.0142202
1.85457 0.0161208
1.86005 0.0152371
1.86659 0.0151177
1.87206 0.0147259
1.87758 0.0145336
1.88486 0.0152225
1.89242 0.0159924
1.90038 0.0168829
1.90508 0.0164769
1.91195 0.0169341
1.91778 0.0169959
1.92339 0.0170283
1.92596 0.0163581
1.9282 0.0157191
1.93105 0.0152561
1.93538 0.0152073
1.939 0.0150029
1.94255 0.0148225
1.94598 0.0146486
1.9486 0.0143364
1.95235 0.0143144
1.95454 0.0139855
1.95664 0.013673
1.9579 0.0132845
1.96015 0.0130578
1.96174 0.012756
1.96301 0.0124394
1.96323 0.0120809
1.96298 0.0117432
1.96258 0.0114285
1.96291 0.0111286
1.96291 0.0108395
1.96349 0.0105806
1.96478 0.0104
1.96612 0.0102379
1.96664 0.0100104
1.96686 0.00978261
1.96759 0.00959056
1.96794 0.00938628
1.96798 0.00918451
1.96827 0.00899562
1.96879 0.00882546
1.96849 0.0086521
1.96862 0.00848168
1.96838 0.00832042
1.96753 0.00820572
1.96634 0.00814029
1.96506 0.00809264
1.96383 0.0080416
1.96272 0.00797611
1.96144 0.00794181
1.95971 0.00799593
1.95861 0.00793741
1.95727 0.00792055
1.95531 0.00803537
1.95375 0.00805909
1.95277 0.00799165
1.95147 0.00797573
1.95039 0.00792711
1.94964 0.00784378
1.94817 0.00786732
1.94718 0.00781468
1.94625 0.00775823
1.94546 0.00768948
1.94462 0.00762827
1.94353 0.00760155
1.94269 0.00754503
1.94166 0.0075147
1.94111 0.00743565
1.94056 0.007359
1.94001 0.00728469
1.93951 0.00720928
1.93888 0.00714639
1.93816 0.00709437
1.9378 0.00701627
1.93738 0.0069442
1.93669 0.00689538
1.93614 0.00683563
1.93556 0.00678094
1.93504 0.00672281
1.93452 0.00666643
1.93379 0.00663104
1.9329 0.00661719
1.93211 0.00659173
1.93124 0.00657685
1.9303 0.0065732
1.92927 0.00658393
1.92834 0.0065802
1.92743 0.00657575
1.92661 0.00655856
1.92577 0.00654538
1.92485 0.00654416
1.92383 0.00655735
