1.20662 nan
1.20803 nan
1.21391 0.553586
1.2133 0.389163
1.21695 0.303962
1.22145 0.249465
1.22944 0.213803
1.23638 0.185831
1.24003 0.16293
1.24439 0.146614
1.24804 0.13271
1.25172 0.121566
1.25657 0.112896
1.26161 0.105126
1.26692 0.0985233
1.27005 0.0913904
1.27463 0.0869533
1.27852 0.0819717
1.28226 0.0777705
1.28398 0.0729105
1.28547 0.0693333
1.28736 0.0664283
1.29025 0.0641554
1.29266 0.0613475
1.29503 0.0589692
1.29732 0.0567554
1.29907 0.0544429
1.30156 0.0529849
1.30303 0.0506927
1.30443 0.04901
1.30527 0.0471633
1.30677 0.0460653
1.30783 0.0444786
1.30867 0.0430754
1.30882 0.0414857
1.30865 0.0401522
1.30839 0.0389951
1.30861 0.0382078
1.30861 0.0371056
1.30899 0.0363696
1.30985 0.0357442
1.31075 0.0349335
1.31109 0.0338454
1.31124 0.0329699
1.31172 0.0324165
1.31196 0.0315826
1.31199 0.0308005
1.31218 0.0302382
1.31252 0.0297035
1.31233 0.028825
1.31241 0.0283977
1.31225 0.0277198
1.31169 0.0269789
1.31089 0.0263515
1.31004 0.0258358
1.30922 0.0253843
1.30848 0.0249757
1.30763 0.0244785
1.30647 0.023911
1.30574 0.0237283
1.30485 0.0232524
1.30354 0.0226722
1.3025 0.0224568
1.30185 0.0223046
1.30098 0.0218461
1.30026 0.0215937
1.29976 0.0213789
1.29878 0.0208183
1.29812 0.0206852
1.2975 0.0204061
1.29697 0.0201621
1.29641 0.0198647
1.29568 0.0195071
1.29512 0.019328
1.29444 0.0190056
1.29407 0.0189172
1.2937 0.0186691
1.29334 0.0184274
1.293 0.0182076
1.29258 0.0179335
1.2921 0.0176794
1.29187 0.0175872
1.29158 0.0173487
1.29113 0.0170508
1.29076 0.0168971
1.29037 0.0166859
1.29002 0.0165142
1.28968 0.0163249
1.28919 0.0160713
1.2886 0.015839
1.28807 0.0157012
1.28749 0.015508
1.28687 0.0153203
1.28618 0.0151328
1.28556 0.0150134
1.28495 0.0148658
1.28441 0.0147513
1.28385 0.0145965
1.28323 0.0144264
1.28256 0.00437157
