-0.475281 nan
-0.477396 0.00211475
-0.486233 0.00892116
-0.485308 0.00637569
-0.490797 0.00738372
-0.497544 0.00904768
-0.509538 0.0142245
-0.519948 0.0161284
-0.525437 0.0152462
-0.531986 0.0151277
-0.537457 0.0147369
-0.54299 0.0145462
-0.55028 0.0152374
-0.55785 0.0160097
-0.565823 0.0169027
-0.570534 0.0164979
-0.577416 0.0169568
-0.583255 0.01702
-0.58888 0.0170537
-0.591465 0.0163838
-0.593711 0.015745
-0.596572 0.0152826
-0.600914 0.0152347
-0.604544 0.0150309
-0.608107 0.0148511
-0.61155 0.0146778
-0.614176 0.0143659
-0.617934 0.0143442
-0.620138 0.0140152
-0.622241 0.0137023
-0.623508 0.0133134
-0.625764 0.0130865
-0.627365 0.0127843
-0.628634 0.0124674
-0.628865 0.0121082
-0.628618 0.0117696
-0.628222 0.0114539
-0.628557 0.0111535
-0.628566 0.0108637
-0.629145 0.0106045
-0.630443 0.0104237
-0.631791 0.0102614
-0.632311 0.0100334
-0.632531 0.0098052
-0.633263 0.00961278
-0.633616 0.0094081
-0.633663 0.00920587
-0.63395 0.00901662
-0.634472 0.00884611
-0.634181 0.00867227
-0.634307 0.00850146
-0.634069 0.00833978
-0.633223 0.0082245
-0.63203 0.0081584
-0.630752 0.00811006
-0.629521 0.00805844
-0.628417 0.00799243
-0.627134 0.0079576
-0.625402 0.00801111
-0.624306 0.00795226
-0.622965 0.00793506
-0.621 0.00804945
-0.61944 0.00807289
-0.618465 0.00800526
-0.617156 0.00798912
-0.61608 0.00794035
-0.61533 0.00785688
-0.613852 0.00788024
-0.612867 0.00782751
-0.611934 0.00777101
-0.611136 0.00770221
-0.610295 0.00764099
-0.609202 0.00761435
-0.608359 0.0075579
-0.607326 0.00752772
-0.606771 0.00744872
-0.606218 0.00737214
-0.605666 0.00729787
-0.605162 0.0072225
-0.604529 0.00715969
-0.603805 0.00710778
-0.603447 0.00702964
-0.60302 0.00695757
-0.602329 0.00690885
-0.60178 0.00684916
-0.601192 0.00679454
-0.600667 0.00673645
-0.600142 0.00668012
-0.599412 0.00664486
-0.598518 0.00663119
-0.597723 0.00660592
-0.596854 0.00659124
-0.595911 0.00658779
-0.594878 0.0065987
-0.593946 0.00659513
-0.593024 0.00659087
-0.592204 0.00657385
-0.591361 0.00656081
-0.590436 0.00655976
-0.589418 0.00657312
