1.33464 nan
1.33464 9.99822e-07
1.33464 5.36447e-06
1.33464 4.24997e-06
1.33463 5.29715e-06
1.33463 4.61158e-06
1.33463 5.09767e-06
1.33462 8.45788e-06
1.33461 1.07365e-05
1.33461 1.14729e-05
1.3346 1.24421e-05
1.33459 1.43191e-05
1.33458 1.63953e-05
1.33457 1.87522e-05
1.33456 2.11141e-05
1.33455 2.28315e-05
1.33453 2.41789e-05
1.33452 2.56754e-05
1.33451 2.70159e-05
1.3345 2.80101e-05
1.33449 2.94133e-05
1.33448 3.05082e-05
1.33446 3.11461e-05
1.33445 3.17023e-05
1.33444 3.21177e-05
1.33443 3.26471e-05
1.33442 3.30189e-05
1.33441 3.30694e-05
1.33441 3.28822e-05
1.3344 3.24896e-05
1.33439 3.20702e-05
1.33439 3.17715e-05
1.33438 3.14409e-05
1.33437 3.11159e-05
1.33437 3.07544e-05
1.33436 3.04214e-05
1.33436 3.00656e-05
1.33435 2.95965e-05
1.33435 2.9206e-05
1.33434 2.88983e-05
1.33434 2.85363e-05
1.33433 2.81503e-05
1.33433 2.76982e-05
1.33433 2.72644e-05
1.33432 2.67887e-05
1.33432 2.6334e-05
1.33432 2.59452e-05
1.33432 2.55692e-05
1.33431 2.51308e-05
1.33431 2.4678e-05
1.33431 2.42336e-05
1.33431 2.37876e-05
1.33431 2.33594e-05
1.33431 2.29379e-05
1.33431 2.25348e-05
1.33431 2.21323e-05
1.33431 2.17453e-05
1.33431 2.13684e-05
1.33431 2.10039e-05
1.33431 2.06563e-05
1.33431 2.03266e-05
1.33431 2.00167e-05
1.33431 1.97273e-05
1.33431 1.94418e-05
1.33431 1.91702e-05
1.33431 1.89217e-05
1.33431 1.86793e-05
1.33431 1.84477e-05
1.33432 1.82426e-05
1.33432 1.80832e-05
1.33432 1.79248e-05
1.33432 1.78153e-05
1.33432 1.77652e-05
1.33433 1.77589e-05
1.33433 1.7821e-05
1.33433 1.7938e-05
1.33434 1.80643e-05
1.33434 1.8152e-05
1.33434 1.82334e-05
1.33435 1.83299e-05
1.33435 1.84039e-05
1.33435 1.84249e-05
1.33436 1.84501e-05
1.33436 1.85175e-05
1.33436 1.85888e-05
1.33437 1.86376e-05
1.33437 1.86852e-05
1.33437 1.8743e-05
1.33438 1.88224e-05
1.33438 1.89125e-05
1.33438 1.90578e-05
1.33439 1.92067e-05
1.33439 1.9311e-05
1.33439 1.93889e-05
1.3344 1.94731e-05
1.3344 1.9589e-05
1.3344 1.97037e-05
1.33441 1.97856e-05
1.33441 1.98732e-05
1.33441 1.9951e-05
