1.14237 nan
1.11821 0.024166
1.09707 0.0253277
1.09592 0.0179461
1.09663 0.0139192
1.10305 0.0130511
1.10586 0.0113829
1.10724 0.00995381
1.11102 0.00955733
1.11148 0.00856066
1.11054 0.00779941
1.11099 0.00713369
1.11297 0.00685353
1.11316 0.00634824
1.1109 0.00632941
1.10961 0.00605861
1.10859 0.00578197
1.11005 0.00564298
1.1128 0.00600455
1.11241 0.00570994
1.11098 0.00561456
1.10925 0.00562734
1.10987 0.00541329
1.11192 0.00557269
1.11254 0.00538048
1.11166 0.00524375
1.11045 0.00518704
1.111 0.00502849
1.11196 0.00494595
1.11457 0.00544318
1.1156 0.00536522
1.11284 0.00588524
1.11283 0.00570412
1.11274 0.00553454
1.11387 0.00549225
1.11215 0.00560853
1.10932 0.00614419
1.10781 0.00616798
1.1072 0.00603926
1.10557 0.00610607
1.10529 0.00596215
1.10647 0.00593819
1.10604 0.00581496
1.10693 0.00575044
1.10726 0.00563116
1.1076 0.0055178
1.10707 0.00542496
1.10584 0.00545147
1.10569 0.00534111
1.1054 0.00524115
1.10611 0.00518513
1.10594 0.00508699
1.1066 0.00503356
1.10691 0.00494892
1.10731 0.00487478
1.10873 0.00499165
1.10928 0.00493428
1.10872 0.00488116
1.10843 0.00480596
1.10947 0.00483694
1.11036 0.00483934
1.1105 0.00476285
1.11129 0.00475199
1.11178 0.00470258
1.11358 0.00496955
1.1137 0.00489517
1.11346 0.00482765
1.11418 0.00481096
1.11553 0.00492912
1.11651 0.00495527
1.11742 0.00496864
1.11799 0.00493291
1.11816 0.00486776
1.11858 0.00481935
1.11979 0.00490633
1.11983 0.00484149
1.1187 0.00490992
1.11858 0.00484792
1.11897 0.00480179
1.11899 0.00474144
1.1189 0.00468348
1.11855 0.00463911
1.11835 0.00458711
1.11896 0.00457344
1.11843 0.00455059
1.11924 0.00457001
1.11855 0.00457038
1.11861 0.00451865
1.11848 0.00446963
1.11838 0.00442085
1.11822 0.00437498
1.11821 0.00432717
1.11839 0.00428398
1.11852 0.00424034
1.11878 0.00420364
1.11796 0.00424025
1.118 0.00419649
1.11782 0.00415737
1.11757 0.00412284
1.11782 0.00408902
