           1    -3.35891    -3.35891           0
           2     -3.4034    -3.38115   0.0222444
           3     -3.3955    -3.38594   0.0137043
           4    -3.39135    -3.38729  0.00978453
           5    -3.44867    -3.39956   0.0144263
           6    -3.39479    -3.39877   0.0118059
           7    -3.34089     -3.3905   0.0129585
           8    -3.41742    -3.39387    0.011716
           9    -3.38087    -3.39242   0.0104329
          10    -3.40397    -3.39358  0.00940272
          11    -3.41955    -3.39594  0.00882675
          12     -3.3921    -3.39562  0.00806403
          13    -3.38242     -3.3946  0.00748694
          14    -3.38104    -3.39364   0.0069989
          15    -3.40125    -3.39414  0.00653539
          16    -3.40323    -3.39471  0.00613961
          17    -3.41065    -3.39565  0.00584292
          18    -3.36619    -3.39401  0.00574667
          19    -3.38447    -3.39351  0.00545895
          20    -3.39254    -3.39346  0.00517904
          21     -3.4157    -3.39452  0.00503876
          22    -3.42263     -3.3958  0.00497129
          23     -3.3634    -3.39439  0.00495468
          24    -3.42134    -3.39551  0.00487486
          25    -3.37855    -3.39483  0.00472479
          26    -3.43823     -3.3965  0.00483657
          27    -3.37701    -3.39578  0.00470965
          28    -3.40789    -3.39621  0.00455889
          29    -3.36158    -3.39502   0.0045581
          30    -3.38685    -3.39475  0.00441195
          31    -3.41546    -3.39542  0.00431925
          32    -3.38581    -3.39512  0.00419286
          33    -3.40853    -3.39552  0.00408411
          34    -3.39132     -3.3954   0.0039641
          35    -3.44608    -3.39685  0.00411257
          36    -3.34592    -3.39543  0.00423964
          37    -3.36986    -3.39474  0.00418097
          38    -3.42248    -3.39547  0.00413441
          39     -3.4198    -3.39609  0.00407505
          40    -3.39007    -3.39594  0.00397472
          41    -3.36742    -3.39525   0.0039385
          42    -3.40777    -3.39555  0.00385512
          43    -3.37853    -3.39515  0.00378513
          44    -3.38876    -3.39501  0.00370096
          45    -3.43427    -3.39588  0.00372153
          46    -3.34838    -3.39485  0.00378337
          47    -3.44135    -3.39584  0.00383193
          48    -3.38916     -3.3957  0.00375383
          49    -3.36261    -3.39502   0.0037379
          50     -3.4063    -3.39525  0.00366932
          51    -3.39025    -3.39515  0.00359799
          52    -3.45366    -3.39627  0.00370321
          53    -3.39584    -3.39627  0.00363267
          54    -3.37742    -3.39592  0.00358181
          55    -3.39121    -3.39583  0.00351712
          56    -3.39333    -3.39579  0.00345403
          57    -3.37328    -3.39539  0.00341579
          58     -3.4012    -3.39549  0.00335788
          59    -3.43534    -3.39617  0.00336888
          60    -3.37041    -3.39574  0.00333996
          61    -3.41385    -3.39603  0.00329815
          62    -3.38889    -3.39592  0.00324657
          63    -3.43412    -3.39653  0.00325164
          64    -3.37549     -3.3962  0.00321726
          65    -3.39311    -3.39615  0.00316773
          66    -3.37326     -3.3958  0.00313859
          67    -3.37457    -3.39549  0.00310759
          68    -3.45972    -3.39643  0.00320395
          69    -3.36082    -3.39591  0.00319907
          70    -3.42084    -3.39627  0.00317309
          71    -3.34521    -3.39555  0.00320968
          72    -3.42355    -3.39594  0.00318859
          73    -3.36336    -3.39549  0.00317612
          74    -3.40416    -3.39561  0.00313509
          75    -3.43879    -3.39619  0.00314613
          76    -3.36447    -3.39577  0.00313239
          77    -3.42752    -3.39618  0.00311882
          78    -3.39597    -3.39618  0.00307858
          79    -3.37694    -3.39594   0.0030491
          80    -3.36012    -3.39549  0.00304385
          81    -3.42329    -3.39583  0.00302557
          82    -3.38397    -3.39569  0.00299195
          83    -3.40863    -3.39584  0.00295979
          84    -3.39049    -3.39578  0.00292503
          85    -3.40062    -3.39584  0.00289098
          86    -3.39374    -3.39581  0.00285727
          87    -3.39638    -3.39582  0.00282424
          88    -3.42067     -3.3961  0.00280621
          89    -3.38621    -3.39599  0.00277672
          90    -3.40119    -3.39605  0.00274631
          91    -3.40414    -3.39614  0.00271741
          92    -3.38417    -3.39601  0.00269086
          93    -3.39114    -3.39595  0.00266228
          94    -3.39439    -3.39594  0.00263386
          95    -3.39667    -3.39594    0.002606
          96    -3.39673    -3.39595  0.00257872
          97    -3.41462    -3.39615  0.00255925
          98    -3.40823    -3.39627    0.002536
          99    -3.36653    -3.39597  0.00252816
         100    -3.43493    -3.39636  0.00253289
