           1    -5.04731    -5.04731           0
           2    -5.08169     -5.0645   0.0171919
           3    -5.02149    -5.05017   0.0174374
           4    -5.02509     -5.0439   0.0138324
           5    -5.04223    -5.04356   0.0107197
           6    -5.07114    -5.04816  0.00988631
           7    -5.02098    -5.04428  0.00921338
           8    -5.00831    -5.03978  0.00915826
           9    -5.02313    -5.03793  0.00828593
          10     -5.0206     -5.0362  0.00761113
          11    -5.00717    -5.03356  0.00737284
          12    -5.00399     -5.0311  0.00716743
          13    -5.09974    -5.03638  0.00844693
          14    -5.01358    -5.03475  0.00798805
          15    -5.05727    -5.03625  0.00758647
          16     -5.0045    -5.03426  0.00736877
          17    -5.04157    -5.03469   0.0069351
          18    -5.01743    -5.03374  0.00660845
          19    -5.04917    -5.03455   0.0063035
          20    -5.02115    -5.03388  0.00601741
          21    -5.02852    -5.03362  0.00572938
          22    -5.05549    -5.03462  0.00555242
          23    -5.06364    -5.03588  0.00545357
          24    -5.05261    -5.03658  0.00526774
          25    -5.04292    -5.03683  0.00505902
          26    -5.11053    -5.03966  0.00562669
          27    -5.02014    -5.03894  0.00546235
          28    -5.01825     -5.0382  0.00531529
          29    -4.99001    -5.03654  0.00539129
          30    -5.03807    -5.03659  0.00520873
          31    -5.00488    -5.03557  0.00514073
          32    -5.08562    -5.03713   0.0052175
          33    -5.04575    -5.03739  0.00506367
          34    -5.04954    -5.03775  0.00492546
          35    -5.07513    -5.03882  0.00490047
          36    -5.06533    -5.03956  0.00481901
          37    -5.03766     -5.0395  0.00468724
          38    -5.06684    -5.04022   0.0046186
          39    -5.04445    -5.04033  0.00449992
          40    -5.05208    -5.04063  0.00439581
          41    -5.03981    -5.04061   0.0042873
          42    -5.02812    -5.04031  0.00419452
          43    -4.99929    -5.03935  0.00420545
          44    -5.06036    -5.03983  0.00413639
          45    -5.04566    -5.03996   0.0040455
          46     -5.0047    -5.03919  0.00403015
          47    -5.02138    -5.03882  0.00396164
          48    -4.99621    -5.03793  0.00397851
          49    -5.02312    -5.03763  0.00390818
          50    -4.99139     -5.0367  0.00393931
          51    -4.97124    -5.03542  0.00406906
          52    -4.99722    -5.03468  0.00405709
          53    -5.04552    -5.03489  0.00398506
          54    -5.01372     -5.0345  0.00393016
          55    -4.98665    -5.03363  0.00395492
          56    -5.02611    -5.03349  0.00388598
          57    -4.98356    -5.03262   0.0039164
          58    -5.06466    -5.03317  0.00388774
          59    -5.05827    -5.03359   0.0038449
          60    -5.03953    -5.03369  0.00378157
          61    -5.00884    -5.03328  0.00374131
          62    -5.04573    -5.03349  0.00368595
          63    -5.00996    -5.03311  0.00364613
          64    -5.05939    -5.03352  0.00361212
          65    -5.01633    -5.03326  0.00356593
          66    -5.01186    -5.03293  0.00352641
          67    -5.02942    -5.03288  0.00347378
          68    -5.03456    -5.03291   0.0034224
          69    -5.04569    -5.03309  0.00337752
          70    -5.01103    -5.03278  0.00334381
          71    -5.02969    -5.03273  0.00329667
          72    -5.00361    -5.03233  0.00327563
          73    -5.01808    -5.03213  0.00323634
          74    -5.05044    -5.03238  0.00320188
          75    -5.03191    -5.03237   0.0031589
          76    -5.01355    -5.03213  0.00312689
          77    -5.05044    -5.03236  0.00309517
          78    -5.03174    -5.03236  0.00305524
          79    -5.04841    -5.03256  0.00302315
          80    -5.07598     -5.0331  0.00303408
          81    -5.00073     -5.0327  0.00302292
          82     -5.0448    -5.03285  0.00298947
          83      -4.996    -5.03241  0.00298641
          84    -5.04911    -5.03261  0.00295734
          85    -5.04295    -5.03273  0.00292487
          86    -5.01635    -5.03254  0.00289693
          87    -5.01324    -5.03231  0.00287202
          88     -5.0086    -5.03205  0.00285195
          89    -5.07687    -5.03255  0.00286434
          90    -5.06257    -5.03288  0.00285191
          91    -5.09726    -5.03359  0.00290778
          92    -5.07409    -5.03403   0.0029095
          93    -5.01048    -5.03378  0.00288916
          94    -5.02972    -5.03373  0.00285859
          95    -5.01917    -5.03358  0.00283249
          96    -4.99913    -5.03322   0.0028257
          97    -5.02579    -5.03315  0.00279747
          98    -5.03259    -5.03314  0.00276878
          99    -5.00865    -5.03289  0.00275182
         100    -5.08457    -5.03341  0.00277275
