1.71355 nan
1.67731 0.036248
1.6456 0.0379909
1.64388 0.0269186
1.64495 0.0208784
1.65457 0.0195762
1.65879 0.0170739
1.66086 0.0149304
1.66653 0.0143357
1.66721 0.0128407
1.66582 0.0116988
1.66648 0.0107003
1.66945 0.0102801
1.66975 0.00952218
1.66635 0.00949399
1.66442 0.00908777
1.66289 0.00867283
1.66507 0.00846432
1.6692 0.00900669
1.66861 0.00856478
1.66648 0.00842171
1.66387 0.00844088
1.66481 0.00811981
1.66788 0.00835891
1.66881 0.0080706
1.66749 0.0078655
1.66568 0.00778045
1.66651 0.00754262
1.66795 0.00741882
1.67186 0.00816468
1.67341 0.00804775
1.66926 0.00882783
1.66924 0.00855615
1.66911 0.00830178
1.67081 0.00823835
1.66823 0.00841278
1.66398 0.00921627
1.66172 0.00925195
1.6608 0.00905885
1.65836 0.00915906
1.65793 0.00894318
1.65971 0.00890726
1.65905 0.00872241
1.66039 0.00862562
1.66089 0.00844671
1.6614 0.00827666
1.66061 0.00813741
1.65876 0.00817719
1.65854 0.00801164
1.6581 0.00786171
1.65916 0.00777767
1.65892 0.00763047
1.65991 0.00755032
1.66036 0.00742336
1.66097 0.00731215
1.66309 0.00748747
1.66392 0.00740142
1.66307 0.00732174
1.66265 0.00720894
1.6642 0.0072554
1.66554 0.00725901
1.66575 0.00714428
1.66693 0.00712798
1.66766 0.00705387
1.67037 0.00745434
1.67055 0.00734276
1.67019 0.00724148
1.67128 0.00721645
1.6733 0.00739367
1.67477 0.00743291
1.67613 0.00745297
1.67699 0.00739937
1.67724 0.00730165
1.67786 0.00722903
1.67968 0.00735951
1.67974 0.00726225
1.67804 0.00736489
1.67787 0.00727189
1.67845 0.0072027
1.67848 0.00711217
1.67834 0.00702524
1.67782 0.00695868
1.67753 0.00688067
1.67844 0.00686017
1.67765 0.0068259
1.67886 0.00685503
1.67782 0.00685559
1.67792 0.00677799
1.67772 0.00670447
1.67757 0.0066313
1.67732 0.00656249
1.67732 0.00649077
1.67758 0.00642599
1.67778 0.00636052
1.67818 0.00630547
1.67694 0.00636039
1.677 0.00629475
1.67673 0.00623607
1.67635 0.00618428
1.67673 0.00613355
