-5.14125 nan
-5.09534 0.0459075
-5.03613 0.0648714
-5.02083 0.0483565
-5.02197 0.0374742
-5.04772 0.0399922
-5.0463 0.0338297
-5.0543 0.0303711
-5.0606 0.0275147
-5.06367 0.0248003
-5.07036 0.0234117
-5.07399 0.0216773
-5.07344 0.0199479
-5.07089 0.0186432
-5.06931 0.0174276
-5.07192 0.0165102
-5.06952 0.015694
-5.06923 0.0147991
-5.07042 0.0140487
-5.06895 0.0134082
-5.07331 0.013479
-5.06856 0.013704
-5.06601 0.0133389
-5.06749 0.0128564
-5.06457 0.0126739
-5.06076 0.0127579
-5.06098 0.0122783
-5.06431 0.0122917
-5.06479 0.0118701
-5.06711 0.0116987
-5.06569 0.011404
-5.06278 0.0114182
-5.06079 0.0112436
-5.05972 0.0109609
-5.05912 0.01066
-5.05749 0.0104865
-5.05615 0.0102872
-5.05785 0.0101567
-5.06015 0.010157
-5.06113 0.00994805
-5.06164 0.00971603
-5.06189 0.00948513
-5.06079 0.00932706
-5.06131 0.00912727
-5.06412 0.00935347
-5.0651 0.00920034
-5.0644 0.00902941
-5.06318 0.00892397
-5.06294 0.00874308
-5.06274 0.00856873
-5.06105 0.00856817
-5.05965 0.00851726
-5.05761 0.00860167
-5.05935 0.00861896
-5.05729 0.00870854
-5.05644 0.00859367
-5.05574 0.00847018
-5.05594 0.00832531
-5.05816 0.00847865
-5.05861 0.00834802
-5.05904 0.00822126
-5.0593 0.00809165
-5.06067 0.00807995
-5.06203 0.00806831
-5.0623 0.0079477
-5.0648 0.00821657
-5.06422 0.00811341
-5.06361 0.00801658
-5.06298 0.00792492
-5.06322 0.00781449
-5.06361 0.00771349
-5.06426 0.00763367
-5.06283 0.00766393
-5.06118 0.00773733
-5.06217 0.00769733
-5.06291 0.00763169
-5.064 0.00761043
-5.06369 0.00751859
-5.06393 0.00742662
-5.06511 0.0074284
-5.06534 0.00733972
-5.06586 0.00726772
-5.06656 0.0072136
-5.0674 0.00717666
-5.06716 0.00709574
-5.06731 0.00701439
-5.06779 0.00694962
-5.06794 0.00687196
-5.06905 0.00688346
-5.07087 0.00704634
-5.07156 0.0070029
-5.07088 0.00695999
-5.07132 0.0068987
-5.07077 0.00684686
-5.07068 0.006775
-5.06994 0.00674504
-5.0685 0.00682776
-5.06896 0.00677326
-5.06971 0.00674596
-5.07053 0.00672849
