0.92778 nan
1.22025 0.292474
1.60824 0.423138
1.75019 0.331167
1.75498 0.256566
1.61821 0.250178
1.61394 0.211482
1.54517 0.195634
1.47873 0.184886
1.44183 0.169434
1.39983 0.158908
1.3805 0.146345
1.38476 0.134686
1.39552 0.125158
1.39494 0.116517
1.37472 0.110852
1.38232 0.104404
1.38478 0.0984635
1.38152 0.0931941
1.3892 0.0887447
1.3657 0.087624
1.3887 0.086654
1.39849 0.0833777
1.38753 0.0805771
1.40192 0.0786154
1.41856 0.0773431
1.4101 0.0749037
1.38556 0.0762337
1.37919 0.0738337
1.36406 0.0729173
1.36579 0.0705472
1.37494 0.0689162
1.37814 0.0668722
1.375 0.0649516
1.37049 0.0632298
1.37285 0.0614936
1.37333 0.0598105
1.3579 0.0602271
1.34138 0.060942
1.3338 0.059881
1.32815 0.0586749
1.3243 0.0573901
1.32711 0.0561101
1.32073 0.05519
1.30234 0.0569996
1.29489 0.0562423
1.29607 0.0550454
1.29882 0.0539566
1.29556 0.0529446
1.29193 0.0520019
1.29817 0.0513525
1.30666 0.0510662
1.31975 0.0517755
1.31324 0.0512228
1.32625 0.0519375
1.33436 0.0516426
1.34038 0.0510851
1.33957 0.0502032
1.32624 0.0511142
1.32191 0.0504408
1.31895 0.0496957
1.3172 0.0489187
1.30854 0.0489083
1.29942 0.0489952
1.29709 0.0482915
1.28475 0.0491302
1.28951 0.0486245
1.2952 0.0482415
1.30051 0.0478324
1.30038 0.0471443
1.29865 0.0465076
1.29542 0.0459707
1.30424 0.0461871
1.31566 0.0469663
1.31329 0.0463965
1.30938 0.0459478
1.30147 0.0460326
1.3008 0.0454435
1.29793 0.0449564
1.29185 0.0448057
1.29201 0.0442494
1.29051 0.0437322
1.2867 0.0433696
1.28085 0.0432481
1.27893 0.0427795
1.27521 0.0424421
1.27106 0.0421563
1.26947 0.0417048
1.26326 0.0416986
1.25365 0.0423385
1.25055 0.0419847
1.25477 0.0417393
1.25351 0.0413074
1.25716 0.0410286
1.25734 0.0405949
1.26066 0.0403063
1.26743 0.0404592
1.2643 0.0401664
1.26033 0.0399558
1.25657 0.039733
