0 0
0 0
0 0
0 0
0 0
0 0
0 0
0 0
0 0
0 0
0 0
0 0
0 0
0 0
0 0
0 0
0 0
0 0
0 0
0 0
0 0
0 0
0 0
0 0
0 0
0 0
0 0
0 0
0 0
0 0
0 0
0 0
0 0
0 0
0.00129213 0.000162816
0.0251694 0.00086945
0.172628 0.00232015
0.575355 0.00443371
1.21851 0.00655639
1.85574 0.00900158
2.34526 0.00958199
2.54661 0.0090681
2.54013 0.00842816
2.40025 0.0089122
2.19157 0.00848775
1.96478 0.00905279
1.74986 0.0070565
1.55098 0.00675033
1.38506 0.00698063
1.247 0.00679165
1.12934 0.00666486
1.01938 0.00621469
0.940135 0.00476489
0.875447 0.0046287
0.825321 0.00405599
0.774828 0.00421504
0.736983 0.00450452
0.714058 0.00434978
0.689314 0.00462141
0.67606 0.00487434
0.675094 0.00441364
0.670712 0.00453259
0.672669 0.00370502
0.679637 0.00370236
0.695798 0.00396139
0.720465 0.00405221
0.753059 0.00361662
0.781614 0.00389137
0.820043 0.00386254
0.859975 0.00409601
0.894669 0.00348021
0.93799 0.00376608
0.984266 0.00401395
1.02144 0.0040443
1.05907 0.00407809
1.09794 0.00408116
1.13834 0.00350197
1.16208 0.00379691
1.18383 0.00384101
1.19919 0.00392283
1.20901 0.00412161
1.21591 0.00448298
1.20443 0.0040934
1.19654 0.00375757
1.17321 0.00384787
1.14733 0.00381885
1.11792 0.00366982
1.09419 0.0034681
1.0661 0.00381974
1.0401 0.00336087
1.01379 0.00353449
0.984515 0.00368862
0.967028 0.003237
0.94661 0.00338349
0.930999 0.0030482
0.915282 0.00325812
0.90269 0.00317068
0.895489 0.00310364
0.891868 0.00296529
0.889828 0.0029462
