1.39422 nan
1.39423 1.05e-05
1.39424 9.90511e-06
1.39424 7.01636e-06
1.39424 5.44611e-06
1.39424 4.45285e-06
1.39424 5.50943e-06
1.39423 5.45436e-06
1.39423 6.66342e-06
1.39422 8.95892e-06
1.39421 1.09618e-05
1.39421 1.28542e-05
1.3942 1.47096e-05
1.39419 1.59782e-05
1.39418 1.71039e-05
1.39417 1.89741e-05
1.39416 2.10688e-05
1.39415 2.34626e-05
1.39413 2.55176e-05
1.39412 2.72147e-05
1.39411 2.87412e-05
1.3941 2.95419e-05
1.39409 3.01978e-05
1.39408 3.10542e-05
1.39407 3.15982e-05
1.39406 3.21372e-05
1.39405 3.22973e-05
1.39404 3.2491e-05
1.39403 3.26836e-05
1.39402 3.29136e-05
1.39401 3.31208e-05
1.394 3.33357e-05
1.39399 3.3607e-05
1.39398 3.37452e-05
1.39397 3.37375e-05
1.39397 3.36788e-05
1.39396 3.35735e-05
1.39395 3.33712e-05
1.39395 3.2996e-05
1.39394 3.26218e-05
1.39394 3.22151e-05
1.39393 3.17109e-05
1.39393 3.11792e-05
1.39392 3.06823e-05
1.39392 3.02019e-05
1.39392 2.97061e-05
1.39392 2.92172e-05
1.39391 2.8728e-05
1.39391 2.82161e-05
1.39391 2.77171e-05
1.39391 2.72257e-05
1.3939 2.67452e-05
1.3939 2.62688e-05
1.3939 2.58157e-05
1.3939 2.53997e-05
1.3939 2.50361e-05
1.3939 2.46496e-05
1.3939 2.42523e-05
1.39389 2.38684e-05
1.39389 2.34963e-05
1.39389 2.31281e-05
1.39389 2.27706e-05
1.39389 2.24139e-05
1.39389 2.20621e-05
1.39389 2.172e-05
1.39389 2.13893e-05
1.39389 2.10678e-05
1.39389 2.07571e-05
1.39389 2.04554e-05
1.39389 2.01614e-05
1.39389 1.98757e-05
1.39389 1.95982e-05
1.39389 1.93291e-05
1.39389 1.90688e-05
1.39389 1.88198e-05
1.39389 1.85762e-05
1.39389 1.8334e-05
1.39389 1.80981e-05
1.39389 1.78676e-05
1.39389 1.7643e-05
1.39389 1.74251e-05
1.39389 1.72157e-05
1.39389 1.70124e-05
1.39389 1.68181e-05
1.39389 1.66227e-05
1.39389 1.64303e-05
1.39389 1.62429e-05
1.39389 1.60583e-05
1.39389 1.58784e-05
1.39389 1.5701e-05
1.39389 1.55276e-05
1.39389 1.5358e-05
1.39389 1.51923e-05
1.39389 1.50314e-05
1.39389 1.48723e-05
1.39389 1.47194e-05
1.39389 1.45724e-05
1.39389 1.44287e-05
1.39389 1.42935e-05
1.39389 1.41597e-05
