1.80403 nan
1.79903 0.0050035
1.7956 0.00448504
1.79429 0.00342843
1.79596 0.00313537
1.80172 0.00630495
1.80876 0.00882543
1.80755 0.00773833
1.80987 0.00720861
1.81847 0.0107534
1.82444 0.0114127
1.82547 0.0104685
1.83018 0.01072
1.83676 0.011911
1.84323 0.0128381
1.84797 0.0129089
1.85111 0.0125265
1.85434 0.0122442
1.857 0.0118828
1.86079 0.0118935
1.86408 0.0117794
1.86511 0.0112791
1.86749 0.0110368
1.87084 0.0110859
1.87537 0.0115549
1.87965 0.0118985
1.88322 0.0119929
1.8876 0.0123584
1.89237 0.0128452
1.89778 0.013538
1.90278 0.0140169
1.9076 0.0143999
1.91173 0.0145548
1.91583 0.0147051
1.92016 0.0149202
1.92372 0.0149296
1.92661 0.0148059
1.92901 0.0146094
1.93078 0.0143396
1.9321 0.0140386
1.93369 0.0137838
1.93584 0.0136232
1.93749 0.0134048
1.93811 0.0131109
1.93941 0.0128819
1.94121 0.012728
1.94228 0.0125001
1.94361 0.0123085
1.94454 0.0120906
1.94532 0.0118717
1.9465 0.0116963
1.94612 0.0114756
1.94612 0.011257
1.94654 0.0110545
1.9464 0.0108526
1.94559 0.0106872
1.94421 0.0105887
1.94323 0.0104504
1.94201 0.0103447
1.94049 0.0102834
1.9388 0.0102528
1.93724 0.0102062
1.93546 0.0101999
1.93411 0.01013
1.933 0.0100339
1.93141 0.0100075
1.93037 0.00991186
1.92914 0.00984304
1.92777 0.00979552
1.92651 0.00973642
1.92542 0.00966021
1.92403 0.00962563
1.92262 0.0095968
1.92134 0.00955293
1.91998 0.00952183
1.91854 0.00950449
1.9172 0.00947655
1.91587 0.00944856
1.91461 0.00941298
1.91353 0.00935639
1.91242 0.00930663
1.91153 0.00923566
1.9104 0.00919314
1.90914 0.00916951
1.90834 0.00909699
1.90751 0.00902851
1.90655 0.0089752
1.90594 0.00889375
1.90533 0.00881448
1.90454 0.00875158
1.90383 0.008684
1.90291 0.00863798
1.9021 0.00858277
1.90125 0.00853375
1.90035 0.00849147
1.89944 0.00845153
1.89868 0.00839847
1.89795 0.00834401
1.89684 0.00833407
1.89613 0.008281
