           1     1.28504     1.28504           0
           2     1.33486     1.30995   0.0249092
           3     1.35525     1.32505   0.0208526
           4     1.34887     1.33101   0.0159022
           5     1.34557     1.33392   0.0126572
           6     1.37738     1.34116     0.01262
           7     1.33893     1.34084   0.0106706
           8     1.27893      1.3331    0.012054
           9      1.2555     1.32448   0.0136877
          10     1.23265      1.3153    0.015304
          11     1.30607     1.31446   0.0138684
          12     1.29506     1.31284   0.0127629
          13     1.27145     1.30966   0.0121643
          14     1.22652     1.30372   0.0127319
          15     1.25232     1.30029    0.012338
          16     1.24467     1.29682   0.0120534
          17     1.26196     1.29477   0.0115063
          18     1.28261     1.29409   0.0108693
          19     1.28964     1.29386    0.010284
          20     1.23336     1.29083   0.0102144
          21     1.21702     1.28732    0.010332
          22     1.23718     1.28504   0.0101114
          23     1.24933     1.28349  0.00978573
          24     1.25858     1.28245  0.00942643
          25     1.23809     1.28067  0.00921397
          26     1.23217     1.27881  0.00904696
          27      1.2264     1.27687  0.00891917
          28     1.19775     1.27404  0.00904725
          29     1.19021     1.27115  0.00919589
          30     1.19008     1.26845  0.00928603
          31     1.22059      1.2669  0.00911318
          32     1.23448     1.26589  0.00888179
          33     1.23108     1.26484  0.00867285
          34     1.22482     1.26366  0.00849582
          35     1.22113     1.26244  0.00833854
          36     1.20157     1.26075  0.00827814
          37     1.19832     1.25907  0.00822619
          38     1.22764     1.25824  0.00804938
          39     1.24236     1.25783  0.00785084
          40     1.21823     1.25684  0.00771585
          41     1.22056     1.25596  0.00757715
          42     1.20392     1.25472   0.0074976
          43     1.20192     1.25349  0.00742341
          44     1.23275     1.25302  0.00726803
          45       1.226     1.25242     0.00713
          46     1.23958     1.25214  0.00697886
          47     1.21568     1.25136  0.00687267
          48     1.23058     1.25093  0.00674189
          49     1.19715     1.24983  0.00669347
          50     1.20431     1.24892  0.00662113
          51     1.24341     1.24881  0.00649091
          52     1.20646       1.248  0.00641677
          53     1.22064     1.24748  0.00631567
          54      1.2148     1.24688  0.00622709
          55     1.20491     1.24612  0.00616027
          56     1.19506      1.2452  0.00611759
          57     1.20689     1.24453  0.00604677
          58     1.26086     1.24481  0.00594827
          59     1.25638     1.24501  0.00584987
          60     1.25413     1.24516  0.00575356
          61     1.23314     1.24496  0.00566188
          62     1.25218     1.24508  0.00557103
          63     1.27297     1.24552  0.00549974
          64     1.27714     1.24602  0.00543562
          65     1.23875     1.24591  0.00535251
          66      1.2508     1.24598  0.00527131
          67     1.25243     1.24608  0.00519293
          68     1.20853     1.24552  0.00514571
          69     1.21558     1.24509  0.00508912
          70     1.24585      1.2451  0.00501591
          71     1.24469     1.24509  0.00494476
          72     1.20012     1.24447  0.00491544
          73     1.22134     1.24415  0.00485798
          74     1.21143     1.24371  0.00481225
          75     1.20853     1.24324  0.00477077
          76     1.22068     1.24294  0.00471693
          77     1.27246     1.24333  0.00467102
          78     1.23611     1.24324  0.00461167
          79     1.25955     1.24344  0.00455761
          80     1.25343     1.24357  0.00450201
          81     1.25809     1.24375  0.00444969
          82     1.26303     1.24398  0.00440138
          83      1.2421     1.24396  0.00434808
          84     1.23884      1.2439  0.00429644
          85     1.26249     1.24412  0.00425123
          86     1.28835     1.24463  0.00423287
          87      1.2539     1.24474  0.00418529
          88     1.26449     1.24496  0.00414354
          89     1.22396     1.24473  0.00410351
          90     1.21566      1.2444  0.00407049
          91     1.21261     1.24405  0.00404064
          92     1.26325     1.24426  0.00400192
          93     1.26988     1.24454  0.00396823
          94     1.19328     1.24399  0.00396347
          95      1.2532     1.24409  0.00392273
          96     1.25503      1.2442  0.00388332
          97     1.28152     1.24459  0.00386229
          98     1.28105     1.24496  0.00384074
          99     1.29517     1.24547  0.00383543
         100     1.29346     1.24595   0.0038271
