-0.409809 nan
-0.404796 0.00501275
-0.401357 0.00449451
-0.400054 0.00343485
-0.401721 0.0031397
-0.407483 0.00630672
-0.414523 0.00882945
-0.413314 0.00774141
-0.41564 0.00721269
-0.424253 0.0107608
-0.43023 0.0114223
-0.431262 0.0104779
-0.435981 0.0107316
-0.442575 0.0119246
-0.449053 0.0128533
-0.453799 0.0129259
-0.456953 0.0125447
-0.460197 0.0122641
-0.462867 0.011904
-0.466671 0.0119165
-0.469966 0.0118039
-0.471015 0.0113034
-0.473404 0.0110618
-0.476767 0.0111122
-0.4813 0.0115822
-0.485592 0.0119268
-0.489171 0.0120216
-0.493559 0.0123876
-0.498343 0.0128748
-0.503763 0.0135679
-0.508774 0.0140471
-0.513596 0.0144306
-0.517735 0.0145859
-0.52185 0.0147365
-0.526185 0.0149517
-0.529749 0.0149612
-0.53265 0.0148375
-0.535056 0.0146409
-0.536832 0.0143706
-0.538157 0.0140693
-0.539751 0.0138141
-0.54191 0.013653
-0.543566 0.0134341
-0.544182 0.0131397
-0.545484 0.0129103
-0.547297 0.0127559
-0.54837 0.0125276
-0.549698 0.0123355
-0.550632 0.0121172
-0.551409 0.0118978
-0.552592 0.011722
-0.552211 0.0115006
-0.552212 0.0112815
-0.552633 0.0110787
-0.552496 0.0108763
-0.551695 0.0107102
-0.550314 0.010611
-0.549337 0.0104721
-0.548112 0.0103657
-0.546596 0.0103036
-0.544912 0.0102723
-0.543352 0.010225
-0.54157 0.010218
-0.540217 0.0101477
-0.539113 0.0100511
-0.537524 0.0100243
-0.536483 0.00992831
-0.535246 0.00985909
-0.533877 0.00981115
-0.532618 0.00975167
-0.531526 0.00967516
-0.530138 0.00964025
-0.528729 0.00961109
-0.527445 0.00956695
-0.526088 0.00953559
-0.524653 0.00951798
-0.523305 0.00948975
-0.521974 0.00946149
-0.520713 0.00942564
-0.519639 0.0093688
-0.518529 0.00931882
-0.517636 0.00924768
-0.516508 0.00920498
-0.515251 0.00918118
-0.514442 0.0091085
-0.513615 0.00903986
-0.512659 0.00898639
-0.512046 0.0089048
-0.511435 0.00882536
-0.510646 0.00876229
-0.509936 0.00869455
-0.509018 0.00864835
-0.50821 0.00859299
-0.507356 0.00854383
-0.506454 0.00850139
-0.505546 0.00846125
-0.504786 0.00840802
-0.504059 0.00835339
-0.502946 0.0083432
-0.502234 0.00828996
