1.80058
1.80136
1.80227
1.80322
1.80416
1.805
1.80566
1.80608
1.80615
1.80583
1.80501
1.80367
1.80174
1.79925
1.79626
1.79293
1.7895
1.78629
1.78366
1.78193
1.78128
1.78176
1.78319
1.78531
1.78778
1.79024
1.79243
1.79416
1.79532
1.79588
1.79589
1.79542
1.79456
1.79336
1.79185
1.79006
1.7881
1.78616
1.7846
1.78387
1.78436
1.78633
1.78976
1.79436
1.79966
1.80516
1.81041
1.81508
1.81901
1.82215
1.82453
1.82628
1.82756
1.82854
1.82943
1.83043
1.8317
1.83335
1.83547
1.83803
1.84096
1.84416
1.84744
1.8506
1.85341
1.85558
1.85677
1.85655
1.85441
1.84981
1.84236
1.83202
1.81951
1.80641
1.79478
1.78618
1.7808
1.77768
1.77582
1.77517
1.77674
1.78191
1.79147
1.80496
1.82078
1.83689
1.85166
1.86415
1.87412
1.88173
1.88736
1.89141
1.89426
1.89622
1.89752
1.89832
1.89872
1.89881
1.89859
1.89808
1.89725
1.89605
1.89443
1.89229
1.88952
1.88598
1.88147
1.87578
1.86867
1.86
1.84994
1.83925
1.82949
1.82279
1.82097
1.82442
1.83182
1.84097
1.84993
1.85769
1.86409
1.8695
1.87443
1.87927
1.88423
1.88932
1.89443
1.89939
1.90406
1.90832
1.91212
1.91543
1.91828
1.92069
1.92271
1.92441
1.92583
1.92705
1.92813
1.92913
1.9301
1.93108
1.93206
1.93305
1.934
1.93486
1.93555
1.93596
1.93599
1.93551
1.9344
1.93257
1.92994
1.92652
1.9224
1.91779
1.91297
1.90832
1.90421
1.90091
1.89857
1.8972
1.89675
1.89714
1.89828
1.90007
1.9024
1.90508
1.9079
1.91061
1.91293
1.91457
1.91529
1.91494
1.91349
1.91104
1.90784
1.90425
1.90072
1.89772
1.89569
1.89492
1.89556
1.89752
1.90058
1.9044
1.90862
1.91294
1.91712
1.92099
1.92446
1.92748
1.93004
1.93214
1.9338
1.93504
1.9359
1.9364
1.93657
1.93647
1.93611
1.93552
1.93472
1.93369
1.93239
1.93073
1.92857
1.92577
1.92213
1.9175
1.91181
1.90517
1.89787
1.89048
1.88369
1.87822
1.87464
1.87336
1.87475
1.87914
1.88661
1.89658
1.90772
1.9183
1.92679
1.93222
1.93441
1.9339
1.93183
1.92974
1.92907
1.93068
1.93456
1.93997
1.94587
1.95145
1.9563
1.96039
1.96394
1.96722
1.97045
1.97375
1.97709
1.98041
1.98359
1.98649
1.98904
1.99118
1.99287
1.99408
1.99477
1.99489
1.99437
1.99312
1.99107
1.98817
1.98444
1.98006
1.9753
1.97062
1.96659
1.96385
1.96293
1.96418
1.96765
1.97306
1.97983
1.98719
1.99436
2.00058
2.00526
2.00806
2.00889
2.00805
2.00619
2.00417
2.00291
2.003
2.00453
2.00718
2.01039
2.01372
2.01695
2.0201
2.02331
2.02679
2.03067
2.03496
2.03957
2.04429
2.04882
2.05283
2.05601
2.05812
2.05899
2.05863
2.05717
2.05489
2.05216
2.0494
2.04701
2.04538
2.04485
2.04572
2.04808
2.05177
2.0562
2.06052
2.06375
2.0651
2.06425
2.06142
2.05748
2.05372
2.05144
2.0514
2.05338
2.05635
2.05886
2.0597
2.0583
2.05481
2.04996
2.04487
2.04062
2.03793
2.03694
2.03727
2.03831
2.03958
2.04088
2.04229
2.04404
2.04634
2.04922
2.05249
2.05581
2.05876
2.06103
2.06246
2.06318
2.06351
2.06389
2.0647
2.06608
2.06787
2.0697
2.07112
2.07173
2.07127
2.06962
2.06677
2.06279
2.05782
2.05205
2.04577
2.0394
2.0335
2.02868
2.02545
2.02407
2.02438
2.02593
2.02815
2.03052
2.0327
2.03447
2.03566
2.03612
2.03565
2.0341
2.03143
2.02779
2.02348
2.01895
2.01466
2.01092
2.00787
2.00541
2.00337
2.00159
2.00001
1.99871
1.9978
1.99737
1.99732
1.99744
1.99741
1.99693
1.99584
1.99411
1.99185
1.98926
1.98656
1.98394
1.98151
1.97933
1.97745
1.97604
1.97537
1.97585
1.97789
1.98167
1.987
1.99338
2.00013
2.00659
2.0123
2.017
2.02064
2.02327
2.02501
2.02599
2.02634
2.02617
2.02557
2.02461
2.02334
2.0218
2.02003
2.01805
2.0159
2.0136
2.01119
2.00869
2.0061
2.00341
2.00055
1.99739
1.99375
1.98946
1.98437
1.97843
1.97178
1.96478
1.95804
1.9523
1.94847
1.94738
1.94964
1.95534
1.96392
1.97436
1.98543
1.99607
2.00554
2.01346
2.01969
2.02429
2.02741
2.0292
2.02986
2.02955
2.02841
2.02655
2.02402
2.02087
2.01711
2.01276
2.00791
2.00274
1.99759
1.99288
1.9891
1.98668
1.98583
1.98653
1.98846
1.99115
1.99408
1.99683
1.99916
2.00102
2.00256
2.00407
2.00585
2.00811
2.01087
2.0139
2.01676
2.01882
2.01936
2.01761
2.01276
2.00413
1.99155
1.976
1.96021
1.94833
1.94387
1.94735
1.95612
1.96655
1.97617
1.98413
1.99062
1.99615
2.00107
2.00553
2.00945
2.01265
2.01491
2.01598
2.01569
2.01387
2.0104
2.00518
1.99817
1.9894
1.97902
1.96732
1.95478
1.9421
1.93016
1.91991
1.91228
1.90793
1.90716
1.9097
1.91481
1.92147
1.92866
1.93555
1.94166
1.94684
1.95112
1.95468
1.95773
1.96044
1.96292
1.96523
1.96734
1.96917
1.9706
1.97152
1.97177
1.97123
1.96979
1.96737
1.96396
1.95963
1.95456
1.94909
1.94364
1.93864
1.93443
1.93106
1.92836
1.92594
1.92347
1.92076
1.91788
1.91504
1.91239
1.90972
1.90635
1.90104
1.8922
1.87856
1.86043
1.84137
1.82831
1.82767
1.83972
1.85835
1.87649
1.8902
1.89872
1.90288
1.90386
1.90264
1.9
1.89648
1.89249
1.8884
1.88451
1.88108
1.87829
1.87621
1.8748
1.87393
1.87341
1.87305
1.87268
1.87215
1.87139
1.87035
1.86901
1.86738
1.86547
1.86331
1.86091
1.85829
1.8555
1.85257
1.84957
1.84656
1.84364
1.84094
1.83858
1.83668
1.83535
1.83467
1.83466
1.8353
1.8365
1.83812
1.83998
1.84191
1.84372
1.84523
1.8463
1.8468
1.84662
1.8457
1.84401
1.84155
1.8384
1.83472
1.83076
1.82688
1.82351
1.82107
1.81991
1.82017
1.82173
1.82427
1.82737
1.83065
1.83383
1.83682
1.83963
1.84233
1.845
1.8477
1.8504
1.85306
1.8556
1.85793
1.86001
1.86177
1.86317
1.8642
1.8648
1.86494
1.86455
1.86356
1.86183
1.8592
1.85548
1.85045
1.84401
1.8363
1.82797
1.82028
1.81499
1.81367
1.81692
1.82398
1.83319
1.84272
1.85127
1.85816
1.8632
1.86648
1.8682
1.86859
1.86788
1.86625
1.86389
1.86094
1.85758
1.85397
1.85029
1.84671
1.84341
1.84052
1.83812
1.83623
1.83482
1.83384
1.83322
1.83293
1.83297
1.83334
1.83404
1.835
1.83609
1.83715
1.83797
1.83843
1.83848
1.83822
1.83787
1.83772
1.83802
1.83895
1.84053
1.84262
1.84498
1.8473
1.84934
1.85087
1.85176
1.85195
1.85143
1.8502
1.84832
1.84584
1.84284
1.83942
1.83572
1.83193
1.82825
1.82489
1.82204
1.81983
1.81832
1.81748
1.81722
1.81744
1.81798
1.81876
1.81966
1.82063
1.82161
1.82259
1.82354
1.82445
1.82532
1.82612
1.82685
1.82747
1.82796
1.8283
1.82844
1.82837
1.82808
1.82754
1.82678
1.8258
1.82463
1.8233
1.82185
1.82033
1.8188
1.8173
1.81588
1.81458
1.81344
1.81247
1.81168
1.81108
1.81066
1.81042
1.81034
1.81042
1.81063
1.81096
1.81139
1.8119
1.81246
1.81306
1.81368
1.81433
1.81502
1.81574
1.81649
1.81723
1.8179
1.8184
1.8186
1.81836
1.81755
1.81609
1.81398
1.81138
1.80859
1.80606
1.80432
1.80379
1.80471
1.80699
1.81031
1.8142
1.8182
1.82193
1.82517
1.82778
1.82975
1.83107
1.83178
1.83193
1.83155
1.83068
1.82939
1.82777
1.82599
1.82422
1.82265
1.82147
1.82077
1.82058
1.82086
1.82157
1.82265
1.82407
1.82583
1.82791
1.83025
1.83274
1.83522
1.83752
1.83946
1.84094
1.84187
1.84221
1.84194
1.84103
1.83943
1.83708
1.83388
1.82981
1.82495
1.8196
1.81425
1.80949
1.80578
1.80317
1.80127
1.7995
1.79753
1.79568
1.79488
1.79614
1.79993
1.80584
1.81287
1.81995
1.82635
1.83174
1.83606
1.83936
1.84168
1.84305
1.84354
1.84333
1.84264
1.8418
1.84108
1.84065
1.84052
1.84052
1.84041
1.83991
1.83881
1.83699
1.83453
1.83159
1.8285
1.82562
1.82326
1.82168
1.82096
1.82109
1.82198
1.82352
1.82562
1.82822
1.8313
1.83482
1.83875
1.843
1.84744
1.85188
1.85612
1.85991
1.863
1.86519
1.8663
1.86621
1.8649
1.86242
1.85893
1.85469
1.85005
1.84537
1.84104
1.83733
1.83443
1.83241
1.83122
1.83081
1.83106
1.83191
1.83325
1.83502
1.83708
1.83931
1.84155
1.84361
1.84526
1.84629
1.84646
1.84555
1.84338
1.83989
1.83517
1.82955
1.82361
1.81811
1.81391
1.81169
1.81173
1.81385
1.81742
1.82163
1.82566
1.82893
1.83109
1.83208
1.83201
1.83113
1.82975
1.82818
1.82668
1.82542
1.82448
1.82386
1.82349
1.82329
1.82315
1.82299
1.82277
1.82245
1.82203
1.82151
1.8209
1.82023
1.81952
1.81877
1.81801
1.81726
1.81651
1.81578
1.81509
1.81443
1.81382
1.81327
1.8128
1.81242
1.81215
1.812
1.81201
1.81218
1.81254
1.81311
1.81389
1.81489
1.81611
1.81753
1.81914
1.82091
1.8228
1.82476
1.82673
1.82867
1.83048
1.83208
1.83339
1.8343
1.83471
1.83451
1.83361
1.83193
1.82941
1.82604
1.82186
1.81697
1.81152
1.80573
1.79985
1.79416
1.78894
1.7845
1.78115
1.77919
1.7789
1.78045
1.7839
1.78916
1.79602
1.80413
1.81307
1.82234
1.83144
1.83993
1.84745
1.85378
1.85877
