-0.406368
-0.40715
-0.408047
-0.409006
-0.40994
-0.410784
-0.411451
-0.411848
-0.411913
-0.411581
-0.41077
-0.409423
-0.407495
-0.405013
-0.402021
-0.398695
-0.395262
-0.392054
-0.389419
-0.387681
-0.387032
-0.387502
-0.388928
-0.391056
-0.393512
-0.395982
-0.398185
-0.39991
-0.40107
-0.401622
-0.401636
-0.401179
-0.400313
-0.399113
-0.397605
-0.395828
-0.393859
-0.391923
-0.390369
-0.389628
-0.390122
-0.392088
-0.395524
-0.400123
-0.405432
-0.410925
-0.416166
-0.420843
-0.424769
-0.4279
-0.430286
-0.432043
-0.433317
-0.434299
-0.435197
-0.4362
-0.437461
-0.439117
-0.44123
-0.443795
-0.446735
-0.449937
-0.453219
-0.456388
-0.459197
-0.461373
-0.462574
-0.462348
-0.460198
-0.455602
-0.448137
-0.43779
-0.42529
-0.412195
-0.400565
-0.391959
-0.386585
-0.383467
-0.381614
-0.380962
-0.382519
-0.387697
-0.397265
-0.410758
-0.426586
-0.442704
-0.457483
-0.469977
-0.479947
-0.487564
-0.49319
-0.497241
-0.500094
-0.502056
-0.503357
-0.504156
-0.50457
-0.504656
-0.50443
-0.503916
-0.503097
-0.501897
-0.500277
-0.498146
-0.49538
-0.491842
-0.487335
-0.481646
-0.474534
-0.465862
-0.455797
-0.445109
-0.435355
-0.428664
-0.426847
-0.430299
-0.43771
-0.446873
-0.455836
-0.463594
-0.469996
-0.475408
-0.480334
-0.485183
-0.490138
-0.495226
-0.500331
-0.505293
-0.509964
-0.514224
-0.51803
-0.521346
-0.524197
-0.526613
-0.528635
-0.530326
-0.53175
-0.532972
-0.534061
-0.535054
-0.53603
-0.537001
-0.537986
-0.538977
-0.539933
-0.540798
-0.541486
-0.541901
-0.541938
-0.54146
-0.540356
-0.538537
-0.535912
-0.532495
-0.528391
-0.523778
-0.518959
-0.514319
-0.510208
-0.506911
-0.504566
-0.50321
-0.502762
-0.50315
-0.504293
-0.506092
-0.508425
-0.511114
-0.513933
-0.516642
-0.518971
-0.520618
-0.521347
-0.521012
-0.519558
-0.51711
-0.513909
-0.510319
-0.506791
-0.503791
-0.501765
-0.501006
-0.501645
-0.503618
-0.506682
-0.510497
-0.514714
-0.519041
-0.523222
-0.527086
-0.530564
-0.533598
-0.536157
-0.538257
-0.53992
-0.541157
-0.542013
-0.542514
-0.542692
-0.542588
-0.542239
-0.541659
-0.540865
-0.53984
-0.538536
-0.536873
-0.534719
-0.531912
-0.528268
-0.523629
-0.517933
-0.511292
-0.504006
-0.49661
-0.48983
-0.484361
-0.480779
-0.479505
-0.480886
-0.485279
-0.492752
-0.502718
-0.513868
-0.524449
-0.532936
-0.538362
-0.540556
-0.540051
-0.537986
-0.535903
-0.53523
-0.536853
-0.540747
-0.54616
-0.552063
-0.557648
-0.562492
-0.566585
-0.570127
-0.573406
-0.576632
-0.579925
-0.583279
-0.586596
-0.58977
-0.592677
-0.595236
-0.597387
-0.599068
-0.600275
-0.600969
-0.601089
-0.600581
-0.599333
-0.597276
-0.594374
-0.590656
-0.586269
-0.581509
-0.576826
-0.572795
-0.570044
-0.569124
-0.570382
-0.573849
-0.579256
-0.586017
-0.593389
-0.600555
-0.606772
-0.611459
-0.614261
-0.615096
-0.614267
-0.612393
-0.610395
-0.609133
-0.60922
-0.610753
-0.613401
-0.616622
-0.619952
-0.623184
-0.626318
-0.629528
-0.63302
-0.636898
-0.641194
-0.645811
-0.650537
-0.655065
-0.659072
-0.662262
-0.664372
-0.665248
-0.664882
-0.66342
-0.661145
-0.65841
-0.655648
-0.65326
-0.65163
-0.651105
-0.651978
-0.654346
-0.658033
-0.662474
-0.666796
-0.670024
-0.671387
-0.670529
-0.667693
-0.663764
-0.660002
-0.657733
-0.657677
-0.659662
-0.66263
-0.665145
-0.665989
-0.664591
-0.661103
-0.656265
-0.651172
-0.646929
-0.64424
-0.64325
-0.64358
-0.644626
-0.645885
-0.647175
-0.648587
-0.650335
-0.652641
-0.655522
-0.6588
-0.662118
-0.665081
-0.667339
-0.668765
-0.669475
-0.669805
-0.670197
-0.671004
-0.672379
-0.674169
-0.675997
-0.677409
-0.678025
-0.677575
-0.675927
-0.673066
-0.669105
-0.664127
-0.658347
-0.65207
-0.645711
-0.639798
-0.63497
-0.631751
-0.630357
-0.630675
-0.632231
-0.634457
-0.636826
-0.639017
-0.640779
-0.641975
-0.642433
-0.641958
-0.6404
-0.637735
-0.634096
-0.629784
-0.625259
-0.62096
-0.617213
-0.61416
-0.6117
-0.609658
-0.607869
-0.606287
-0.60498
-0.604073
-0.603638
-0.603597
-0.60371
-0.603672
-0.603191
-0.602096
-0.600372
-0.598118
-0.595535
-0.592844
-0.590213
-0.587783
-0.585598
-0.583727
-0.582307
-0.581642
-0.582122
-0.584161
-0.587934
-0.593271
-0.59965
-0.606388
-0.612858
-0.61857
-0.623262
-0.626905
-0.629532
-0.631261
-0.632232
-0.632571
-0.632395
-0.631798
-0.63084
-0.629573
-0.628032
-0.626265
-0.624288
-0.622129
-0.619826
-0.617416
-0.61491
-0.612325
-0.609636
-0.606767
-0.603604
-0.599972
-0.595687
-0.590595
-0.584653
-0.578002
-0.571015
-0.564265
-0.558541
-0.554708
-0.553618
-0.555883
-0.561585
-0.57017
-0.580607
-0.591673
-0.602306
-0.611773
-0.619682
-0.625909
-0.630515
-0.633632
-0.635427
-0.63609
-0.635775
-0.634633
-0.632765
-0.630242
-0.62709
-0.623326
-0.618988
-0.614131
-0.608969
-0.603809
-0.599097
-0.595318
-0.592896
-0.592058
-0.592754
-0.594685
-0.597376
-0.600307
-0.603041
-0.605378
-0.607241
-0.608784
-0.610295
-0.612072
-0.614329
-0.617079
-0.620108
-0.622957
-0.625016
-0.625558
-0.623807
-0.618962
-0.610321
-0.597742
-0.582179
-0.566393
-0.554514
-0.550054
-0.553526
-0.562303
-0.572734
-0.582348
-0.59031
-0.596819
-0.60235
-0.607273
-0.611731
-0.615649
-0.61885
-0.621097
-0.622167
-0.621867
-0.620041
-0.616573
-0.61136
-0.604358
-0.595597
-0.585208
-0.573504
-0.560968
-0.548294
-0.536354
-0.526089
-0.51844
-0.5141
-0.513327
-0.515871
-0.520971
-0.527636
-0.534815
-0.54171
-0.547836
-0.553012
-0.557289
-0.560847
-0.563893
-0.566599
-0.569088
-0.571388
-0.573502
-0.575333
-0.576777
-0.577688
-0.577943
-0.577407
-0.575973
-0.573548
-0.570138
-0.565807
-0.560743
-0.555274
-0.549819
-0.544833
-0.540615
-0.537255
-0.534556
-0.532151
-0.529686
-0.526971
-0.524091
-0.521264
-0.518611
-0.515951
-0.512577
-0.50726
-0.498419
-0.484784
-0.466656
-0.447579
-0.434514
-0.433867
-0.445916
-0.464554
-0.482683
-0.496386
-0.504908
-0.509077
-0.51004
-0.508823
-0.506182
-0.502653
-0.498666
-0.49457
-0.490686
-0.48725
-0.484459
-0.48238
-0.48097
-0.480105
-0.479586
-0.479223
-0.478845
-0.478329
-0.477572
-0.476528
-0.475188
-0.473556
-0.471658
-0.469493
-0.467079
-0.464464
-0.46167
-0.458749
-0.455747
-0.452743
-0.449829
-0.447123
-0.444756
-0.442852
-0.441517
-0.440835
-0.440824
-0.441467
-0.442663
-0.444281
-0.446144
-0.448073
-0.449883
-0.451405
-0.452474
-0.452961
-0.452785
-0.451863
-0.450172
-0.447714
-0.444564
-0.44088
-0.436918
-0.43304
-0.429652
-0.427213
-0.426056
-0.426315
-0.427871
-0.43041
-0.43351
-0.436785
-0.439972
-0.442959
-0.445755
-0.448451
-0.451125
-0.453824
-0.456531
-0.45918
-0.461719
-0.464055
-0.466132
-0.467884
-0.469285
-0.470304
-0.470907
-0.471048
-0.470665
-0.469662
-0.467938
-0.465305
-0.461575
-0.456552
-0.450108
-0.4424
-0.434062
-0.426375
-0.421081
-0.41976
-0.423014
-0.430081
-0.439292
-0.448819
-0.457365
-0.464264
-0.469306
-0.472585
-0.474323
-0.474728
-0.47401
-0.472384
-0.470021
-0.467073
-0.463708
-0.460094
-0.456412
-0.452836
-0.449534
-0.44664
-0.444246
-0.442348
-0.440942
-0.43996
-0.439347
-0.439061
-0.439092
-0.439468
-0.440173
-0.441123
-0.44222
-0.44327
-0.444097
-0.444554
-0.444604
-0.444345
-0.443992
-0.443828
-0.444139
-0.445066
-0.446646
-0.448732
-0.451087
-0.453422
-0.455447
-0.45697
-0.457861
-0.458052
-0.457534
-0.456306
-0.454417
-0.451934
-0.448936
-0.445514
-0.441815
-0.438029
-0.434348
-0.430985
-0.428136
-0.425931
-0.42442
-0.423585
-0.423321
-0.423527
-0.424069
-0.424844
-0.425754
-0.426724
-0.427711
-0.428687
-0.429636
-0.430551
-0.431407
-0.43221
-0.432937
-0.433561
-0.434051
-0.434388
-0.434524
-0.434458
-0.43416
-0.433625
-0.432863
-0.431878
-0.430695
-0.429371
-0.42792
-0.4264
-0.424866
-0.423368
-0.421952
-0.420655
-0.419511
-0.418537
-0.417753
-0.417153
-0.416732
-0.416495
-0.416419
-0.416495
-0.416696
-0.417035
-0.417472
-0.417979
-0.418548
-0.419148
-0.419773
-0.420429
-0.421112
-0.421842
-0.422586
-0.423335
-0.424005
-0.424502
-0.4247
-0.424461
-0.423659
-0.422187
-0.420071
-0.417463
-0.41468
-0.412154
-0.410407
-0.409882
-0.410801
-0.413087
-0.416405
-0.420299
-0.424299
-0.428044
-0.431286
-0.433901
-0.435859
-0.437182
-0.437896
-0.438056
-0.437665
-0.436794
-0.435503
-0.433888
-0.432101
-0.430322
-0.42875
-0.427565
-0.42686
-0.426676
-0.426957
-0.427669
-0.428738
-0.43016
-0.431923
-0.433993
-0.436334
-0.438817
-0.441305
-0.443598
-0.445538
-0.447021
-0.447946
-0.448282
-0.448012
-0.447102
-0.445514
-0.443153
-0.439952
-0.435877
-0.431028
-0.425675
-0.420322
-0.415556
-0.411846
-0.409237
-0.407339
-0.405564
-0.403585
-0.401742
-0.40093
-0.402193
-0.405979
-0.411899
-0.418939
-0.42602
-0.432417
-0.437805
-0.442132
-0.445434
-0.447745
-0.44912
-0.449632
-0.449415
-0.448732
-0.447881
-0.447162
-0.446734
-0.446605
-0.446605
-0.446499
-0.445995
-0.444886
-0.443078
-0.440612
-0.437681
-0.434591
-0.431697
-0.429346
-0.42776
-0.427038
-0.427166
-0.428058
-0.429596
-0.431695
-0.434312
-0.437381
-0.440901
-0.444831
-0.449076
-0.453523
-0.457976
-0.462214
-0.466002
-0.469094
-0.47129
-0.4724
-0.472326
-0.471018
-0.468536
-0.465054
-0.460822
-0.456179
-0.451509
-0.447171
-0.443464
-0.440562
-0.438522
-0.437333
-0.436921
-0.437173
-0.438011
-0.439358
-0.441121
-0.443189
-0.445418
-0.447657
-0.449709
-0.451371
-0.452404
-0.452572
-0.451661
-0.449492
-0.446006
-0.441295
-0.435671
-0.429719
-0.424222
-0.420029
-0.417807
-0.417842
-0.419951
-0.423539
-0.427738
-0.431766
-0.435034
-0.437201
-0.438187
-0.438121
-0.437233
-0.435857
-0.434279
-0.432771
-0.431509
-0.430574
-0.42996
-0.429586
-0.429376
-0.429229
-0.429066
-0.428855
-0.42854
-0.428117
-0.427597
-0.426996
-0.426328
-0.425613
-0.42487
-0.424117
-0.423362
-0.422611
-0.421882
-0.421186
-0.420533
-0.419937
-0.419392
-0.418926
-0.418547
-0.418271
-0.418129
-0.418135
-0.418314
-0.418678
-0.419247
-0.420033
-0.421024
-0.422243
-0.423672
-0.425279
-0.427047
-0.428941
-0.430903
-0.432888
-0.434817
-0.436622
-0.438221
-0.439528
-0.440436
-0.440852
-0.440654
-0.439754
-0.438072
-0.435556
-0.432184
-0.42801
-0.423123
-0.417683
-0.411893
-0.406012
-0.400327
-0.395118
-0.390671
-0.387317
-0.385345
-0.385057
-0.386603
-0.390048
-0.395311
-0.402169
-0.410287
-0.419229
-0.428497
-0.437603
-0.446089
-0.453619
-0.459941
-0.46494
