1.39421
1.39421
1.39422
1.39422
1.39422
1.39422
1.39421
1.39423
1.39424
1.39424
1.39424
1.39424
1.39425
1.39424
1.39424
1.39424
1.39424
1.39424
1.39425
1.39425
1.39425
1.39425
1.39427
1.39426
1.39426
1.39426
1.39425
1.39425
1.39425
1.39426
1.39425
1.39424
1.39425
1.39425
1.39424
1.39423
1.39424
1.39424
1.39424
1.39424
1.39424
1.39424
1.39424
1.39424
1.39423
1.39423
1.39424
1.39424
1.39424
1.39425
1.39425
1.39424
1.39424
1.39424
1.39424
1.39423
1.39424
1.39424
1.39424
1.39423
1.39423
1.39422
1.39422
1.39421
1.39421
1.39421
1.3942
1.3942
1.39421
1.39421
1.39422
1.39423
1.39422
1.39421
1.39421
1.39422
1.39421
1.39421
1.39421
1.39421
1.39422
1.39421
1.39421
1.39421
1.39419
1.39419
1.39418
1.39418
1.39417
1.39416
1.39417
1.39417
1.39417
1.39417
1.39416
1.39416
1.39415
1.39415
1.39416
1.39416
1.39415
1.39415
1.39415
1.39414
1.39414
1.39414
1.39414
1.39413
1.39413
1.39414
1.39414
1.39414
1.39413
1.39413
1.39412
1.39412
1.39411
1.3941
1.3941
1.39409
1.39409
1.39409
1.39409
1.39409
1.39409
1.3941
1.3941
1.3941
1.39409
1.39409
1.39409
1.39409
1.39408
1.39408
1.39408
1.39408
1.39408
1.39408
1.39407
1.39408
1.39407
1.39407
1.39407
1.39407
1.39407
1.39406
1.39406
1.39406
1.39405
1.39405
1.39405
1.39403
1.39403
1.39403
1.39401
1.39401
1.39401
1.39401
1.394
1.394
1.394
1.39399
1.39399
1.39399
1.39398
1.39398
1.39397
1.39396
1.39397
1.39397
1.39395
1.39395
1.39394
1.39393
1.39393
1.39393
1.39393
1.39393
1.39393
1.39393
1.39392
1.39392
1.39391
1.39391
1.3939
1.3939
1.39391
1.3939
1.3939
1.39391
1.3939
1.39389
1.39389
1.39389
1.39388
1.39389
1.39388
1.39388
1.39388
1.39388
1.39387
1.39387
1.39386
1.39385
1.39385
1.39385
1.39386
1.39386
1.39386
1.39387
1.39388
1.39387
1.39387
1.39387
1.39387
1.39386
1.39386
1.39386
1.39387
1.39386
1.39386
1.39386
1.39385
1.39386
1.39385
1.39386
1.39385
1.39384
1.39385
1.39384
1.39384
1.39382
1.39381
1.39381
1.39381
1.39381
1.39381
1.39381
1.39382
1.39382
1.39382
1.39382
1.39382
1.39382
1.39382
1.39382
1.39381
1.3938
1.3938
1.3938
1.3938
1.3938
1.39379
1.39379
1.39379
1.39379
1.39379
1.39379
1.39379
1.39379
1.3938
1.3938
1.3938
1.3938
1.3938
1.3938
1.39381
1.39381
1.39381
1.39381
1.3938
1.39379
1.39379
1.39379
1.39379
1.39378
1.39378
1.39378
1.39378
1.39377
1.39377
1.39377
1.39377
1.39378
1.39378
1.39377
1.39377
1.39377
1.39376
1.39375
1.39375
1.39376
1.39375
1.39374
1.39374
1.39375
1.39375
1.39375
1.39375
1.39375
1.39375
1.39375
1.39375
1.39374
1.39374
1.39373
1.39373
1.39372
1.39372
1.39372
1.39372
1.39373
1.39372
1.39372
1.39371
1.39372
1.39372
1.39372
1.39371
1.39371
1.39371
1.3937
1.3937
1.3937
1.39369
1.39369
1.39369
1.39368
1.39369
1.3937
1.3937
1.3937
1.3937
1.3937
1.3937
1.39369
1.39369
1.39368
1.39369
1.3937
1.3937
1.3937
1.39369
1.3937
1.3937
1.3937
1.3937
1.39371
1.39371
1.3937
1.39369
1.3937
1.39369
1.39369
1.3937
1.3937
1.39369
1.3937
1.39371
1.3937
1.39371
1.3937
1.3937
1.39369
1.3937
1.39368
1.39369
1.39369
1.39369
1.39369
1.3937
1.3937
1.39369
1.39369
1.39369
1.3937
1.39371
1.39371
1.39371
1.39372
1.39372
1.39373
1.39373
1.39373
1.39373
1.39373
1.39373
1.39373
1.39374
1.39374
1.39373
1.39373
1.39373
1.39372
1.39373
1.39373
1.39373
1.39373
1.39373
1.39372
1.39373
1.39373
1.39374
1.39373
1.39373
1.39374
1.39373
1.39373
1.39374
1.39374
1.39374
1.39375
1.39376
1.39377
1.39377
1.39377
1.39377
1.39376
1.39377
1.39376
1.39376
1.39377
1.39377
1.39377
1.39378
1.39378
1.39378
1.39378
1.39378
1.39378
1.39378
1.39377
1.39377
1.39377
1.39377
1.39377
1.39376
1.39376
1.39376
1.39376
1.39375
1.39375
1.39376
1.39376
1.39376
1.39377
1.39377
1.39378
1.39378
1.39377
1.39377
1.39377
1.39378
1.39378
1.39378
1.39378
1.39378
1.39378
1.39377
1.39377
1.39377
1.39378
1.39378
1.39378
1.39378
1.39378
1.39378
1.39378
1.39378
1.39378
1.39379
1.39378
1.39378
1.39378
1.39378
1.39378
1.39378
1.39379
1.3938
1.3938
1.3938
1.3938
1.3938
1.3938
1.39381
1.3938
1.39382
1.39382
1.39382
1.39381
1.39383
1.39382
1.39382
1.39382
1.39382
1.3938
1.3938
1.3938
1.3938
1.3938
1.39381
1.39381
1.39382
1.39383
1.39383
1.39383
1.39382
1.39381
1.39381
1.39381
1.39381
1.39381
1.39381
1.39381
1.39382
1.39384
1.39383
1.39383
1.39383
1.39384
1.39384
1.39384
1.39384
1.39383
1.39382
1.39383
1.39383
1.39384
1.39384
1.39384
1.39384
1.39384
1.39383
1.39383
1.39383
1.39383
1.39382
1.39382
1.39382
1.39382
1.39382
1.39382
1.39382
1.39382
1.39381
1.39381
1.39381
1.3938
1.39379
1.39378
1.39379
1.39379
1.39378
1.39378
1.39377
1.39378
1.39378
1.39378
1.39377
1.39377
1.39379
1.3938
1.3938
1.3938
1.39379
1.3938
1.39381
1.39381
1.39381
1.39382
1.39382
1.39382
1.39382
1.39382
1.39383
1.39382
1.39383
1.39383
1.39383
1.39383
1.39382
1.39383
1.39383
1.39383
1.39382
1.39382
1.39382
1.39382
1.39383
1.39382
1.39382
1.39383
1.39383
1.39383
1.39383
1.39382
1.39382
1.39382
1.39382
1.39382
1.39382
1.39383
1.39383
1.39384
1.39384
1.39384
1.39383
1.39384
1.39384
1.39383
1.39383
1.39383
1.39384
1.39384
1.39384
1.39383
1.39383
1.39383
1.39384
1.39384
1.39384
1.39385
1.39386
1.39385
1.39385
1.39385
1.39386
1.39386
1.39386
1.39386
1.39387
1.39387
1.39388
1.39388
1.39387
1.39387
1.39388
1.39388
1.39388
1.39388
1.39388
1.39389
1.39389
1.39389
1.39389
1.39389
1.39389
1.39389
1.3939
1.3939
1.3939
1.3939
1.3939
1.39391
1.39391
1.39391
1.39391
1.3939
1.3939
1.39389
1.3939
1.39391
1.3939
1.3939
1.39389
1.39388
1.39386
1.39387
1.39387
1.39387
1.39387
1.39387
1.39388
1.39387
1.39387
1.39387
1.39388
1.39387
1.39388
1.39388
1.39388
1.39387
1.39387
1.39388
1.39387
1.39387
1.39387
1.39387
1.39388
1.39388
1.39387
1.39387
1.39388
1.39388
1.39389
1.39388
1.39388
1.39388
1.39389
1.39389
1.39388
1.39389
1.3939
1.3939
1.3939
1.39389
1.3939
1.3939
1.39391
1.3939
1.3939
1.39391
1.3939
1.3939
1.3939
1.3939
1.3939
1.3939
1.39389
1.3939
1.39391
1.39392
1.39391
1.39391
1.3939
1.3939
1.3939
1.3939
1.3939
1.39391
1.39391
1.39391
1.39391
1.39391
1.39391
1.39392
1.39391
1.39392
1.39392
1.39392
1.39392
1.39393
1.39393
1.39393
1.39393
1.39393
1.39393
1.39393
1.39393
1.39393
1.39393
1.39393
1.39393
1.39393
1.39392
1.39392
1.39392
1.39393
1.39393
1.39392
1.39392
1.39391
1.39391
1.39391
1.3939
1.3939
1.3939
1.3939
1.39389
1.39389
1.3939
1.3939
1.3939
1.39389
1.3939
1.39391
1.39391
1.39391
1.39391
1.39391
1.39391
1.39391
1.3939
1.3939
1.3939
1.3939
1.39389
1.39388
1.39388
1.39389
1.39389
1.39389
1.39388
1.39388
1.39388
1.39388
1.39388
1.39389
1.39389
1.3939
1.3939
1.39391
1.3939
1.39391
1.3939
1.39391
1.39391
1.39391
1.39392
1.39392
1.39392
1.39391
1.39392
1.39393
1.39392
1.39393
1.39393
1.39393
1.39393
1.39392
1.39392
1.39393
1.39393
1.39393
1.39393
1.39392
1.39393
1.39393
1.39393
1.39393
1.39393
1.39394
1.39394
1.39395
1.39395
1.39395
1.39394
1.39393
1.39393
1.39394
1.39394
1.39393
1.39393
1.39393
1.39393
1.39391
1.39391
1.39391
1.39392
1.39392
1.39392
1.39392
1.39392
1.39391
1.39392
1.39392
1.39392
1.39391
1.39391
1.39391
1.39392
1.39392
1.39392
1.39392
1.39392
1.39392
1.39392
1.39392
1.39391
1.39392
1.39392
1.39392
1.39392
1.39391
1.39391
1.39391
1.39391
1.39391
1.3939
1.3939
1.39389
1.39388
1.39389
1.39388
1.39387
1.39387
1.39386
1.39387
1.39387
1.39387
1.39388
1.39389
1.39389
1.39389
1.3939
1.3939
1.39389
1.39389
1.3939
1.3939
1.3939
1.39389
1.39389
1.39389
1.39389
1.39389
1.39388
1.39388
1.39388
1.39389
1.39389
1.39389
1.39388
1.39389
1.3939
1.39388
1.39389
1.3939
1.39389
1.39389
1.39389
1.39389
1.3939
1.3939
1.39391
1.39391
1.39391
1.39391
1.3939
1.39391
1.39391
1.39392
1.39393
1.39392
1.39392
1.39392
1.39391
1.39391
1.39391
1.3939
1.3939
1.3939
1.39389
1.3939
1.3939
1.3939
1.3939
1.39388
1.39388
1.39388
1.39387
1.39388
1.39387
1.39387
1.39387
1.39386
1.39386
1.39386
1.39387
1.39386
1.39386
1.39386
1.39386
1.39385
1.39385
1.39385
1.39385
1.39385
1.39386
1.39386
1.39386
1.39385
1.39386
1.39386
1.39386
1.39386
1.39386
1.39385
1.39384
1.39384
1.39384
1.39384
1.39383
1.39383
1.39383
1.39383
1.39384
1.39384
1.39384
1.39385
1.39385
1.39385
1.39385
1.39384
1.39384
1.39383
1.39384
1.39383
1.39384
1.39383
