0.793585
0.771651
0.735016
0.684935
0.623208
0.553157
0.479494
0.408157
0.345576
0.297365
0.26691
0.254576
0.257925
0.272779
0.294369
0.318269
0.34094
0.359994
0.374327
0.384036
0.390143
0.394177
0.397689
0.401883
0.40744
0.414482
0.42272
0.431584
0.440384
0.448525
0.455615
0.461485
0.466277
0.470331
0.474114
0.478094
0.482699
0.488226
0.49473
0.502092
0.509908
0.517585
0.524453
0.529732
0.532692
0.532716
0.529268
0.521958
0.510684
0.495569
0.477027
0.455805
0.432951
0.409705
0.387432
0.367589
0.35166
0.341034
0.336907
0.34001
0.350308
0.366817
0.387674
0.410476
0.432766
0.452414
0.467842
0.478074
0.482771
0.482197
0.477148
0.468896
0.459107
0.449544
0.441878
0.437403
0.436898
0.440518
0.447804
0.45777
0.469132
0.480478
0.490506
0.498154
0.502719
0.50385
0.501549
0.496209
0.488471
0.479171
0.469253
0.459636
0.451052
0.443982
0.43864
0.434909
0.432389
0.430502
0.428644
0.426275
0.423074
0.418906
0.413795
0.407928
0.401645
0.395429
0.389885
0.385715
0.383682
0.384424
0.388406
0.395853
0.40667
0.42048
0.43663
0.45422
0.472175
0.489307
0.504469
0.516596
0.524798
0.528563
0.527706
0.522421
0.513308
0.501355
0.487969
0.474803
0.463494
0.455337
0.451042
0.450551
0.452993
0.456958
0.460888
0.463337
0.463206
0.459886
0.453305
0.443875
0.432427
0.420075
0.408068
0.397597
0.38958
0.384587
0.382753
0.383774
0.387032
0.391729
0.397033
0.402196
0.40669
0.410216
0.412769
0.414592
0.416142
0.417986
0.420733
0.424941
0.431021
0.439162
0.449252
0.460911
0.473478
0.486145
0.498127
0.508715
0.517299
0.523565
0.527398
0.528842
0.528101
0.525391
0.520943
0.514973
0.507603
0.498957
0.489201
0.478571
0.467386
0.456063
0.445055
0.43475
0.425439
0.41722
0.41
0.403533
0.397535
0.391855
0.386509
0.381754
0.378048
0.375929
0.375866
0.378114
0.382689
0.389348
0.397698
0.407233
0.417432
0.427832
0.438024
0.447741
0.456823
0.465212
0.47297
0.480249
0.487234
0.494076
0.500889
0.507574
0.51388
0.51938
0.523517
0.525695
0.525426
0.522364
0.516386
0.507633
0.496503
0.48359
0.469558
0.455119
0.440829
0.427105
0.414161
0.402065
0.390814
0.380473
0.371332
0.364006
0.359412
0.35867
0.362709
0.371848
0.385539
0.402433
0.420678
0.438425
0.454184
0.467033
0.476617
0.483002
0.486584
0.487934
0.487688
0.486437
0.484682
0.482831
0.481267
0.480196
0.479704
0.479784
0.480288
0.480981
0.481595
0.481844
0.481526
0.480504
0.478664
0.475909
0.47214
0.467272
0.461233
0.454083
0.44603
0.437355
0.428364
0.419335
0.410572
0.402409
0.395287
0.389712
0.386171
0.384985
0.386256
0.38986
0.395456
0.402594
0.410814
0.419717
0.429021
0.438523
0.448117
0.457659
0.467006
0.47594
0.484214
0.491508
0.497481
0.501754
0.504054
0.504211
0.502187
0.498099
0.492236
0.484964
0.476717
0.467987
0.459275
0.451074
0.443887
0.438132
0.43417
0.432235
0.432415
0.434627
0.438557
0.44365
0.449125
0.45407
0.45756
0.458736
0.45699
0.45206
0.444045
0.433491
0.421308
0.408685
0.396998
0.387526
0.381314
0.379012
0.380728
0.386101
0.394426
0.404803
0.416347
0.428312
0.440128
0.451462
0.462007
0.471562
0.479989
0.487233
0.493255
0.498122
0.501913
0.504654
0.506253
0.506494
0.505166
0.502168
0.497513
0.491493
0.484566
0.477258
0.470136
0.463716
0.458356
0.454184
0.451114
0.44891
0.447216
0.44563
0.443821
0.441608
0.439101
0.436586
0.434331
0.432394
0.430593
0.428569
0.425975
0.422648
0.418641
0.414196
0.409672
0.40545
0.402
0.399866
0.399594
0.401695
0.406551
0.414306
0.424778
0.437498
0.451759
0.466673
0.48131
0.494772
0.506238
0.515046
0.520697
0.522865
0.521433
0.51648
0.508261
0.497304
0.484416
0.470661
0.457246
0.445302
0.435764
0.429161
0.425563
0.424515
0.425236
0.42682
0.428452
0.429536
0.429805
0.429219
0.427877
0.425895
0.423448
0.420832
0.418432
0.416704
0.416052
0.416717
0.418784
0.422188
0.426782
0.432459
0.439092
0.446555
0.454653
0.463082
0.471428
0.479198
0.485855
0.490898
0.493918
0.494681
0.493178
0.489556
0.484203
0.477615
0.470335
0.462859
0.4556
0.448892
0.442962
0.438023
0.434184
0.431436
0.429689
0.428784
0.428555
0.428846
0.429465
0.430178
0.430685
0.430694
0.430066
0.428816
0.427096
0.425158
0.423232
0.421525
0.420148
0.419164
0.418588
0.418386
0.418522
0.418995
0.419845
0.421203
0.423237
0.426132
0.430144
0.435499
0.442334
0.450597
0.460039
0.470198
0.48045
0.490061
0.498276
0.504442
0.508094
0.508929
0.506821
0.501784
0.493918
0.483526
0.471162
0.457534
0.443571
0.430365
0.419015
0.410492
0.405483
0.404273
0.406713
0.412259
0.420057
0.429084
0.438317
0.44679
0.453753
0.458686
0.461271
0.461451
0.459383
0.455442
0.450234
0.444507
0.439063
0.434641
0.431808
0.430854
0.431792
0.434407
0.438278
0.442916
0.447854
0.452668
0.457079
0.460887
0.464036
0.466554
0.468512
0.470009
0.471106
0.471836
0.472149
0.471895
0.470913
0.469056
0.466158
0.462159
0.457093
0.451099
0.444444
0.437475
0.430671
0.42449
0.419353
0.415565
0.413282
0.412499
0.413018
0.414579
0.416902
0.419744
0.422911
0.426214
0.429489
0.432517
0.435036
0.436811
0.437707
0.437682
0.436865
0.435554
0.434196
0.433306
0.433355
0.43466
0.437331
0.441292
0.446306
0.452079
0.45837
0.464917
0.471551
0.478112
0.484296
0.489755
0.494046
0.496654
0.497068
0.494865
0.489747
0.481587
0.470532
0.457079
0.442073
0.426707
0.412361
0.400376
0.391816
0.387218
0.386512
0.389121
0.394192
0.400868
0.40845
0.416489
0.42473
0.433053
0.441359
0.449519
0.457374
0.464742
0.471446
0.477379
0.482425
0.486475
0.489361
0.49094
0.490993
0.489339
0.485871
0.480622
0.473808
0.465857
0.457459
0.449394
0.442375
0.436912
0.433216
0.431149
0.430371
0.43051
0.431212
0.432185
0.433191
0.434068
0.434723
0.435094
0.435184
0.435035
0.434695
0.434149
0.433298
0.432002
0.430138
0.427663
0.424632
0.421286
0.418025
0.415282
0.413529
0.413195
0.414647
0.418152
0.423854
0.431725
0.441534
0.452824
0.464933
0.477019
0.488148
0.497463
0.504227
0.507865
0.508021
0.504648
0.497959
0.488383
0.476543
0.463192
0.449242
0.435704
0.42364
0.414134
0.40808
0.406034
0.408096
0.413825
0.42227
0.432145
0.442073
0.450813
0.457407
0.461281
0.462304
0.460694
0.456925
0.451625
0.445476
0.43913
0.433171
0.428116
0.424471
0.422732
0.42332
0.426471
0.432146
0.43998
0.449329
0.459302
0.46897
0.477503
0.484211
0.488628
0.490525
0.489878
0.486843
0.48176
0.475011
0.467054
0.458365
0.449442
0.440753
0.432786
0.425918
0.420483
0.416713
0.414711
0.414467
0.415805
0.418434
0.42197
0.426001
0.430088
0.433832
0.436883
0.438969
0.439905
0.439658
0.438339
0.436245
0.433793
0.431485
0.429801
0.42913
0.429731
0.431684
0.434881
0.4391
0.443972
0.449019
0.453751
0.457668
0.460322
0.461414
0.460934
0.459095
0.456362
0.453416
0.450944
0.449595
0.449768
0.451551
0.454752
0.45886
0.463197
0.467064
0.469914
0.471394
0.471374
0.469874
0.467049
0.463115
0.458373
0.453165
0.447868
0.442882
0.438541
0.43509
0.432669
0.431233
0.430622
0.430618
0.430937
0.431347
0.431722
0.432022
0.432253
0.432511
0.432994
0.433931
0.435561
0.438048
0.44143
0.44556
0.450127
0.454685
0.458729
0.461759
0.463385
0.463428
0.461931
0.459158
0.45557
0.451721
0.448212
0.445491
0.443789
0.443075
0.443111
0.443594
0.44421
0.44478
0.445245
0.445577
0.445714
0.445569
0.44499
0.443812
0.441883
0.439153
0.435706
0.431787
0.427814
0.424345
0.421982
0.421234
0.422415
0.425548
0.4303
0.436143
0.442479
0.448748
0.454484
0.459322
0.463078
0.465682
0.467108
0.467355
0.466442
0.464415
0.461317
0.457248
0.452417
0.447134
0.441839
0.43704
0.433283
0.431068
0.430793
0.432673
0.436628
0.442255
0.448885
0.455663
0.461703
0.466263
0.468834
0.469158
0.467264
0.463456
0.458208
0.452145
0.445952
0.440295
0.435683
0.432406
0.430525
0.429853
0.430089
0.430791
0.431543
0.43202
0.432006
0.43141
0.430283
0.42877
0.427121
0.425644
0.424723
0.424802
0.426332
0.429703
0.435085
0.442338
0.450886
0.459861
0.468248
0.475165
0.480011
0.482573
0.482967
0.481576
0.47893
0.475574
0.471987
0.468501
0.465325
0.462526
0.46006
0.457831
0.455692
0.453494
0.451088
0.448327
0.445135
0.44153
0.437618
0.433571
0.429598
0.425908
0.42263
0.41981
0.417443
0.415493
0.413985
0.413045
0.412907
0.413831
0.416047
0.419649
0.424513
0.430346
0.436732
0.443218
0.449415
0.455014
0.45983
0.463803
0.466923
0.469275
0.470947
0.472005
0.472515
0.472515
0.471983
0.470913
0.469298
0.467128
0.464434
0.461306
0.457819
0.454039
0.450038
0.44584
0.441454
0.43692
0.432282
0.427654
0.423182
0.419089
0.415664
0.413154
0.411783
0.411617
0.412578
0.414399
0.41675
0.419293
0.421743
0.423986
0.426051
0.42806
0.430171
0.432547
0.435343
0.438657
0.442543
0.447024
0.452028
0.457439
0.463014
0.468483
0.473562
0.478069
0.481885
0.484946
0.48719
0.488503
0.488742
0.487663
0.485007
0.480614
0.474456
0.466719
0.457829
0.448442
0.439312
0.431216
0.424798
0.420476
0.418375
0.418306
0.419832
0.422306
0.425012
0.427284
0.428605
0.428681
0.427497
0.42529
0.422518
0.419793
0.417769
0.417011
0.417903
0.42055
0.424818
0.430401
0.436948
0.444093
0.451524
0.458932
0.466069
0.472686
0.478529
0.483342
0.486858
0.488848
0.489094
0.487451
0.483878
0.478464
0.471474
0.463391
0.454891
0.446762
0.439836
0.43482
0.432086
0.431591
0.432833
0.435001
0.43722
