1.8195 nan
1.83474 0.015235
1.84532 0.0137591
1.8398 0.0111852
1.84786 0.0118315
1.86128 0.0165353
1.87126 0.0171771
1.87451 0.0152269
1.87917 0.0142116
1.88681 0.0148346
1.89427 0.0153505
1.89756 0.0143938
1.89738 0.0132415
1.89929 0.0124067
1.9008 0.0116484
1.9011 0.0109002
1.90243 0.0103251
1.90254 0.00973529
1.90224 0.00921347
1.90513 0.00920623
1.90641 0.00884958
1.90663 0.00844064
1.90808 0.00819368
1.91148 0.00855134
1.91345 0.00843589
1.91519 0.00828927
1.91759 0.00832851
1.91851 0.00807816
1.92093 0.00816226
1.92293 0.00813512
1.9257 0.00834383
1.92751 0.00827919
1.92812 0.00804714
1.92988 0.00800372
1.93188 0.00802518
1.93244 0.0078188
1.93131 0.00768728
1.93212 0.00752531
1.93245 0.00733717
1.93341 0.00721594
1.93398 0.00706113
1.9344 0.00690331
1.93473 0.00674885
1.93568 0.00666289
1.93702 0.00664787
1.93768 0.00653566
1.93812 0.00641047
1.93864 0.00629646
1.9398 0.00627536
1.94105 0.00627463
1.94268 0.00636266
1.94404 0.00638436
1.94561 0.00645678
1.94697 0.00648149
1.94816 0.0064733
1.94981 0.00656505
1.9513 0.0066203
1.9524 0.00659769
1.95324 0.00653848
1.95404 0.00647848
1.95461 0.00639674
1.9554 0.00634199
1.95566 0.00624592
1.9568 0.00625179
1.95769 0.0062194
1.95796 0.00613041
1.95814 0.006041
1.95815 0.0059515
1.95819 0.00586474
1.95765 0.00580505
1.95671 0.00580053
1.95597 0.00576657
1.95507 0.0057574
1.95408 0.00576544
1.95295 0.00579856
1.95145 0.00591454
1.95002 0.00601053
1.94856 0.00610906
1.94689 0.0062603
1.94532 0.00637813
1.94368 0.0065074
1.94215 0.00660825
1.94029 0.00678617
1.9384 0.00696576
1.93633 0.00718832
1.93441 0.00735861
1.93258 0.00750027
1.93078 0.00763082
1.92907 0.00773507
1.92735 0.00784127
1.92606 0.00786092
1.92489 0.00786244
1.92378 0.0078565
1.92275 0.00784047
1.92161 0.00784047
1.92012 0.00790064
1.91921 0.00787146
1.9184 0.00783281
1.91737 0.00782079
1.91627 0.00782087
