-0.484204 nan
-0.499454 0.0152495
-0.51005 0.0137767
-0.504548 0.0111879
-0.512618 0.0118417
-0.52605 0.0165501
-0.536052 0.0171956
-0.53932 0.015246
-0.543986 0.0142323
-0.551647 0.0148576
-0.559117 0.0153757
-0.562421 0.0144195
-0.562256 0.013265
-0.564177 0.0124302
-0.565702 0.011672
-0.566014 0.0109226
-0.567362 0.0103481
-0.567491 0.00975717
-0.567211 0.00923362
-0.570119 0.00922989
-0.571414 0.00887426
-0.57165 0.00846459
-0.573109 0.00821877
-0.576527 0.00857889
-0.578511 0.00846455
-0.580263 0.00831892
-0.582671 0.00835943
-0.583604 0.00810908
-0.586036 0.00819378
-0.588045 0.00816705
-0.590831 0.00837601
-0.59265 0.00831151
-0.593263 0.00807897
-0.595034 0.00803552
-0.597042 0.00805681
-0.597604 0.00784989
-0.596484 0.0077165
-0.597291 0.00755402
-0.597624 0.00736528
-0.59859 0.00724352
-0.599167 0.00708819
-0.599584 0.0069299
-0.599916 0.00677495
-0.600876 0.00668849
-0.60221 0.0066728
-0.602877 0.00656011
-0.603322 0.00643444
-0.603836 0.00631992
-0.605 0.00629805
-0.606251 0.00629646
-0.607881 0.00638338
-0.609235 0.00640419
-0.610806 0.00647552
-0.61217 0.0064992
-0.61336 0.0064901
-0.614999 0.00658052
-0.616494 0.00663461
-0.617593 0.00661112
-0.618425 0.00655119
-0.619225 0.00649052
-0.619791 0.00640827
-0.620577 0.00635288
-0.620833 0.0062565
-0.621967 0.00626144
-0.622858 0.00622837
-0.623125 0.0061391
-0.623305 0.00604947
-0.623309 0.00595984
-0.623344 0.00587294
-0.622805 0.00581343
-0.621854 0.00580929
-0.621114 0.00577564
-0.620213 0.00576688
-0.619215 0.00577529
-0.618085 0.00580878
-0.616583 0.00592521
-0.615147 0.00602155
-0.613688 0.00612042
-0.612006 0.00627204
-0.610432 0.00639015
-0.608794 0.00651971
-0.607256 0.0066209
-0.605399 0.00679921
-0.603507 0.00697918
-0.601431 0.00720205
-0.59951 0.00737263
-0.597676 0.00751453
-0.595869 0.00764529
-0.59416 0.00774973
-0.592429 0.00785614
-0.591138 0.00787593
-0.589965 0.00787758
-0.58885 0.00787177
-0.587817 0.00785586
-0.586677 0.00785594
-0.585181 0.0079162
-0.584269 0.00788706
-0.583456 0.00784842
-0.582428 0.00783641
-0.581319 0.00783651
