           1     -1.6181     -1.6181           0
           2    -1.53598    -1.57704   0.0410555
           3    -1.60047    -1.58485   0.0249566
           4    -1.59256    -1.58678   0.0177519
           5    -1.56907    -1.58324   0.0141992
           6    -1.59829    -1.58574   0.0118621
           7    -1.50164    -1.57373   0.0156482
           8    -1.65676    -1.58411   0.0170697
           9    -1.56957    -1.58249   0.0151405
          10    -1.59077    -1.58332   0.0135673
          11    -1.50849    -1.57652   0.0140315
          12    -1.62607    -1.58065   0.0134582
          13    -1.51237     -1.5754   0.0134478
          14    -1.58636    -1.57618   0.0124748
          15    -1.59058    -1.57714   0.0116531
          16    -1.63814    -1.58095    0.011548
          17    -1.52532    -1.57768   0.0113303
          18    -1.57162    -1.57734   0.0106876
          19    -1.58994    -1.57801   0.0101312
          20    -1.53644    -1.57593  0.00983344
          21    -1.60168    -1.57715  0.00943349
          22    -1.55908    -1.57633  0.00903193
          23      -1.628    -1.57858  0.00891791
          24    -1.53754    -1.57687  0.00870776
          25    -1.58646    -1.57725  0.00836099
          26    -1.61566    -1.57873  0.00816768
          27    -1.51817    -1.57649   0.0081731
          28    -1.59074      -1.577  0.00789223
          29    -1.62712    -1.57872  0.00780891
          30    -1.51912    -1.57674  0.00780135
          31    -1.56468    -1.57635  0.00755552
          32    -1.58821    -1.57672  0.00732499
          33    -1.58459    -1.57696  0.00710355
          34     -1.5697    -1.57674  0.00689475
          35    -1.59798    -1.57735  0.00672229
          36    -1.58727    -1.57763   0.0065387
          37    -1.58857    -1.57792  0.00636639
          38     -1.5279    -1.57661  0.00633485
          39    -1.53568    -1.57556  0.00625887
          40    -1.57327     -1.5755  0.00610066
          41    -1.66653    -1.57772  0.00635079
          42    -1.52466    -1.57646  0.00632517
          43    -1.59501    -1.57689  0.00619137
          44    -1.55387    -1.57636   0.0060716
          45    -1.59554    -1.57679  0.00595042
          46    -1.58066    -1.57687  0.00582024
          47    -1.55379    -1.57638  0.00571619
          48    -1.54142    -1.57566  0.00564306
          49    -1.63119    -1.57679  0.00564172
          50    -1.56106    -1.57647  0.00553668
