           1     2.70555     2.70555           0
           2     2.87425      2.7899   0.0843471
           3      2.9087      2.8295   0.0627657
           4     2.76015     2.81216   0.0476487
           5       2.845     2.81873   0.0374884
           6     2.81026     2.81732   0.0306417
           7     2.84889     2.82183   0.0262867
           8     2.75359      2.8133   0.0243107
           9     2.85691     2.81814   0.0219809
          10     2.81068      2.8174   0.0196745
          11     2.95159      2.8296   0.0215762
          12     2.69478     2.81836    0.022675
          13     2.89813      2.8245   0.0217419
          14     2.84168     2.82573   0.0201665
          15     2.73878     2.81993   0.0196484
          16     2.84289     2.82136   0.0184353
          17     2.92159     2.82726    0.018293
          18     2.82369     2.82706   0.0172479
          19      2.7538     2.82321   0.0167643
          20     2.85305      2.8247   0.0159739
          21     2.79584     2.82332   0.0152562
          22     2.90063     2.82684   0.0149647
          23     2.79552     2.82548   0.0143639
          24     2.88714     2.82805   0.0139903
          25     2.84932      2.8289    0.013446
          26     2.84151     2.82938   0.0129276
          27     2.97488     2.83477   0.0135567
          28     2.79635      2.8334   0.0131354
          29     2.74462     2.83034   0.0130389
          30     2.89056     2.83234   0.0127557
          31      2.8234     2.83206   0.0123407
          32     2.81245     2.83144   0.0119645
          33     2.82083     2.83112   0.0116008
          34     2.82711       2.831    0.011255
          35     2.84189     2.83131   0.0109331
          36     2.83928     2.83154   0.0106274
          37     2.76004      2.8296   0.0105152
          38     2.89354     2.83129   0.0103722
          39     2.84921     2.83175   0.0101132
          40     2.84699     2.83213  0.00986445
          41     2.74406     2.82998  0.00985774
          42     2.89826      2.8316  0.00975656
          43     2.81308     2.83117   0.0095367
          44     2.86491     2.83194  0.00934892
          45     2.82211     2.83172  0.00914142
          46     2.88953     2.83298  0.00902839
          47     2.94092     2.83528  0.00912786
          48      2.8955     2.83653  0.00902333
          49     2.77887     2.83535  0.00891526
          50     2.82624     2.83517  0.00873703
