           1    -4.32365    -4.32365           0
           2    -4.41023    -4.36694   0.0432915
           3    -4.50916    -4.41435   0.0535929
           4    -4.35271    -4.39894   0.0409097
           5    -4.41407    -4.40197   0.0318328
           6    -4.40855    -4.40306   0.0260145
           7    -4.35053    -4.39556   0.0232319
           8    -4.41035    -4.39741   0.0202042
           9    -4.42648    -4.40064   0.0181089
          10    -4.40145    -4.40072   0.0161973
          11    -4.46008    -4.40611   0.0156133
          12    -4.32086    -4.39901   0.0159256
          13     -4.4105    -4.39989    0.014676
          14    -4.42804     -4.4019   0.0137353
          15    -4.32936    -4.39707   0.0136709
          16    -4.48103    -4.40232   0.0138227
          17    -4.44691    -4.40494   0.0132464
          18    -4.39531     -4.4044   0.0125003
          19    -4.34375    -4.40121   0.0122475
          20    -4.38949    -4.40063   0.0116338
          21    -4.39752    -4.40048   0.0110669
          22    -4.45971    -4.40317     0.01089
          23    -4.42352    -4.40405   0.0104433
          24    -4.42468    -4.40491   0.0100356
          25    -4.43579    -4.40615  0.00970465
          26    -4.45717    -4.40811  0.00952823
          27    -4.49306    -4.41126  0.00969329
          28    -4.38709    -4.41039  0.00938049
          29    -4.37174    -4.40906  0.00914886
          30    -4.40968    -4.40908  0.00883866
          31    -4.38808     -4.4084   0.0085756
          32    -4.40066    -4.40816  0.00830681
          33    -4.40542    -4.40808  0.00805158
          34    -4.39681    -4.40775  0.00781821
          35    -4.43986    -4.40867   0.0076468
          36    -4.42655    -4.40916  0.00744795
          37    -4.34861    -4.40753  0.00742643
          38    -4.42144    -4.40789  0.00723763
          39    -4.38489     -4.4073  0.00707424
          40    -4.42026    -4.40763  0.00690272
          41    -4.41059     -4.4077  0.00673264
          42    -4.42292    -4.40806  0.00658037
          43    -4.40808    -4.40806  0.00642552
          44    -4.41878    -4.40831  0.00628251
          45    -4.41765    -4.40851  0.00614482
          46     -4.4702    -4.40985  0.00615755
          47    -4.49471    -4.41166  0.00628983
          48    -4.43692    -4.41219  0.00617984
          49    -4.41007    -4.41214  0.00605256
          50     -4.3873    -4.41165  0.00595105
