           1      1.8037      1.8037           0
           2     1.91617     1.85993   0.0562314
           3     1.93913     1.88633   0.0418438
           4      1.8401     1.87477   0.0317658
           5     1.89667     1.87915   0.0249923
           6     1.87351     1.87821   0.0204278
           7     1.89926     1.88122   0.0175245
           8     1.83572     1.87553   0.0162072
           9     1.90461     1.87876   0.0146539
          10     1.87379     1.87827   0.0131163
          11     1.96773      1.8864   0.0143841
          12     1.79652     1.87891   0.0151167
          13     1.93209       1.883   0.0144946
          14     1.89446     1.88382   0.0134443
          15     1.82585     1.87995    0.013099
          16     1.89526     1.88091   0.0122902
          17     1.94772     1.88484   0.0121953
          18     1.88246     1.88471   0.0114986
          19     1.83587     1.88214   0.0111762
          20     1.90204     1.88313   0.0106493
          21     1.86389     1.88222   0.0101708
          22     1.93376     1.88456  0.00997646
          23     1.86368     1.88365  0.00957597
          24     1.92476     1.88536   0.0093269
          25     1.89955     1.88593  0.00896402
          26     1.89434     1.88625  0.00861843
          27     1.98325     1.88985   0.0090378
          28     1.86423     1.88893  0.00875696
          29     1.82975     1.88689  0.00869258
          30     1.92704     1.88823  0.00850378
          31     1.88227     1.88804  0.00822714
          32     1.87496     1.88763  0.00797636
          33     1.88056     1.88741  0.00773385
          34     1.88474     1.88734  0.00750335
          35     1.89459     1.88754  0.00728876
          36     1.89286     1.88769  0.00708494
          37     1.84003      1.8864  0.00701016
          38     1.92903     1.88752  0.00691478
          39     1.89947     1.88783  0.00674211
          40       1.898     1.88808   0.0065763
          41     1.82937     1.88665  0.00657182
          42     1.93217     1.88774  0.00650437
          43     1.87538     1.88745   0.0063578
          44     1.90994     1.88796  0.00623262
          45     1.88141     1.88781  0.00609428
          46     1.92636     1.88865  0.00601892
          47     1.96061     1.89018  0.00608524
          48     1.93033     1.89102  0.00601555
          49     1.85258     1.89024   0.0059435
          50     1.88416     1.89011  0.00582469
