-4.79257 nan
-4.56605 0.226521
-4.52051 0.675979
-4.46155 0.468999
-4.48943 0.385567
-4.4926 0.309932
-4.48293 0.258324
-4.49501 0.230122
-4.47116 0.19398
-4.47212 0.179719
-4.48422 0.166466
-4.49946 0.154275
-4.49788 0.137672
-4.49494 0.126955
-4.48789 0.11701
-4.49426 0.113376
-4.49285 0.104415
-4.48868 0.0976437
-4.47867 0.0910145
-4.48203 0.090031
-4.4802 0.0842069
-4.48258 0.0815505
-4.47884 0.0762839
-4.47482 0.072962
-4.47569 0.07136
-4.47766 0.0689461
-4.47337 0.0646552
-4.47179 0.0630491
-4.4725 0.0614801
-4.47343 0.0594621
-4.47261 0.0570398
-4.47223 0.0553606
-4.47199 0.0536687
-4.47462 0.0529503
-4.47744 0.0515965
-4.48294 0.0512338
-4.48259 0.0482688
-4.48213 0.0469712
-4.47892 0.0450538
-4.4774 0.0443764
-4.47375 0.0428156
-4.47292 0.0425429
-4.4745 0.0422478
-4.47195 0.0401942
-4.47617 0.0413907
-4.47447 0.0388895
-4.47525 0.0387625
-4.47809 0.0386358
-4.47759 0.0369467
-4.48127 0.0375356
-4.48299 0.0363299
-4.48149 0.0347728
-4.48057 0.0342749
-4.48056 0.0338713
-4.48068 0.0332874
-4.47984 0.0324322
-4.48005 0.0321497
-4.47798 0.0310254
-4.47837 0.0311607
-4.47889 0.0306743
-4.47807 0.0298116
-4.47983 0.030077
-4.47899 0.028912
-4.47976 0.0289053
-4.48195 0.0289287
-4.48293 0.0282064
-4.48159 0.0271866
-4.48165 0.0271681
-4.48124 0.0266417
-4.48076 0.0262452
-4.47981 0.0257502
-4.47974 0.0256102
-4.47904 0.0250881
-4.4782 0.0247182
-4.47859 0.0247263
-4.47642 0.0237866
-4.47853 0.0247279
-4.47918 0.0240407
-4.48047 0.0239447
-4.48021 0.0232315
-4.48136 0.0233472
-4.48307 0.0232805
-4.48356 0.0226816
-4.48384 0.0223741
-4.48505 0.0223943
-4.48386 0.0215195
-4.48412 0.0216511
-4.48234 0.020934
-4.48046 0.0207441
-4.48047 0.0210179
-4.48 0.0206684
-4.4799 0.0205381
-4.4793 0.0201879
-4.48017 0.0203792
-4.47926 0.0197203
-4.47894 0.0196622
-4.47821 0.0193557
-4.4777 0.0192213
-4.4761 0.0187938
-4.4755 0.00959878
