2.99231 nan
2.76483 0.227476
2.71876 0.139179
2.65975 0.114749
2.68798 0.093259
2.6915 0.0762269
2.68217 0.0650964
2.6945 0.0577077
2.67106 0.0560322
2.67206 0.0501268
2.68426 0.0469546
2.69967 0.0455483
2.69845 0.0419161
2.69563 0.0389096
2.6886 0.0368981
2.69496 0.035096
2.6935 0.032999
2.68925 0.031401
2.6792 0.0313586
2.68229 0.0299094
2.68016 0.028529
2.68239 0.0272931
2.67856 0.0263595
2.67443 0.0255736
2.67528 0.0245441
2.67729 0.0236671
2.67293 0.0231879
2.67134 0.0224013
2.67204 0.0216265
2.67291 0.0209111
2.67207 0.0202425
2.67174 0.0196026
2.67146 0.0190013
2.67404 0.0186131
2.67683 0.018288
2.68228 0.0185893
2.68191 0.0180835
2.68153 0.0176055
2.67836 0.0174379
2.67686 0.0170626
2.6733 0.0170179
2.6725 0.0166268
2.67413 0.0163162
2.6716 0.0161395
2.67586 0.0163413
2.67412 0.0160768
2.67493 0.0157519
2.67781 0.0156869
2.67736 0.0153701
2.68108 0.0155133
2.68282 0.0153052
2.68132 0.0150827
2.68042 0.0148228
2.6804 0.0145457
2.68051 0.0142793
2.67967 0.0140473
2.6799 0.0138005
2.67786 0.0137129
2.67827 0.0134845
2.67877 0.0132676
2.67795 0.0130745
2.67967 0.0129775
2.67882 0.0127982
2.67958 0.0126195
2.68175 0.0126107
2.68275 0.0124584
2.68144 0.0123407
2.68156 0.0121584
2.68119 0.0119865
2.68077 0.0118215
2.67985 0.0116897
2.67976 0.0115266
2.67902 0.0113915
2.67815 0.0112704
2.67852 0.0111254
2.67632 0.0111964
2.67843 0.011249
2.67908 0.0111226
2.68036 0.0110554
2.68008 0.01092
2.68119 0.010842
2.68287 0.0108395
2.6833 0.0107167
2.68358 0.0105921
2.6848 0.0105372
2.68359 0.0104837
2.68381 0.0103648
2.68202 0.0104018
2.68013 0.0104566
2.68015 0.0103398
2.67971 0.0102349
2.67963 0.0101233
2.67905 0.0100307
2.67994 0.00996324
2.67907 0.00989597
2.67877 0.00979715
2.67803 0.00972348
2.67753 0.00963708
2.67592 0.00967389
2.67531 0.00959608
