-1.80027 nan
-1.80122 0.000957
-1.80175 0.000765395
-1.8018 0.00054307
-1.80145 0.000545375
-1.8011 0.000564165
-1.80077 0.000583548
-1.80052 0.000563578
-1.80011 0.000645312
-1.80006 0.000579265
-1.79996 0.000533076
-1.79979 0.000514633
-1.79943 0.00059384
-1.79931 0.000562316
-1.7993 0.00052383
-1.7993 0.000490003
-1.79935 0.000463137
-1.79943 0.000443513
-1.79947 0.000421615
-1.79975 0.000487397
-1.80004 0.000550552
-1.80019 0.000545014
-1.80027 0.000527374
-1.80039 0.000518162
-1.80041 0.000497309
-1.80036 0.000479916
-1.80043 0.000467352
-1.80045 0.000450665
-1.80046 0.000434934
-1.80053 0.000425755
-1.80054 0.000411916
-1.8005 0.000401197
-1.80053 0.000390109
-1.80058 0.000382426
-1.80061 0.000372425
-1.80066 0.000366058
-1.80067 0.000356109
-1.80061 0.000352965
-1.80056 0.000347316
-1.80054 0.000339038
-1.80046 0.000340655
-1.80041 0.00033536
-1.80037 0.00032977
-1.80035 0.000323176
-1.80031 0.00031766
-1.80035 0.000312716
-1.80033 0.00030691
-1.80028 0.000303548
-1.80023 0.000301798
-1.80019 0.000298399
-1.80017 0.000293008
-1.80017 0.000287319
-1.80016 0.000282366
-1.80016 0.000277235
-1.80016 0.000272165
-1.80016 0.000267272
-1.80014 0.000263301
-1.80011 0.000260396
-1.80011 0.000256108
-1.80011 0.000251912
-1.80013 0.000248254
-1.80016 0.000245907
-1.80016 0.000242065
-1.80018 0.000238905
-1.8002 0.000235944
-1.80018 0.000232942
-1.80015 0.000231759
-1.80009 0.000236115
-1.80005 0.000235837
-1.8 0.000239281
-1.79996 0.000238342
-1.79998 0.000235852
-1.80002 0.000235235
-1.80005 0.000234331
-1.80006 0.000231662
-1.8001 0.00023069
-1.8001 0.00022768
-1.80011 0.000225047
-1.80012 0.000222385
-1.80014 0.000220299
-1.80017 0.000219799
-1.8002 0.000220352
-1.80026 0.000223615
-1.80026 0.000221046
-1.80026 0.000218542
-1.80027 0.000216283
-1.80031 0.000217996
-1.80032 0.000215837
-1.80034 0.000214029
-1.80033 0.000211902
-1.80029 0.00021263
-1.80026 0.000212114
-1.80025 0.000210368
-1.80022 0.000209689
-1.80019 0.000210837
-1.80018 0.000208793
-1.80018 0.000206631
-1.80018 0.000204511
-1.80019 0.000202623
-1.80019 0.000200637
