1.86144 nan
1.81645 0.044989
1.76369 0.0588024
1.76176 0.0416246
1.79081 0.0434013
1.82562 0.0496702
1.84558 0.0464849
1.86052 0.0429403
1.87058 0.0391816
1.87954 0.0361738
1.88014 0.032726
1.88701 0.0306548
1.88833 0.0282291
1.89781 0.027802
1.90173 0.0261768
1.90169 0.0244862
1.89474 0.0240286
1.8961 0.0226955
1.89531 0.0214822
1.89709 0.0204566
1.89436 0.0196478
1.89185 0.0189015
1.88582 0.0190415
1.88106 0.0188414
1.88087 0.018073
1.87533 0.0182254
1.87165 0.0179206
1.87269 0.0173
1.87333 0.016705
1.8742 0.0161624
1.87714 0.0159063
1.87746 0.0154046
1.8785 0.0149662
1.87791 0.0145314
1.88003 0.0142692
1.88277 0.0141341
1.88124 0.013831
1.88184 0.0134752
1.88132 0.0131356
1.88155 0.0128052
1.88447 0.0128254
1.88283 0.0126228
1.88024 0.0125953
1.8819 0.0124171
1.88121 0.0121579
1.88095 0.0118934
1.88085 0.011638
1.87899 0.0115435
1.88166 0.011616
1.88243 0.0114071
1.88163 0.0112097
1.88144 0.0109936
1.88168 0.0107866
1.88212 0.0105942
1.88153 0.0104162
1.87975 0.0103831
1.88064 0.0102379
1.88236 0.0102066
1.88414 0.0101881
1.88562 0.0101265
1.88654 0.0100015
1.88622 0.00984419
1.88524 0.00973603
1.88609 0.00962024
1.88521 0.00951187
1.8842 0.0094207
1.88346 0.00930844
1.88216 0.0092623
1.88244 0.00913147
1.88412 0.00915572
1.88498 0.0090661
1.88605 0.00900302
1.88663 0.00889825
1.88688 0.00878057
1.88698 0.00866336
1.88787 0.00859444
1.8881 0.00848519
1.88827 0.00837738
1.88779 0.00828462
1.88744 0.00818761
1.88648 0.00814263
1.88683 0.0080503
1.88733 0.00796804
1.88803 0.007904
1.88702 0.0078749
1.88862 0.00794412
1.88897 0.00785998
1.88989 0.00782547
1.8891 0.00777723
1.88926 0.00769184
1.88772 0.00776151
1.88865 0.00773379
1.88802 0.00767641
1.88832 0.00760014
1.88808 0.0075235
1.88777 0.00745115
1.88688 0.0074277
1.88618 0.00738458
1.88539 0.00735148
1.88487 0.0072967
