-4.45776
-4.45879
-4.44523
-4.41848
-4.38862
-4.36607
-4.35348
-4.35224
-4.35135
-4.34323
-4.3218
-4.29753
-4.27766
-4.26665
-4.26265
-4.26059
-4.25516
-4.24148
-4.21969
-4.19399
-4.1682
-4.13598
-4.09487
-4.04959
-4.01764
-4.00932
-4.03079
-4.08161
-4.14128
-4.18577
-4.20691
-4.21496
-4.21961
-4.22998
-4.2458
-4.25614
-4.25813
-4.25206
-4.24791
-4.25787
-4.28839
-4.33292
-4.37804
-4.42166
-4.46396
-4.50466
-4.5391
-4.56102
-4.57197
-4.57942
-4.58752
-4.59451
-4.59758
-4.59801
-4.59582
-4.59748
-4.60656
-4.6135
-4.61145
-4.59369
-4.56394
-4.5362
-4.52391
-4.52974
-4.54054
-4.54955
-4.54981
-4.54894
-4.55561
-4.57204
-4.59539
-4.61578
-4.62639
-4.61699
-4.58879
-4.54837
-4.50795
-4.47538
-4.45472
-4.44483
-4.43879
-4.43863
-4.45477
-4.49177
-4.53928
-4.57549
-4.58888
-4.58383
-4.57568
-4.57485
-4.5738
-4.56299
-4.53371
-4.50197
-4.48774
-4.50293
-4.53463
-4.56132
-4.574
-4.57458
-4.56616
-4.54505
-4.50867
-4.46155
-4.41115
-4.36458
-4.33285
-4.33048
-4.36498
-4.42571
-4.49098
-4.54271
-4.57304
-4.58147
-4.57101
-4.55365
-4.53772
-4.53153
-4.53058
-4.52937
-4.51917
-4.49463
-4.46222
-4.42961
-4.40592
-4.39736
-4.4081
-4.44072
-4.48906
-4.5434
-4.58896
-4.62035
-4.63668
-4.64159
-4.64075
-4.64064
-4.64435
-4.64803
-4.64822
-4.64267
-4.63213
-4.61661
-4.59724
-4.57692
-4.55331
-4.52636
-4.49677
-4.47174
-4.4569
-4.45494
-4.46284
-4.47222
-4.47602
-4.47178
-4.46178
-4.44893
-4.44039
-4.43978
-4.44462
-4.44837
-4.44312
-4.42176
-4.38544
-4.33708
-4.2815
-4.22689
-4.17931
-4.15026
-4.15521
-4.19527
-4.25765
-4.32498
-4.38313
-4.43126
-4.4728
-4.51449
-4.55627
-4.59455
-4.62354
-4.63531
-4.6286
-4.59948
-4.55102
-4.49441
-4.43446
-4.3778
-4.32867
-4.29107
-4.26982
-4.26957
-4.29397
-4.34318
-4.41123
-4.48451
-4.54816
-4.59103
-4.60883
-4.60172
-4.5743
-4.53438
-4.48887
-4.44733
-4.41534
-4.3893
-4.36397
-4.33171
-4.29155
-4.26722
-4.28847
-4.34954
-4.41172
-4.44832
-4.45327
-4.43259
-4.39406
-4.35187
-4.31459
-4.28464
-4.25871
-4.23208
-4.20573
-4.18253
-4.16881
-4.16754
-4.1808
-4.20566
-4.23841
-4.27327
-4.30726
-4.33624
-4.35495
-4.35798
-4.34006
-4.30159
-4.2513
-4.20249
-4.1701
-4.16478
-4.18552
-4.22707
-4.28171
-4.33893
-4.39134
-4.43396
-4.46188
-4.47688
-4.47738
-4.46031
-4.42432
-4.37067
-4.30873
-4.24283
-4.18233
-4.13719
-4.11969
-4.13141
-4.16598
-4.20884
-4.24752
-4.27527
-4.28907
-4.28777
-4.26968
-4.24303
-4.21941
-4.20846
-4.21735
-4.24529
-4.28965
-4.34472
-4.40309
-4.45317
-4.48782
-4.49896
-4.48693
-4.45995
-4.43422
-4.42164
-4.42399
-4.43803
-4.4541
-4.46937
-4.47572
-4.47292
-4.46108
-4.44317
-4.42486
-4.40886
-4.39355
-4.36991
-4.33763
-4.31327
-4.32537
-4.37869
-4.44905
-4.50957
-4.54707
-4.56084
-4.55278
-4.53079
-4.50568
-4.48903
-4.48534
-4.49852
-4.52217
-4.5529
-4.58489
-4.6117
-4.62507
-4.6216
-4.59583
-4.55226
-4.49801
-4.44484
-4.40127
-4.36743
-4.34327
-4.34175
-4.36733
-4.41582
-4.46439
-4.49818
-4.51537
-4.51872
-4.51234
-4.49996
-4.47675
-4.44774
-4.41083
-4.37474
-4.34652
-4.33113
-4.33281
-4.34668
-4.36926
-4.39411
-4.41795
-4.43785
-4.45676
-4.47621
-4.49767
-4.51924
-4.53523
-4.54221
-4.54081
-4.53105
-4.5245
-4.52679
-4.54296
-4.56263
-4.57846
-4.58506
-4.57876
-4.56948
-4.5618
-4.56023
-4.56392
-4.56714
-4.56983
-4.56731
-4.56016
-4.54286
-4.51171
-4.46264
-4.39297
-4.31079
-4.22791
-4.15786
-4.11467
-4.11158
-4.1519
-4.23064
-4.33474
-4.4423
-4.53131
-4.59137
-4.6166
-4.60633
-4.55994
-4.4858
-4.39767
-4.32027
-4.27854
-4.28523
-4.33341
-4.40082
-4.45875
-4.48993
-4.49302
-4.47536
-4.44872
-4.41792
-4.38268
-4.35108
-4.34279
-4.36907
-4.42239
-4.49011
-4.56013
-4.62666
-4.68663
-4.73363
-4.75843
-4.75345
-4.71716
-4.65208
-4.56573
-4.47012
-4.38443
-4.32479
-4.29706
-4.29451
-4.30515
-4.31902
-4.33262
-4.34491
-4.35576
-4.35632
-4.34048
-4.30711
-4.2639
-4.22229
-4.19455
-4.18599
-4.19651
-4.22235
-4.25717
-4.29779
-4.34509
-4.40283
-4.46388
-4.52064
-4.56388
-4.58751
-4.59059
-4.5756
-4.55047
-4.51829
-4.48477
-4.45089
-4.42027
-4.38796
-4.35808
-4.3379
-4.33193
-4.34323
-4.36702
-4.39343
-4.41444
-4.42153
-4.41265
-4.39248
-4.37333
-4.36385
-4.3718
-4.39064
-4.41231
-4.43089
-4.44046
-4.44328
-4.44522
-4.45049
-4.46078
-4.46936
-4.46821
-4.45236
-4.42138
-4.37929
-4.32954
-4.27734
-4.2316
-4.20263
-4.19876
-4.21391
-4.23941
-4.27024
-4.30742
-4.35178
-4.40373
-4.46294
-4.53246
-4.60257
-4.65732
-4.68867
-4.69384
-4.6744
-4.63874
-4.59388
-4.55158
-4.51991
-4.50284
-4.49412
-4.48664
-4.47839
-4.47163
-4.46774
-4.46775
-4.47172
-4.47575
-4.47808
-4.4758
-4.46669
-4.44304
-4.40453
-4.35616
-4.31337
-4.28676
-4.28101
-4.28533
-4.2924
-4.29434
-4.29358
-4.29726
-4.31756
-4.36011
-4.41931
-4.4768
-4.51796
-4.53623
-4.52785
-4.50128
-4.45874
-4.41561
-4.38206
-4.36949
-4.38192
-4.41402
-4.45313
-4.48889
-4.51535
-4.53027
-4.5386
-4.53806
-4.52613
-4.50206
-4.45931
-4.40773
-4.36697
-4.35567
-4.36753
-4.38045
-4.38222
-4.36885
-4.34851
-4.33503
-4.34257
-4.36786
-4.39732
-4.41701
-4.41957
-4.40587
-4.3795
-4.3392
-4.28973
-4.23923
-4.20017
-4.18274
-4.19469
-4.23036
-4.27823
-4.32954
-4.37743
-4.42034
-4.4593
-4.49515
-4.52993
-4.56387
-4.59267
-4.61292
-4.61612
-4.59986
-4.57108
-4.54094
-4.51782
-4.51339
-4.52863
-4.55948
-4.59651
-4.63101
-4.65164
-4.65543
-4.64425
-4.62331
-4.60113
-4.58144
-4.56911
-4.55808
-4.54479
-4.52764
-4.5097
-4.49475
-4.48914
-4.49437
-4.51431
-4.54371
-4.57884
-4.61047
-4.63126
-4.6312
-4.60783
-4.56361
-4.51178
-4.47275
-4.45644
-4.46559
-4.48886
-4.51393
-4.53373
-4.54638
-4.55015
-4.54512
-4.52763
-4.49423
-4.44877
-4.3943
-4.34351
-4.31216
-4.30417
-4.30518
-4.29748
-4.27096
-4.22991
-4.19154
-4.18142
-4.22011
-4.30481
-4.40252
-4.48256
-4.5325
-4.55655
-4.56301
-4.55925
-4.54925
-4.54166
-4.53929
-4.53386
-4.51381
-4.47629
-4.43029
-4.38693
-4.35896
-4.34737
-4.34607
-4.34883
-4.35008
-4.34634
-4.34061
-4.33509
-4.33439
-4.3457
-4.3678
-4.39218
-4.40862
-4.40877
-4.38973
-4.35435
-4.30831
-4.26225
-4.22387
-4.19842
-4.18839
-4.19438
-4.21857
-4.26463
-4.328
-4.39677
-4.4573
-4.49522
-4.50311
-4.47961
-4.43196
-4.37217
-4.30869
-4.25622
-4.22479
-4.21903
-4.23449
-4.26024
-4.28917
-4.31679
-4.34288
-4.36777
-4.39727
-4.42809
-4.45808
-4.48327
-4.50129
-4.51196
-4.51858
-4.52393
-4.52982
-4.5389
-4.55774
-4.58553
-4.62031
-4.64867
-4.66366
-4.65843
-4.63292
-4.58949
-4.53683
-4.48596
-4.44995
-4.43561
-4.44969
-4.48479
-4.52818
-4.57334
-4.60847
-4.63091
-4.63683
-4.62642
-4.6006
-4.56718
-4.53028
-4.49859
-4.48275
-4.48189
-4.49422
-4.514
-4.53238
-4.54187
-4.5363
-4.51242
-4.47897
-4.45015
-4.43975
-4.45132
-4.47923
-4.50459
-4.51931
-4.51966
-4.51084
-4.49368
-4.47041
-4.44412
-4.41854
-4.39999
-4.39634
-4.40752
-4.42695
-4.44563
-4.45833
-4.46587
-4.4659
-4.45983
-4.44611
-4.42966
-4.41654
-4.41109
-4.41677
-4.42877
-4.44648
-4.4741
-4.51453
-4.56058
-4.60456
-4.63119
-4.63571
-4.62165
-4.59022
-4.54841
-4.5009
-4.45939
-4.43067
-4.41683
-4.41229
-4.41061
-4.40957
-4.40526
-4.40168
-4.39983
-4.39995
-4.40888
-4.4299
-4.45866
-4.48749
-4.51028
-4.5191
-4.50991
-4.48616
-4.45
-4.41012
-4.3711
-4.33541
-4.30992
-4.30287
-4.3211
-4.36114
-4.41132
-4.45874
-4.4918
-4.50247
-4.48738
-4.4464
-4.38702
-4.32665
-4.28171
-4.26153
-4.26671
-4.28673
-4.3069
-4.3163
-4.31381
-4.30115
-4.28755
-4.28338
-4.30237
-4.34752
-4.4107
-4.47674
-4.52908
-4.55837
-4.5604
-4.53681
-4.49575
-4.44628
-4.39737
-4.36116
-4.34867
-4.36169
-4.39286
-4.42456
-4.44768
-4.46434
-4.48386
-4.5138
-4.55621
-4.60192
-4.64148
-4.66638
-4.67086
-4.6526
-4.61215
-4.56121
-4.50249
-4.44478
-4.39397
-4.34725
-4.30983
-4.27684
-4.253
-4.23871
-4.23759
-4.25149
-4.27957
-4.31598
-4.35324
-4.38747
-4.41933
-4.45451
-4.4968
-4.54741
-4.60345
-4.65724
-4.7009
-4.72934
-4.73688
-4.72447
-4.69288
-4.64772
-4.59422
-4.54044
-4.49153
-4.44694
-4.41385
-4.3938
-4.39177
-4.40785
-4.44045
-4.48079
-4.51871
-4.54849
-4.56878
-4.58119
-4.58665
-4.58731
-4.57942
-4.55978
-4.52868
-4.48787
-4.43879
-4.38727
-4.33483
-4.28777
-4.25433
-4.23809
-4.24515
-4.2778
-4.32965
-4.38981
-4.44784
-4.49569
-4.5315
-4.54697
-4.54148
-4.5097
-4.4499
-4.3649
-4.26525
-4.16829
-4.09461
-4.06522
-4.07846
-4.125
-4.18753
-4.25947
-4.34038
-4.42477
-4.50361
-4.5651
-4.60507
-4.62334
-4.62528
-4.61735
-4.5982
-4.56957
-4.52936
-4.48037
-4.4261
-4.37535
-4.3331
-4.30499
-4.29081
-4.29354
-4.31072
-4.34151
-4.37831
-4.41373
-4.44278
-4.4633
-4.47703
-4.48724
-4.49676
-4.49939
-4.49652
-4.48708
-4.47406
-4.45671
-4.44065
-4.42421
-4.40826
-4.38734
-4.36541
-4.3541
-4.36159
-4.38917
-4.42183
-4.44071
-4.43697
-4.41207
-4.3717
-4.33395
-4.31914
-4.33682
-4.37608
-4.41578
-4.43869
-4.43943
-4.42488
-4.40133
-4.37423
-4.34444
-4.317
-4.29109
-4.27054
-4.25828
-4.2523
-4.24942
-4.2419
-4.23082
-4.22933
-4.25026
-4.29129
-4.34068
-4.37951
-4.40108
-4.40192
-4.38441
-4.35467
-4.31654
-4.27783
-4.24838
-4.23395
-4.24046
-4.26848
-4.31196
-4.3619
-4.40911
-4.43888
-4.44436
-4.42412
-4.38679
-4.34971
-4.32528
-4.316
-4.31303
-4.31087
-4.30355
-4.29793
