2.88617
2.94076
3.00284
3.05945
3.09573
3.09978
3.06794
3.00608
2.92583
2.8385
2.75229
2.67384
2.60905
2.5597
2.52038
2.48291
2.44667
2.42366
2.43061
2.47445
2.54538
2.62262
2.68498
2.7189
2.72159
2.69866
2.65749
2.60252
2.5384
2.47567
2.4294
2.41049
2.4179
2.44065
2.46691
2.49001
2.50878
2.52644
2.5497
2.58706
2.64453
2.71911
2.79576
2.85461
2.88278
2.87973
2.85459
2.82047
2.78919
2.76823
2.75967
2.75952
2.75965
2.75299
2.73692
2.7125
2.68357
2.65647
2.63799
2.63169
2.63578
2.64446
2.65077
2.64925
2.63728
2.61625
2.59381
2.58399
2.60103
2.6489
2.71611
2.78272
2.83197
2.85635
2.8566
2.83782
2.80526
2.76179
2.70902
2.65041
2.59103
2.53374
2.47957
2.43283
2.40207
2.39542
2.41626
2.46199
2.52557
2.59683
2.66291
2.71051
2.73037
2.72078
2.68881
2.64997
2.62525
2.63132
2.66881
2.72246
2.77338
2.80961
2.82798
2.83101
2.82364
2.81136
2.79938
2.79209
2.79258
2.80184
2.81816
2.83794
2.85742
2.87393
2.88582
2.89198
2.89205
2.88711
2.879
2.86805
2.85108
2.82267
2.7791
2.72263
2.66302
2.61429
2.5874
2.58386
2.59663
2.61747
2.64045
2.65936
2.66863
2.66891
2.66636
2.66463
2.66253
2.6584
2.65264
2.64688
2.64191
2.63519
2.62143
2.59766
2.56776
2.542
2.53229
2.54617
2.5831
2.63472
2.68887
2.73404
2.76287
2.77595
2.78426
2.80189
2.82918
2.85037
2.85024
2.82585
2.78538
2.74158
2.70514
2.68067
2.6664
2.65702
2.64686
2.63149
2.6085
2.57954
2.55412
2.54862
2.57388
2.62173
2.66947
2.69627
2.69261
2.65999
2.60706
2.54595
2.4892
2.44681
2.42418
2.42201
2.43762
2.46645
2.5042
2.54818
2.59657
2.64659
2.69434
2.73589
2.76811
2.78877
2.79623
2.78936
2.76787
2.73326
2.6899
2.64615
2.61343
2.60071
2.60734
2.62306
2.63705
2.64563
2.65152
2.65806
2.66568
2.67342
2.68166
2.69148
2.7025
2.71346
2.72485
2.73853
2.75376
2.76503
2.76604
2.75629
2.74119
2.72319
2.69744
2.65842
2.60727
2.55308
2.50955
2.48686
2.48245
2.48307
2.47781
2.4676
2.46487
2.48448
2.53064
2.59189
2.65029
2.6929
2.71512
2.71802
2.70555
2.68377
2.66071
2.6453
2.64459
2.66089
2.69071
2.7262
2.75854
2.78085
2.7896
2.78427
2.7668
2.74132
2.71439
2.69393
2.68591
2.69017
2.70054
2.70961
2.71282
2.70791
2.6919
2.66039
2.61069
2.54565
2.47503
2.4148
2.38324
2.39236
2.43925
2.50689
2.57534
2.63155
2.67104
2.69457
2.70435
2.70195
2.6888
2.66901
2.65132
2.64533
2.65373
2.67052
2.68753
2.70083
2.71165
2.72272
2.73381
2.7407
2.73915
2.73024
2.7213
2.71898
2.72099
2.71772
2.70186
2.67463
2.64252
2.61208
2.59283
2.59662
2.62341
2.65779
2.68383
2.69434
2.68935
2.67196
2.64563
2.61434
2.58425
2.56426
2.56415
2.58915
2.63379
2.68368
2.72547
2.75237
2.76199
2.75448
2.73351
2.70648
2.68119
2.66193
2.64836
2.63847
2.63223
2.6321
2.63956
2.65263
2.66824
2.68558
2.70581
2.72979
2.75653
2.78314
2.80539
2.81917
2.82214
2.81466
2.79947
2.78068
2.76206
2.74606
2.73422
2.72881
2.73495
2.75964
2.80582
2.86619
2.92501
2.96633
2.98062
2.96676
2.93045
2.88091
2.82809
2.78142
2.74685
2.72349
2.70561
2.68864
2.67226
2.65986
2.6554
2.6596
2.66776
2.67119
2.66316
2.64488
2.62637
2.61912
2.62692
2.64449
2.66406
2.68082
2.69329
2.70158
2.70653
2.70888
2.70726
2.69671
2.6702
2.62309
2.55841
2.48989
2.43997
2.42867
2.45779
2.50867
2.55874
2.59598
2.6192
2.6315
2.63576
2.63456
2.6313
2.62853
2.62595
2.62129
2.6122
2.59727
2.57562
2.54688
2.51384
2.48505
2.47114
2.47726
2.49982
2.52967
2.55719
2.57655
2.58863
2.6006
2.62029
2.64896
2.6794
2.70186
2.71184
2.71362
2.71668
2.72797
2.74657
2.76546
2.77723
2.77772
2.76587
2.7434
2.71503
2.68625
2.65901
2.63053
2.59668
2.55572
2.51038
2.47157
2.46059
2.49709
2.57675
2.67281
2.75979
2.8247
2.86482
2.88446
2.89195
2.89453
2.8947
2.89023
2.87661
2.85042
2.81211
2.76605
2.71751
2.66882
2.61813
2.56287
2.50536
2.45536
2.42596
2.42507
2.45102
2.49668
2.55573
2.6234
2.694
2.76109
2.82036
2.87033
2.91049
2.93905
2.95263
2.94784
2.92353
2.8826
2.83198
2.78079
2.73739
2.70677
2.68892
2.67918
2.67109
2.66001
2.64562
2.63151
2.62276
2.62333
2.63485
2.65669
2.68686
2.72327
2.76432
2.8076
2.84895
2.884
2.90917
2.9206
2.9147
2.89128
2.85874
2.8364
2.83774
2.84988
2.85114
2.83481
2.80621
2.7723
2.73735
2.70288
2.66925
2.63649
2.60456
2.57398
2.54779
2.5324
2.53531
2.56028
2.60369
2.65533
2.70227
2.73303
2.74043
2.72287
2.68435
2.63487
2.58979
2.56394
2.56309
2.5826
2.61232
2.64112
2.66045
2.66788
2.66792
2.66842
2.6748
2.68685
2.69927
2.70398
2.69398
2.66983
2.64461
2.63763
2.65716
2.69344
2.72851
2.74742
2.74268
2.71493
2.67239
2.62874
2.59719
2.58295
2.58184
2.58728
2.59746
2.61564
2.64422
2.67934
2.71228
2.73522
2.74465
2.74088
2.72632
2.70525
2.684
2.66915
2.66362
2.66469
2.66623
2.66312
2.65336
2.63727
2.61619
2.59178
2.56552
2.5384
2.5126
2.49429
2.49291
2.51428
2.55348
2.59728
2.63543
2.66795
2.70142
2.73876
2.77297
2.79204
2.78914
2.76732
2.73797
2.71497
2.7062
2.70879
2.71423
2.71614
2.7126
2.70456
2.69332
2.67872
2.65966
2.63709
2.61544
2.59946
2.59136
2.59246
2.60448
2.62772
2.65958
2.69533
2.73124
2.76574
2.79719
2.82186
2.83489
2.83254
2.81438
2.78471
2.75077
2.71783
2.68701
2.65839
2.63306
2.61135
2.5933
2.58285
2.58628
2.60495
2.63451
2.66912
2.70325
2.73191
2.75213
2.76336
2.766
2.75944
2.74202
2.71383
2.68163
2.66053
2.66554
2.69911
2.74959
2.80094
2.84279
2.87266
2.89186
2.90081
2.89786
2.88054
2.84738
2.80085
2.75055
2.71205
2.69682
2.70344
2.72182
2.74149
2.75339
2.75002
2.72801
2.69097
2.64867
2.61135
2.5833
2.56194
2.54336
2.52828
2.52256
2.53188
2.55645
2.59058
2.62652
2.65912
2.68768
2.71414
2.73945
2.76164
2.77692
2.78239
2.7775
2.76307
2.74006
2.70985
2.67514
2.6396
2.60599
2.57538
2.54827
2.5269
2.51595
2.52046
2.54252
2.57993
2.62771
2.67962
2.72839
2.7657
2.78316
2.77411
2.73687
2.67908
2.61902
2.57731
2.56292
2.56855
2.5808
2.59325
2.60875
2.63145
2.66023
2.68918
2.71134
2.72127
2.71654
2.69815
2.67052
2.64084
2.61735
2.60628
2.60929
2.62366
2.64321
2.65898
2.66308
2.65356
2.6346
2.61215
2.59017
2.57007
2.55248
2.53857
2.5304
2.53149
2.54741
2.58268
2.63465
2.69291
2.74613
2.78779
2.81637
2.83219
2.83454
2.82068
2.78743
2.73488
2.66814
2.59486
2.5214
2.45202
2.39211
2.35075
2.33802
2.35874
2.40929
2.48079
2.56408
2.65238
2.74109
2.82578
2.9008
2.95908
2.99286
2.99489
2.95973
2.88595
2.78246
2.67826
2.61623
2.61497
2.65059
2.68981
2.7159
2.72706
2.72946
2.73153
2.73883
2.75178
2.768
2.7852
2.80172
2.81598
2.82617
2.8299
2.82468
2.80894
2.78293
2.74808
2.706
2.65884
2.61092
2.56992
2.54606
2.54844
2.5796
2.63274
2.69515
2.75486
2.80376
2.8368
2.85099
2.84625
2.82643
2.79805
2.76781
2.74081
2.72074
2.7109
2.71385
2.72966
2.75498
2.7845
2.81348
2.83791
2.85302
2.85428
2.84197
2.82454
2.81321
2.80895
2.79887
2.77158
2.73206
2.69805
2.68324
2.68568
2.69403
2.70099
2.70702
2.7147
2.72293
2.72636
2.71901
2.69973
2.67666
2.66454
2.67326
2.69926
2.73031
2.75645
2.7751
2.78914
2.80157
2.81188
2.81705
2.81483
2.80458
2.78563
2.756
2.71394
2.66121
2.60469
2.55444
2.52018
2.50837
2.52008
2.5502
2.58998
2.63128
2.66923
2.70174
2.72787
2.74674
2.75689
2.75624
2.74264
2.71462
2.67289
2.62388
2.58243
2.56386
2.56901
2.58399
2.59285
2.58497
2.55681
2.51253
2.46335
2.42453
2.40949
2.4218
2.45223
2.48567
2.5102
2.5212
2.52188
2.52193
2.5331
2.56232
2.60711
2.65748
2.70224
2.73365
2.74799
2.74383
2.72149
2.68463
2.64177
2.60443
2.58192
2.57681
2.58507
2.59984
2.61571
2.63088
2.64604
2.66191
2.67848
2.69559
2.71267
2.72777
2.73751
2.73836
2.72807
2.70603
2.67331
2.63384
2.59831
2.58454
2.6024
2.63787
2.66525
2.66935
2.65104
2.62154
2.595
2.58227
2.5874
2.60794
2.63795
2.67095
2.70195
2.72853
2.75138
2.77286
2.79337
2.80908
2.81408
2.80443
2.78003
2.74392
2.70084
2.65603
2.61458
2.58082
2.55709
2.54261
2.53356
2.52587
2.51933
2.51858
2.52976
2.55606
2.59542
2.64132
2.68548
2.72086
2.7436
2.75327
2.75163
2.74099
2.72279
2.69737
2.66452
2.62485
2.58094
2.53828
2.50554
2.49301
2.506
2.53791
2.57367
2.6007
2.61555
2.62382
2.63498
2.65376
2.67507
2.68746
2.68083
2.65224
2.60754
2.55846
2.51592
2.4851
2.46672
2.46085
2.46647
2.47868
2.49091
2.50152
2.51659
2.54388
2.58386
2.62799
2.66496
2.68699
2.69125
2.67873
2.65324
