-1.59971
-1.60062
-1.60167
-1.60167
-1.60136
-1.60166
-1.60061
-1.60167
-1.60183
-1.60289
-1.60182
-1.60272
-1.60317
-1.60302
-1.60258
-1.60228
-1.60243
-1.60213
-1.60228
-1.60288
-1.60364
-1.60304
-1.60395
-1.60333
-1.60348
-1.60378
-1.60393
-1.605
-1.60592
-1.60622
-1.60516
-1.6053
-1.60454
-1.60469
-1.60651
-1.60576
-1.60515
-1.60424
-1.60424
-1.60453
-1.60484
-1.60515
-1.6041
-1.60439
-1.60409
-1.60349
-1.60394
-1.60349
-1.60167
-1.60061
-1.60091
-1.60106
-1.60046
-1.60121
-1.6003
-1.59909
-1.59985
-1.5991
-1.59956
-1.60001
-1.6
-1.60014
-1.59999
-1.60015
-1.5982
-1.59895
-1.59804
-1.59743
-1.59818
-1.59864
-1.59894
-1.59804
-1.59956
-1.59986
-1.59986
-1.59925
-1.59985
-1.6003
-1.6006
-1.60167
-1.60106
-1.60015
-1.60014
-1.59955
-1.59941
-1.59896
-1.59881
-1.59895
-1.59955
-1.60031
-1.59926
-1.60077
-1.60046
-1.60135
-1.60104
-1.6006
-1.60031
-1.60002
-1.60016
-1.60016
-1.60077
-1.60137
-1.60137
-1.60137
-1.60182
-1.60242
-1.60331
-1.60361
-1.60241
-1.60076
-1.60017
-1.60002
-1.60002
-1.60032
-1.59941
-1.6
-1.59985
-1.60106
-1.60076
-1.60137
-1.60273
-1.60258
-1.60303
-1.60302
-1.60302
-1.60256
-1.60166
-1.60227
-1.60288
-1.60424
-1.60364
-1.60304
-1.60258
-1.60243
-1.60227
-1.60287
-1.60484
-1.60559
-1.60499
-1.60378
-1.60363
-1.60318
-1.60182
-1.60212
-1.60273
-1.60393
-1.60393
-1.60423
-1.60438
-1.60468
-1.60544
-1.6056
-1.60515
-1.60484
-1.60545
-1.60499
-1.60484
-1.60499
-1.60469
-1.60439
-1.60455
-1.60349
-1.60304
-1.60273
-1.60198
-1.60273
-1.60272
-1.60105
-1.6006
-1.60046
-1.60077
-1.60198
-1.60153
-1.60107
-1.60001
-1.59986
-1.59941
-1.59926
-1.60017
-1.60032
-1.60229
-1.60274
-1.60122
-1.60213
-1.60258
-1.60318
-1.60378
-1.60378
-1.60317
-1.60287
-1.60347
-1.60408
-1.60439
-1.6041
-1.6035
-1.60259
-1.60214
-1.60183
-1.60168
-1.60243
-1.60272
-1.60378
-1.60544
-1.60454
-1.60334
-1.60365
-1.60349
-1.60301
-1.60241
-1.60259
-1.60245
-1.60185
-1.60033
-1.59972
-1.59896
-1.59956
-1.59925
-1.59835
-1.59805
-1.5976
-1.59759
-1.59683
-1.59638
-1.59547
-1.59562
-1.59623
-1.59744
-1.59774
-1.59805
-1.59805
-1.5976
-1.5976
-1.5976
-1.59745
-1.59774
-1.59773
-1.59773
-1.59909
-1.59954
-1.59925
-1.59925
-1.5982
-1.597
-1.59715
-1.5967
-1.59715
-1.59715
-1.5967
-1.5967
-1.59579
-1.59684
-1.59683
-1.59713
-1.59712
-1.59788
-1.59698
-1.59638
-1.59624
-1.59579
-1.59488
-1.59443
-1.59564
-1.59594
-1.59714
-1.59895
-1.59895
-1.59879
-1.59865
-1.59925
-1.59971
-1.60002
-1.59881
-1.59942
-1.59988
-1.59957
-1.59835
-1.59879
-1.60015
-1.60031
-1.60137
-1.60122
-1.60243
-1.60122
-1.60077
-1.60122
-1.60121
-1.60046
-1.59895
-1.59881
-1.59851
-1.59895
-1.59954
-1.60029
-1.6
-1.60047
-1.60168
-1.60198
-1.60259
-1.60258
-1.60257
-1.60226
-1.60241
-1.60135
-1.60256
-1.60257
-1.60242
-1.60182
-1.60122
-1.59986
-1.60047
-1.60017
-1.60076
-1.60091
-1.60106
-1.60181
-1.60196
-1.6006
-1.60241
-1.60271
-1.60408
-1.60424
-1.60394
-1.60439
-1.60439
-1.60393
-1.60529
-1.60423
-1.60574
-1.60483
-1.60438
-1.60422
-1.60346
-1.60407
-1.60332
-1.60317
-1.60317
-1.60378
-1.60287
-1.60242
-1.60242
-1.60332
-1.60439
-1.60394
-1.60333
-1.60469
-1.60393
-1.60422
-1.60332
-1.60438
-1.60318
-1.60227
-1.60303
-1.60167
-1.60242
-1.60287
-1.60347
-1.60393
-1.60212
-1.60197
-1.60136
-1.60227
-1.60152
-1.60032
-1.59986
-1.59865
-1.59865
-1.59924
-1.59908
-1.59832
-1.59907
-1.59907
-1.59787
-1.59819
-1.59956
-1.59911
-1.59897
-1.59897
-1.60002
-1.60017
-1.60122
-1.60106
-1.60014
-1.59953
-1.59968
-1.6
-1.60138
-1.60199
-1.60184
-1.60259
-1.60334
-1.60454
-1.60545
-1.6053
-1.60499
-1.60573
-1.60574
-1.60408
-1.60409
-1.60484
-1.605
-1.6047
-1.6041
-1.6035
-1.6029
-1.60275
-1.60244
-1.60228
-1.60167
-1.60181
-1.60211
-1.60196
-1.60107
-1.60047
-1.60062
-1.60137
-1.60122
-1.60229
-1.60259
-1.60274
-1.60229
-1.60183
-1.60121
-1.60166
-1.60166
-1.60091
-1.60107
-1.60198
-1.60258
-1.60197
-1.60288
-1.60213
-1.60123
-1.60093
-1.60123
-1.60153
-1.60032
-1.60017
-1.59956
-1.60031
-1.60046
-1.60273
-1.60258
-1.60227
-1.60302
-1.60257
-1.60212
-1.60167
-1.60032
-1.59987
-1.59957
-1.59972
-1.59956
-1.5997
-1.59774
-1.59774
-1.59759
-1.59745
-1.59896
-1.59972
-1.60032
-1.60122
-1.60137
-1.60198
-1.60199
-1.60154
-1.60093
-1.60018
-1.60032
-1.60078
-1.60107
-1.60092
-1.59955
-1.5997
-1.60001
-1.60062
-1.60077
-1.60107
-1.60152
-1.60228
-1.60122
-1.60153
-1.60214
-1.60139
-1.60154
-1.60199
-1.60093
-1.60063
-1.59971
-1.59941
-1.5985
-1.59911
-1.60032
-1.60092
-1.60077
-1.60047
-1.59926
-1.5979
-1.59821
-1.59851
-1.59866
-1.59791
-1.59867
-1.59882
-1.59957
-1.59896
-1.59865
-1.59714
-1.59714
-1.59594
-1.59655
-1.59655
-1.5967
-1.59594
-1.59548
-1.59533
-1.59655
-1.59656
-1.59596
-1.59642
-1.59521
-1.59702
-1.59671
-1.59836
-1.59866
-1.59805
-1.5973
-1.59701
-1.59656
-1.59717
-1.59852
-1.59837
-1.59988
-1.60064
-1.60049
-1.60231
-1.60125
-1.60078
-1.60138
-1.60229
-1.60185
-1.60035
-1.60065
-1.60034
-1.60033
-1.60062
-1.60198
-1.60184
-1.6017
-1.60185
-1.60079
-1.59974
-1.60094
-1.60109
-1.60094
-1.60078
-1.60137
-1.60122
-1.60258
-1.6038
-1.60365
-1.60381
-1.60366
-1.60351
-1.60396
-1.60456
-1.60547
-1.60577
-1.60396
-1.60381
-1.60366
-1.60245
-1.60154
-1.60168
-1.59986
-1.59941
-1.59911
-1.59911
-1.59867
-1.59943
-1.59898
-1.59883
-1.59943
-1.59988
-1.60093
-1.60047
-1.60199
-1.60229
-1.60199
-1.60123
-1.60093
-1.60017
-1.60032
-1.59941
-1.60032
-1.59987
-1.59972
-1.59882
-1.59913
-1.59883
-1.59943
-1.59927
-1.59805
-1.59835
-1.59759
-1.59805
-1.59806
-1.59731
-1.59671
-1.59716
-1.59731
-1.59807
-1.59807
-1.59641
-1.59716
-1.59791
-1.59805
-1.59805
-1.59821
-1.59762
-1.59732
-1.59747
-1.59836
-1.59941
-1.60015
-1.6006
-1.60229
-1.60261
-1.60201
-1.6011
-1.60094
-1.60063
-1.60048
-1.59942
-1.59941
-1.59987
-1.59988
-1.59973
-1.59988
-1.60078
-1.59986
-1.60002
-1.60077
-1.60123
-1.60199
-1.60244
-1.60169
-1.60244
-1.60334
-1.60289
-1.60319
-1.60349
-1.60305
-1.6029
-1.60321
-1.60351
-1.60396
-1.60365
-1.60395
-1.60364
-1.60258
-1.60168
-1.60077
-1.59971
-1.60017
-1.60078
-1.60033
-1.60049
-1.6008
-1.60125
-1.60019
-1.59867
-1.59912
-1.59835
-1.5985
-1.5988
-1.5994
-1.59986
-1.59866
-1.59806
-1.59881
-1.60047
-1.59987
-1.60047
-1.60017
-1.60032
-1.60078
-1.60138
-1.60138
-1.60138
-1.60138
-1.60123
-1.60077
-1.60197
-1.60152
-1.60244
-1.60199
-1.6029
-1.60335
-1.60396
-1.60365
-1.60334
-1.60258
-1.60212
-1.59985
-1.60031
-1.60137
-1.60032
-1.60123
-1.60063
-1.60123
-1.60169
-1.60214
-1.60108
-1.60153
-1.60062
-1.5988
-1.5997
-1.5997
-1.59926
-1.59881
-1.59776
-1.59716
-1.59746
-1.59701
-1.59791
-1.59971
-1.60107
-1.60077
-1.60229
-1.60185
-1.60215
-1.60184
-1.6029
-1.60259
-1.60154
-1.60123
-1.60093
-1.59956
-1.59881
-1.59866
-1.59912
-1.59912
-1.59837
-1.59912
-1.59927
-1.60063
-1.60108
-1.60183
-1.60244
-1.60183
-1.60259
-1.60244
-1.60198
-1.60243
-1.60349
-1.60199
-1.6023
-1.60139
-1.60003
-1.60049
-1.59988
-1.60048
-1.60032
-1.60107
-1.60047
-1.59972
-1.59957
-1.59972
-1.60063
-1.59927
-1.59942
-1.60032
-1.59896
-1.5985
-1.60032
-1.60198
-1.60199
-1.60245
-1.60245
-1.60139
-1.60169
-1.60063
-1.60048
-1.60063
-1.59987
-1.59987
-1.60031
-1.60107
-1.60078
-1.59958
-1.59913
-1.59959
-1.60035
-1.6014
-1.6014
-1.60018
-1.60047
-1.60137
-1.60092
-1.60063
-1.60109
-1.60155
-1.60109
-1.6017
-1.60169
-1.60184
-1.60077
-1.60077
-1.60047
-1.59972
-1.59973
-1.59974
-1.60004
-1.59959
-1.59792
-1.59716
-1.59761
-1.5976
-1.59729
-1.59714
-1.59669
-1.59791
-1.59777
-1.59686
-1.5964
-1.59655
-1.5964
-1.59746
-1.59762
-1.59732
-1.59717
-1.59778
-1.59868
-1.59716
-1.59806
-1.5964
-1.59474
-1.59534
-1.59398
-1.59565
-1.59519
-1.59625
-1.59685
-1.59746
-1.59776
-1.59822
-1.59852
-1.59837
-1.59822
-1.59776
-1.59776
-1.5973
-1.59685
-1.59746
-1.59822
-1.59853
-1.59943
-1.59913
-1.59958
-1.59943
-1.59943
-1.59837
-1.59821
-1.59957
-1.59867
-1.59927
-1.59881
-1.59851
-1.5973
-1.59731
-1.59792
-1.59822
-1.59853
-1.59883
-1.59898
-1.59792
-1.59792
-1.59762
-1.59671
-1.59656
-1.59746
-1.59776
-1.59927
-1.59882
-1.59776
-1.59881
-1.59911
-1.59896
-1.59941
-1.59987
-1.60003
-1.60004
-1.59928
-1.60065
-1.59974
-1.6002
-1.6005
-1.6005
-1.60004
-1.60003
-1.60032
-1.5994
-1.60076
-1.60017
-1.60093
-1.60124
-1.60184
-1.6029
-1.6026
-1.60276
-1.60322
-1.60472
-1.60487
-1.60381
-1.60396
-1.6026
-1.60215
-1.60124
-1.60139
-1.60139
-1.60274
-1.6035
-1.6047
-1.60395
-1.60395
-1.6035
-1.60456
-1.60471
-1.60396
-1.60396
-1.60472
-1.60517
-1.60471
-1.60547
-1.60381
-1.60351
-1.6032
-1.60381
-1.60229
-1.60229
-1.60124
-1.60154
-1.60033
-1.59957
-1.60077
-1.60047
-1.60032
-1.60049
-1.60019
-1.60034
-1.60185
-1.60139
-1.60047
-1.60001
-1.60002
-1.59958
-1.59898
-1.59793
-1.59626
-1.59656
-1.59716
-1.59776
-1.597
-1.59851
-1.59881
-1.59866
-1.59896
-1.59837
-1.59852
-1.59822
-1.59806
-1.59866
-1.59911
-1.59821
-1.59928
-1.59913
-1.59958
-1.59898
-1.59777
-1.59806
-1.59791
-1.5976
-1.59835
-1.59805
-1.59775
-1.59805
-1.59806
-1.59731
-1.59792
-1.59732
-1.59732
-1.59732
-1.59731
-1.5985
-1.59865
-1.59836
-1.59776
-1.59942
-1.59866
-1.59911
