1.92411
1.96051
2.00189
2.03963
2.06382
2.06652
2.04529
2.00405
1.95055
1.89234
1.83486
1.78256
1.73937
1.70646
1.68025
1.65527
1.63111
1.61577
1.6204
1.64963
1.69692
1.74841
1.78999
1.8126
1.81439
1.7991
1.77166
1.73501
1.69227
1.65045
1.6196
1.60699
1.61193
1.6271
1.64461
1.66
1.67252
1.68429
1.6998
1.72471
1.76302
1.81274
1.86384
1.90307
1.92186
1.91982
1.90306
1.88031
1.85946
1.84549
1.83978
1.83968
1.83976
1.83532
1.82461
1.80834
1.78904
1.77098
1.75866
1.75446
1.75719
1.76297
1.76718
1.76617
1.75818
1.74417
1.72921
1.72266
1.73402
1.76593
1.81074
1.85515
1.88798
1.90423
1.9044
1.89188
1.87018
1.84119
1.80602
1.76694
1.72736
1.68916
1.65305
1.62189
1.60138
1.59695
1.61084
1.64133
1.68371
1.73122
1.77528
1.80701
1.82025
1.81386
1.79254
1.76664
1.75016
1.75422
1.77921
1.81497
1.84892
1.87307
1.88532
1.88734
1.88242
1.87424
1.86625
1.86139
1.86172
1.86789
1.87877
1.89196
1.90494
1.91595
1.92388
1.92799
1.92804
1.92474
1.91934
1.91203
1.90072
1.88178
1.85273
1.81509
1.77534
1.74286
1.72494
1.72257
1.73108
1.74498
1.7603
1.7729
1.77909
1.77927
1.77757
1.77642
1.77502
1.77227
1.76843
1.76459
1.76127
1.75679
1.74762
1.73177
1.71184
1.69467
1.68819
1.69745
1.72207
1.75648
1.79258
1.82269
1.84192
1.85063
1.85618
1.86793
1.88612
1.90025
1.90016
1.8839
1.85692
1.82772
1.80343
1.78711
1.7776
1.77135
1.76458
1.75433
1.739
1.71969
1.70274
1.69908
1.71592
1.74782
1.77965
1.79751
1.79507
1.77333
1.73804
1.6973
1.65947
1.63121
1.61612
1.61467
1.62508
1.6443
1.66947
1.69879
1.73104
1.76439
1.79623
1.82393
1.8454
1.85918
1.86415
1.85957
1.84525
1.82218
1.79327
1.7641
1.74229
1.73381
1.73823
1.74871
1.75804
1.76375
1.76768
1.77204
1.77712
1.78228
1.78777
1.79432
1.80166
1.80898
1.81657
1.82569
1.83584
1.84336
1.84402
1.83753
1.82746
1.81546
1.79829
1.77228
1.73818
1.70205
1.67303
1.65791
1.65496
1.65538
1.65187
1.64507
1.64325
1.65632
1.68709
1.72793
1.76686
1.79527
1.81008
1.81201
1.8037
1.78918
1.7738
1.76353
1.76306
1.77393
1.79381
1.81747
1.83903
1.8539
1.85974
1.85618
1.84453
1.82755
1.8096
1.79595
1.79061
1.79344
1.80036
1.80641
1.80855
1.80527
1.7946
1.77359
1.74046
1.6971
1.65002
1.60987
1.58883
1.59491
1.62616
1.67126
1.71689
1.75437
1.78069
1.79638
1.8029
1.8013
1.79253
1.77934
1.76755
1.76355
1.76915
1.78035
1.79169
1.80055
1.80777
1.81515
1.82254
1.82714
1.8261
1.82016
1.8142
1.81265
1.814
1.81181
1.80124
1.78308
1.76168
1.74139
1.72855
1.73108
1.74894
1.77186
1.78922
1.79623
1.7929
1.78131
1.76375
1.7429
1.72283
1.70951
1.70944
1.7261
1.75586
1.78912
1.81698
1.83491
1.84133
1.83632
1.82234
1.80432
1.78746
1.77462
1.76558
1.75898
1.75482
1.75473
1.7597
1.76842
1.77883
1.79038
1.80387
1.81986
1.83769
1.85542
1.87026
1.87944
1.88143
1.87644
1.86632
1.85379
1.84138
1.83071
1.82281
1.81921
1.8233
1.83976
1.87055
1.91079
1.95001
1.97755
1.98708
1.97784
1.95364
1.92061
1.88539
1.85428
1.83124
1.81566
1.80374
1.79243
1.7815
1.77324
1.77027
1.77307
1.7785
1.78079
1.77544
1.76325
1.75091
1.74608
1.75128
1.76299
1.77604
1.78721
1.79553
1.80105
1.80435
1.80592
1.80484
1.79781
1.78013
1.74873
1.7056
1.65992
1.62665
1.61911
1.63853
1.67245
1.70583
1.73065
1.74613
1.75434
1.75717
1.75637
1.7542
1.75235
1.75064
1.74753
1.74147
1.73151
1.71708
1.69792
1.6759
1.6567
1.64742
1.6515
1.66655
1.68645
1.70479
1.7177
1.72575
1.73373
1.74686
1.76597
1.78627
1.80124
1.80789
1.80908
1.81112
1.81864
1.83104
1.84364
1.85149
1.85181
1.84391
1.82893
1.81002
1.79083
1.77267
1.75369
1.73112
1.70381
1.67359
1.64771
1.64039
1.66473
1.71783
1.78187
1.83986
1.88313
1.90988
1.92297
1.92796
1.92968
1.9298
1.92682
1.91774
1.90028
1.87474
1.84403
1.81167
1.77921
1.74542
1.70858
1.67024
1.63691
1.61731
1.61671
1.63401
1.66445
1.70382
1.74893
1.796
1.84073
1.88024
1.91356
1.94033
1.95936
1.96842
1.96523
1.94902
1.92173
1.88799
1.85386
1.82493
1.80451
1.79261
1.78612
1.78072
1.77334
1.76375
1.75434
1.7485
1.74889
1.75657
1.77113
1.79124
1.81551
1.84288
1.87173
1.8993
1.92267
1.93945
1.94707
1.94313
1.92752
1.90583
1.89093
1.89183
1.89992
1.90076
1.88987
1.87081
1.8482
1.8249
1.80192
1.7795
1.75766
1.73637
1.71599
1.69853
1.68827
1.69021
1.70685
1.73579
1.77022
1.80152
1.82202
1.82695
1.81525
1.78957
1.75658
1.72653
1.70929
1.70873
1.72173
1.74155
1.76074
1.77363
1.77859
1.77861
1.77895
1.7832
1.79123
1.79951
1.80265
1.79599
1.77988
1.76308
1.75842
1.77144
1.79563
1.81901
1.83161
1.82846
1.80996
1.78159
1.75249
1.73146
1.72197
1.72123
1.72485
1.73164
1.74376
1.76281
1.78623
1.80819
1.82348
1.82976
1.82725
1.81755
1.8035
1.78933
1.77943
1.77575
1.77646
1.77749
1.77541
1.7689
1.75818
1.74413
1.72785
1.71035
1.69227
1.67507
1.66286
1.66194
1.67618
1.70232
1.73152
1.75695
1.77863
1.80095
1.82584
1.84865
1.86136
1.85943
1.84488
1.82531
1.80998
1.80413
1.80586
1.80949
1.81076
1.8084
1.80304
1.79554
1.78581
1.77311
1.75806
1.74363
1.73297
1.72758
1.72831
1.73632
1.75181
1.77305
1.79689
1.82082
1.84382
1.86479
1.88124
1.88993
1.88836
1.87625
1.85647
1.83385
1.81189
1.79134
1.77226
1.75538
1.7409
1.72887
1.7219
1.72419
1.73664
1.75634
1.77941
1.80217
1.82127
1.83475
1.84224
1.844
1.83962
1.82801
1.80922
1.78775
1.77369
1.77703
1.7994
1.83306
1.86729
1.89519
1.91511
1.9279
1.93387
1.93191
1.92036
1.89826
1.86723
1.8337
1.80803
1.79788
1.80229
1.81455
1.82766
1.83559
1.83335
1.81868
1.79398
1.76578
1.7409
1.7222
1.70796
1.69557
1.68552
1.68171
1.68792
1.7043
1.72705
1.75102
1.77275
1.79179
1.80942
1.8263
1.84109
1.85128
1.85492
1.85166
1.84204
1.82671
1.80657
1.78343
1.75973
1.73733
1.71692
1.69885
1.6846
1.6773
1.6803
1.69502
1.71996
1.75181
1.78642
1.81893
1.8438
1.85544
1.8494
1.82458
1.78606
1.74601
1.71821
1.70862
1.71237
1.72054
1.72883
1.73917
1.7543
1.77349
1.79279
1.80756
1.81418
1.81103
1.79877
1.78035
1.76056
1.7449
1.73752
1.73953
1.74911
1.76214
1.77265
1.77539
1.76904
1.7564
1.74143
1.72678
1.71338
1.70166
1.69238
1.68693
1.68766
1.69828
1.72179
1.75643
1.79527
1.83075
1.85853
1.87758
1.88812
1.88969
1.88045
1.85828
1.82326
1.77876
1.72991
1.68093
1.63468
1.59474
1.56717
1.55868
1.57249
1.6062
1.65386
1.70939
1.76826
1.82739
1.88385
1.93387
1.97272
1.99524
1.9966
1.97315
1.92397
1.85497
1.78551
1.74415
1.74332
1.76706
1.79321
1.8106
1.81804
1.81964
1.82102
1.82589
1.83452
1.84533
1.8568
1.86781
1.87732
1.88411
1.8866
1.88312
1.87263
1.85529
1.83205
1.804
1.77256
1.74061
1.71328
1.69737
1.69896
1.71974
1.75516
1.79676
1.83657
1.86917
1.8912
1.90066
1.8975
1.88429
1.86537
1.8452
1.82721
1.81383
1.80727
1.80923
1.81978
1.83665
1.85634
1.87565
1.89194
1.90202
1.90285
1.89465
1.88303
1.87547
1.87263
1.86591
1.84772
1.82137
1.7987
1.78883
1.79045
1.79602
1.80066
1.80468
1.8098
1.81529
1.81758
1.81267
1.79982
1.78444
1.77636
1.78218
1.7995
1.82021
1.83763
1.85007
1.85942
1.86771
1.87459
1.87804
1.87655
1.86972
1.85709
1.83733
1.80929
1.77414
1.73646
1.70296
1.68012
1.67225
1.68005
1.70014
1.72665
1.75419
1.77949
1.80116
1.81858
1.83116
1.83793
1.8375
1.82843
1.80975
1.78192
1.74925
1.72162
1.70924
1.71267
1.72266
1.72857
1.72332
1.70454
1.67502
1.64223
1.61636
1.60633
1.61453
1.63482
1.65711
1.67347
1.6808
1.68125
1.68129
1.68873
1.70822
1.73807
1.77165
1.8015
1.82244
1.83199
1.82922
1.81433
1.78975
1.76118
1.73629
1.72128
1.71787
1.72338
1.73323
1.74381
1.75392
1.76402
1.77461
1.78565
1.79706
1.80845
1.81852
1.82501
1.82558
1.81871
1.80402
1.7822
1.75589
1.7322
1.72302
1.73493
1.75858
1.77683
1.77956
1.76736
1.74769
1.73
1.72151
1.72493
1.73862
1.75863
1.78063
1.8013
1.81902
1.83425
1.84857
1.86225
1.87272
1.87605
1.86962
1.85335
1.82928
1.80056
1.77068
1.74305
1.72054
1.70473
1.69507
1.68904
1.68391
1.67955
1.67905
1.68651
1.70404
1.73028
1.76088
1.79032
1.81391
1.82907
1.83551
1.83442
1.82733
1.8152
1.79824
1.77635
1.7499
1.72062
1.69219
1.67036
1.66201
1.67067
1.69194
1.71578
1.7338
1.7437
1.74921
1.75665
1.76917
1.78338
1.79164
1.78722
1.76816
1.73836
1.70564
1.67728
1.65674
1.64448
1.64057
1.64432
1.65246
1.66061
1.66768
1.67773
1.69592
1.72257
1.75199
1.77664
1.79133
1.79417
1.78582
1.76883
