           1     2.05902     2.05902           0
           2     2.09801     2.07851   0.0194928
           3     2.09267     2.08323   0.0122031
           4     2.11634     2.09151   0.0119567
           5      2.0282     2.07885   0.0156881
           6      2.0607     2.07582   0.0131615
           7     2.01881     2.06768   0.0137861
           8     2.11007     2.07298   0.0130625
           9     2.03727     2.06901   0.0121842
          10     2.10531     2.07264   0.0114866
          11     2.02026     2.06788   0.0114293
          12      2.0629     2.06746   0.0104418
          13     2.08037     2.06845  0.00965624
          14     2.09984      2.0707  0.00921676
          15     2.04127     2.06873  0.00880174
          16     2.10552     2.07103  0.00854822
          17     2.04802     2.06968  0.00814294
          18     2.07789     2.07014  0.00769076
          19      2.0644     2.06983    0.007281
          20     2.05797     2.06924  0.00693279
          21     2.06664     2.06912  0.00659556
          22     2.06672     2.06901  0.00628956
          23     2.05143     2.06824  0.00605829
          24     2.08462     2.06893  0.00584039
          25     2.01674     2.06684  0.00597814
          26     2.10805     2.06842  0.00595828
          27     2.07265     2.06858  0.00573549
          28     2.08455     2.06915   0.0055562
          29     2.09921     2.07019  0.00546047
          30     2.02557      2.0687  0.00548094
          31     2.10773     2.06996  0.00544867
          32     2.06414     2.06978  0.00527879
          33     2.06141     2.06952  0.00512261
          34     2.07652     2.06973  0.00497392
          35      2.0037     2.06784  0.00518508
          36     2.09874      2.0687  0.00511154
          37     2.07467     2.06886  0.00497409
          38     2.06559     2.06878  0.00484219
          39     1.98674     2.06667   0.0051642
          40     2.11706     2.06793  0.00518868
          41      2.0477     2.06744  0.00508455
          42     2.05224     2.06708   0.0049752
          43     2.10557     2.06797   0.0049399
          44     2.01992     2.06688  0.00494832
          45     2.11197     2.06788   0.0049398
          46     2.02391     2.06693   0.0049249
          47     2.04347     2.06643  0.00484474
          48     2.03509     2.06577  0.00478746
          49     2.08353     2.06614  0.00470272
          50     2.13887     2.06759  0.00483186
