           1     1.37268     1.37268           0
           2     1.39867     1.38568   0.0129952
           3     1.39511     1.38882  0.00813542
           4     1.41089     1.39434  0.00797116
           5     1.35213      1.3859   0.0104587
           6      1.3738     1.38388  0.00877434
           7     1.34588     1.37845  0.00919074
           8     1.40672     1.38198  0.00870836
           9     1.35818     1.37934  0.00812282
          10     1.40354     1.38176  0.00765772
          11     1.34684     1.37858  0.00761956
          12     1.37526     1.37831  0.00696117
          13     1.38692     1.37897  0.00643749
          14     1.39989     1.38046  0.00614451
          15     1.36085     1.37916  0.00586783
          16     1.40368     1.38069  0.00569881
          17     1.36535     1.37979  0.00542863
          18     1.38526     1.38009  0.00512717
          19     1.37627     1.37989    0.004854
          20     1.37198     1.37949  0.00462186
          21     1.37776     1.37941  0.00439704
          22     1.37781     1.37934  0.00419304
          23     1.36762     1.37883  0.00403886
          24     1.38975     1.37928  0.00389359
          25      1.3445     1.37789  0.00398543
          26     1.40536     1.37895  0.00397218
          27     1.38176     1.37905  0.00382366
          28      1.3897     1.37943  0.00370413
          29     1.39947     1.38012  0.00364031
          30     1.35038     1.37913  0.00365396
          31     1.40516     1.37997  0.00363245
          32     1.37609     1.37985  0.00351919
          33     1.37427     1.37968  0.00341507
          34     1.38435     1.37982  0.00331594
          35      1.3358     1.37856  0.00345672
          36     1.39916     1.37913  0.00340769
          37     1.38311     1.37924  0.00331606
          38     1.37706     1.37918  0.00322812
          39     1.32449     1.37778   0.0034428
          40     1.41137     1.37862  0.00345912
          41     1.36513     1.37829   0.0033897
          42     1.36816     1.37805   0.0033168
          43     1.40371     1.37865  0.00329327
          44     1.34662     1.37792  0.00329888
          45     1.40798     1.37859   0.0032932
          46     1.34927     1.37795  0.00328326
          47     1.36231     1.37762  0.00322983
          48     1.35673     1.37718  0.00319164
          49     1.38902     1.37742  0.00313514
          50     1.42591     1.37839  0.00322124
