           1    -5.99294    -5.99294           0
           2     -5.9605    -5.97672   0.0162212
           3    -5.91632    -5.95659   0.0222042
           4    -5.94952    -5.95482   0.0157998
           5    -5.94008    -5.95187   0.0125885
           6    -5.91992    -5.94655   0.0115766
           7    -5.92208    -5.94305   0.0103896
           8    -5.91803    -5.93992  0.00952594
           9    -5.92322    -5.93807  0.00860358
          10     -5.9488    -5.93914  0.00776974
          11    -5.93451    -5.93872  0.00704058
          12    -5.94139    -5.93894  0.00643099
          13     -5.9418    -5.93916  0.00591973
          14    -5.91723     -5.9376  0.00570012
          15    -5.93009     -5.9371  0.00533004
          16    -5.96685    -5.93895  0.00532126
          17    -5.92356    -5.93805  0.00507985
          18    -5.93149    -5.93768  0.00480316
          19    -5.95052    -5.93836  0.00459332
          20    -5.93691    -5.93829  0.00435821
          21    -5.93022     -5.9379  0.00416326
          22    -5.93313    -5.93769  0.00397543
          23    -5.93739    -5.93767  0.00379868
          24    -5.95279     -5.9383  0.00369107
          25    -5.93226    -5.93806  0.00354859
          26    -5.93152    -5.93781  0.00341864
          27    -5.93201     -5.9376  0.00329659
          28    -5.96434    -5.93855  0.00331715
          29    -5.93496    -5.93843  0.00320311
          30    -5.93293    -5.93824  0.00309992
          31    -5.94073    -5.93832  0.00299932
          32    -5.92415    -5.93788  0.00293768
          33    -5.94053    -5.93796   0.0028484
          34    -5.90995    -5.93714  0.00288356
          35    -5.93313    -5.93702   0.0028023
          36    -5.91842    -5.93651  0.00277196
          37    -5.94039    -5.93661  0.00269805
          38    -5.92417    -5.93628  0.00264644
          39    -5.94776    -5.93658  0.00259444
          40    -5.92632    -5.93632  0.00254172
          41     -5.9201    -5.93593  0.00251033
          42    -5.91663    -5.93547  0.00249253
          43    -5.96093    -5.93606  0.00250487
          44    -5.92511    -5.93581   0.0024599
          45     -5.9563    -5.93626  0.00244736
          46    -5.92473    -5.93601  0.00240667
          47    -5.91273    -5.93552  0.00240645
          48    -5.91823    -5.93516  0.00238315
          49    -5.94814    -5.93542  0.00234901
          50    -5.95506    -5.93582  0.00233481
