           1    -3.93392    -3.93392           0
           2    -3.86249    -3.89821    0.035714
           3    -3.82366    -3.87336    0.032291
           4    -3.83318    -3.86331   0.0249444
           5    -3.91188    -3.87303   0.0216264
           6    -3.85922    -3.87073   0.0178072
           7    -3.90327    -3.87537   0.0157514
           8    -3.80795    -3.86695   0.0160347
           9    -3.88596    -3.86906   0.0142981
          10    -3.84349     -3.8665   0.0130417
          11    -3.91426    -3.87084   0.0125701
          12    -3.87849    -3.87148   0.0114926
          13    -3.86143    -3.87071   0.0105999
          14    -3.81739     -3.8669   0.0105267
          15    -3.88882    -3.86836  0.00990822
          16    -3.86133    -3.86792   0.0092787
          17    -3.87553    -3.86837  0.00872732
          18    -3.85361    -3.86755  0.00826896
          19    -3.88613    -3.86853  0.00788253
          20    -3.87894    -3.86905  0.00749613
          21    -3.86358    -3.86879    0.007135
          22    -3.86641    -3.86868  0.00680381
          23    -3.88596    -3.86943  0.00654454
          24    -3.86816    -3.86938  0.00626614
          25    -3.91552    -3.87122  0.00628726
          26    -3.82348    -3.86939  0.00631358
          27    -3.85936    -3.86902  0.00608657
          28    -3.87979     -3.8694  0.00587778
          29    -3.83575    -3.86824  0.00578893
          30    -3.90736    -3.86954  0.00574263
          31      -3.833    -3.86836  0.00567804
          32    -3.86001     -3.8681  0.00550394
          33    -3.87912    -3.86844  0.00534498
          34    -3.83343    -3.86741  0.00528663
          35    -3.92942    -3.86918  0.00543056
          36    -3.81968     -3.8678  0.00545374
          37    -3.86573    -3.86775  0.00530459
          38    -3.85858    -3.86751  0.00516874
          39    -3.96102     -3.8699  0.00557632
          40    -3.80926    -3.86839  0.00564265
          41     -3.8724    -3.86849  0.00550418
          42     -3.8644    -3.86839  0.00537241
          43    -3.85536    -3.86809  0.00525473
          44    -3.90518    -3.86893  0.00520268
          45    -3.84433    -3.86838  0.00511503
          46    -3.90082    -3.86909  0.00505207
          47    -3.86926    -3.86909  0.00494341
          48    -3.88314    -3.86938  0.00484817
          49    -3.86462    -3.86929  0.00474919
          50    -3.81619    -3.86822  0.00477288
