0.666497 inf
0.653385 1.00009
0.657678 2.36027
0.703297 1.67039
0.718324 1.29402
0.692007 1.05662
0.696362 0.893027
0.696047 0.773399
0.706113 0.682211
0.698391 0.610197
0.700011 0.551986
0.708565 0.504025
0.707929 0.463661
0.698938 0.429342
0.694314 0.39973
0.702016 0.374012
0.704773 0.351333
0.699283 0.331271
0.697133 0.313355
0.69947 0.297299
0.703636 0.282829
0.700349 0.26968
0.696684 0.257708
0.699977 0.246765
0.702615 0.236708
0.700018 0.227434
0.69788 0.218857
0.698236 0.210897
0.700959 0.203515
0.699981 0.196614
0.698109 0.190174
0.697775 0.184137
0.698985 0.178472
0.699624 0.173146
0.696717 0.16815
0.698508 0.163426
0.699554 0.158951
0.697995 0.154716
0.696873 0.1507
0.697495 0.146888
0.699468 0.143275
0.698939 0.139824
0.696937 0.136549
0.696644 0.133411
0.697184 0.130417
0.698404 0.127558
0.697155 0.12482
0.697189 0.122192
0.69767 0.119674
0.698044 0.117256
0.696177 0.114948
0.696052 0.112717
0.697194 0.110577
0.697759 0.108512
0.697875 0.106521
0.697023 0.104605
0.696913 0.102753
0.696788 0.100967
0.696535 0.0992411
0.697223 0.0975766
0.69695 0.0959648
0.697828 0.0944091
0.697448 0.0928989
0.696676 0.0914384
0.696396 0.0900209
0.696737 0.0886467
0.696921 0.0873137
0.697138 0.0860202
0.696833 0.084765
0.696682 0.0835453
0.696913 0.082361
0.697337 0.08121
0.696748 0.0800912
0.696477 0.0790017
0.696467 0.0779416
0.696173 0.0769093
0.696114 0.0759039
0.696593 0.0749262
0.6966 0.0739722
0.696409 0.0730418
0.696187 0.0721347
0.696316 0.07125
0.695999 0.0703876
0.696505 0.0695467
0.696445 0.0687239
0.696625 0.0679206
0.696815 0.067136
0.69645 0.0663699
0.696846 0.0656212
0.69654 0.0648887
0.696213 0.0641724
0.696395 0.0634718
0.696776 0.0627872
0.696683 0.0621158
0.696283 0.0614595
0.69655 0.060817
0.697127 0.0601896
0.696537 0.0595753
0.696681 0.0589706
0.696753 0.00516522
