-6.77967 nan
-6.75921 0.0204575
-6.76795 0.0146886
-6.83914 0.0719462
-6.86193 0.0602083
-6.82099 0.0639724
-6.82756 0.0544647
-6.8272 0.0471692
-6.84284 0.0444404
-6.83088 0.0415092
-6.83372 0.0376541
-6.84725 0.0369408
-6.8466 0.0339869
-6.83287 0.0343303
-6.82604 0.0326825
-6.83789 0.0327891
-6.84202 0.0310755
-6.83352 0.0305045
-6.83025 0.0290401
-6.83404 0.0278092
-6.84052 0.027234
-6.83543 0.0264594
-6.8298 0.0259019
-6.83488 0.0253131
-6.83895 0.0246192
-6.83499 0.0239832
-6.83172 0.0233078
-6.8323 0.0224672
-6.83644 0.0220716
-6.8349 0.021379
-6.83206 0.0208722
-6.83158 0.020215
-6.83334 0.0196713
-6.83435 0.0191106
-6.82994 0.0190737
-6.83275 0.018749
-6.83433 0.0183031
-6.83186 0.0179841
-6.83015 0.0176002
-6.83118 0.0171854
-6.83418 0.0170264
-6.83342 0.0166332
-6.83043 0.0165154
-6.83007 0.0161397
-6.83102 0.0158055
-6.83292 0.0155746
-6.83104 0.0153548
-6.83107 0.0150315
-6.83182 0.0147407
-6.83237 0.0144532
-6.82951 0.0144523
-6.82935 0.0141726
-6.83114 0.0140171
-6.83201 0.0137829
-6.83223 0.0135317
-6.83094 0.0133501
-6.83077 0.0131149
-6.83061 0.0128878
-6.83023 0.0126731
-6.83133 0.0125081
-6.83097 0.0123066
-6.83233 0.0121826
-6.83174 0.0120021
-6.83053 0.0118744
-6.8301 0.0116983
-6.83059 0.0115301
-6.83086 0.0113598
-6.83117 0.0111959
-6.83072 0.0110415
-6.83048 0.0108853
-6.83086 0.0107376
-6.83149 0.0106061
-6.83055 0.0105022
-6.83013 0.010368
-6.83014 0.0102288
-6.82966 0.0101046
-6.82957 0.00997298
-6.8303 0.00987148
-6.83036 0.00974587
-6.83006 0.00962792
-6.82972 0.00951429
-6.82994 0.00940007
-6.82951 0.00929614
-6.83029 0.00921857
-6.83022 0.00910977
-6.83051 0.00900785
-6.83083 0.00890945
-6.8303 0.00882364
-6.8309 0.00874478
-6.83044 0.0086595
-6.82994 0.00857826
-6.83026 0.00849045
-6.83087 0.00842094
-6.83074 0.00833189
-6.83011 0.0082676
-6.83056 0.00819312
-6.83144 0.00815585
-6.83056 0.00811962
-6.83078 0.0080401
-6.8309 0.00796019
