           1     1.14031     1.14031           0
           2     1.19412     1.16721   0.0269061
           3     1.16765     1.16736    0.015535
           4     1.16305     1.16628   0.0110377
           5     1.18635      1.1703  0.00944491
           6     1.16209     1.16893  0.00783193
           7     1.16577     1.16848  0.00663457
           8     1.12765     1.16337  0.00768455
           9     1.20753     1.16828  0.00836662
          10     1.13565     1.16502  0.00816386
          11     1.16937     1.16541  0.00739507
          12     1.15315     1.16439  0.00682766
          13     1.19923     1.16707   0.0068285
          14      1.1356     1.16482  0.00670984
          15     1.16208     1.16464   0.0062492
          16      1.1747     1.16527  0.00587933
          17     1.15345     1.16457  0.00556626
          18     1.18666      1.1658   0.0053894
          19     1.12663     1.16374  0.00549899
          20     1.18797     1.16495  0.00535566
          21     1.15716     1.16458  0.00510773
          22     1.17647     1.16512  0.00489995
          23     1.11404      1.1629  0.00518217
          24     1.18668     1.16389  0.00505953
          25     1.18693     1.16481  0.00493968
          26     1.17677     1.16527  0.00476811
          27     1.15833     1.16501  0.00459532
          28     1.14039     1.16414  0.00451466
          29     1.18469     1.16484  0.00441349
          30      1.1625     1.16477  0.00426455
          31     1.15353      1.1644  0.00414059
          32     1.14289     1.16373  0.00406508
          33     1.19686     1.16474  0.00406588
          34     1.18775     1.16541  0.00400213
          35     1.14648     1.16487  0.00392357
          36     1.14555     1.16433  0.00385062
          37     1.17434      1.1646  0.00375486
          38     1.18337      1.1651  0.00368792
          39     1.15282     1.16478  0.00360588
          40     1.14935      1.1644  0.00353569
          41     1.16458      1.1644  0.00344838
          42     1.16658     1.16445  0.00336567
          43     1.14236     1.16394  0.00332639
          44     1.18105     1.16433  0.00327308
          45      1.1842     1.16477  0.00322984
          46     1.15748     1.16461  0.00316281
          47     1.18515     1.16505  0.00312548
          48     1.14571     1.16465  0.00308608
          49     1.16952     1.16475  0.00302408
          50     1.14296     1.16431  0.00299484
          51     1.16244     1.16427  0.00293576
          52     1.16419     1.16427  0.00287875
          53     1.14593     1.16393  0.00284505
          54     1.18519     1.16432  0.00281951
          55     1.15386     1.16413   0.0027743
          56     1.13772     1.16366  0.00276482
          57     1.21742      1.1646  0.00287501
          58     1.15341     1.16441   0.0028316
          59     1.15171     1.16419   0.0027915
          60     1.17841     1.16443  0.00275479
          61     1.14097     1.16405  0.00273641
          62     1.14841     1.16379   0.0027037
          63     1.18084     1.16406  0.00267417
          64     1.19252     1.16451  0.00266934
          65     1.15424     1.16435   0.0026327
          66     1.13321     1.16388  0.00263508
          67     1.19213      1.1643  0.00262948
          68     1.16063     1.16425  0.00259109
          69     1.16327     1.16423   0.0025533
          70     1.15945     1.16416  0.00251748
          71     1.17594     1.16433  0.00248731
          72     1.14837     1.16411  0.00246252
          73     1.15247     1.16395  0.00243377
          74     1.21309     1.16461  0.00249081
          75     1.13622     1.16423  0.00248637
          76     1.15994     1.16418  0.00245409
          77     1.14749     1.16396  0.00243168
          78     1.20539     1.16449  0.00245838
          79     1.15927     1.16443  0.00242796
          80     1.12899     1.16398  0.00243799
          81     1.18582     1.16425  0.00242276
          82     1.14937     1.16407   0.0023999
          83     1.18596     1.16433  0.00238544
          84     1.12365     1.16385  0.00240612
          85     1.19082     1.16417  0.00239871
          86     1.18445      1.1644  0.00238237
          87     1.12258     1.16392  0.00240339
          88     1.20936     1.16444  0.00243137
          89     1.16422     1.16444   0.0024039
          90     1.15162     1.16429   0.0023813
          91       1.137     1.16399  0.00237401
          92     1.17786     1.16415   0.0023529
          93      1.1669     1.16417  0.00232765
          94     1.15761      1.1641  0.00230381
          95     1.19161     1.16439  0.00229774
          96     1.14559      1.1642   0.0022821
          97     1.14572     1.16401  0.00226647
          98     1.18508     1.16422  0.00225351
          99     1.15356     1.16412  0.00223323
         100     1.15424     1.16402  0.00221299
