-5.77993 nan
-5.77914 0.0007915
-5.78143 0.00233727
-5.78419 0.00322135
-5.78444 0.00250755
-5.78298 0.00251492
-5.78302 0.00212588
-5.78313 0.00184436
-5.78367 0.00171269
-5.78329 0.0015778
-5.7837 0.00148631
-5.7844 0.00152654
-5.78471 0.00143645
-5.78446 0.00135181
-5.78456 0.00126249
-5.78487 0.00121856
-5.78486 0.00114466
-5.7846 0.00110964
-5.78455 0.00105098
-5.78483 0.00103666
-5.78506 0.00101299
-5.78491 0.000977868
-5.78478 0.000943751
-5.78491 0.000913604
-5.78503 0.00088431
-5.78496 0.000852269
-5.7849 0.000822276
-5.78494 0.000793339
-5.785 0.000768009
-5.78493 0.000745846
-5.78489 0.000722204
-5.78492 0.000699811
-5.78486 0.000680869
-5.78491 0.000662287
-5.78486 0.000645033
-5.78499 0.000639852
-5.785 0.000622354
-5.78487 0.000618161
-5.78484 0.000602756
-5.78494 0.000595471
-5.78498 0.000581813
-5.78501 0.000568949
-5.78502 0.000555645
-5.7851 0.000548309
-5.78524 0.000554107
-5.78531 0.000546485
-5.78531 0.000534744
-5.78529 0.000523803
-5.78532 0.000513841
-5.7853 0.000503669
-5.78525 0.000496937
-5.78527 0.000487974
-5.78535 0.000484614
-5.78538 0.000476333
-5.78541 0.000469185
-5.7854 0.000460857
-5.7854 0.000452701
-5.78543 0.000445689
-5.78543 0.000438071
-5.78549 0.000435223
-5.78554 0.000430855
-5.78559 0.00042597
-5.78557 0.000419566
-5.78552 0.000415599
-5.78551 0.000409394
-5.78548 0.000403785
-5.78548 0.000397776
-5.78546 0.000392116
-5.78547 0.000386505
-5.78546 0.000381152
-5.78549 0.000377302
-5.78549 0.000372101
-5.78543 0.000371732
-5.78541 0.000367048
-5.78544 0.000363364
-5.7854 0.000360472
-5.7854 0.000355796
-5.78541 0.000351505
-5.78546 0.000349761
-5.78544 0.000345587
-5.78544 0.00034132
-5.78546 0.000337988
-5.78551 0.000336793
-5.78554 0.000334005
-5.78555 0.000330558
-5.78557 0.000327202
-5.78561 0.000325302
-5.78562 0.000322006
-5.78563 0.000318512
-5.78563 0.000315007
-5.78562 0.000311585
-5.78567 0.000311309
-5.78571 0.000310623
-5.78572 0.000307438
-5.78569 0.000305425
-5.78573 0.000305353
-5.78575 0.000302561
-5.78576 0.000299575
-5.78576 0.000296534
-5.78577 0.000293774
