4.57297 nan
4.20458 0.368388
3.69394 0.553165
2.71134 1.05759
2.28521 0.923408
3.64778 1.55725
3.79329 1.32414
3.44808 1.19757
3.36426 1.05948
3.72053 1.01238
3.68094 0.91659
3.30275 0.918229
3.19221 0.85185
3.66961 0.921896
3.83363 0.873772
3.75259 0.821347
3.73248 0.771783
3.72652 0.727668
3.53227 0.715189
3.24516 0.736737
3.43316 0.725557
3.81844 0.791843
3.77641 0.757799
3.62387 0.741398
3.63451 0.711203
3.68339 0.685048
3.64122 0.660536
3.51959 0.648026
3.45724 0.628382
3.597 0.622955
3.65983 0.605792
3.61471 0.588289
3.61509 0.570184
3.63351 0.553466
3.61848 0.53763
3.58507 0.52355
3.58753 0.509209
3.59063 0.495638
3.67509 0.490094
3.68744 0.477845
3.66205 0.466735
3.6432 0.455877
3.6249 0.445525
3.59811 0.436105
3.59151 0.426355
3.60043 0.417079
3.62019 0.408587
3.59961 0.400513
3.58864 0.392407
3.61057 0.385104
3.62385 0.377712
3.6126 0.370548
3.54178 0.370323
3.4964 0.366224
3.58421 0.370074
3.60576 0.364043
3.58474 0.358217
3.61792 0.353546
3.63059 0.347733
3.61108 0.342444
3.58689 0.337651
3.60128 0.332472
3.63141 0.328537
3.65618 0.32431
3.64619 0.319437
3.61467 0.316135
3.59398 0.312067
3.60132 0.307531
3.64104 0.305634
3.64873 0.301334
3.60184 0.300738
3.60273 0.296533
3.64688 0.295758
3.62275 0.29273
3.62474 0.288807
3.64801 0.28593
3.62967 0.282787
3.5952 0.281258
3.58232 0.277974
3.62027 0.277088
3.6362 0.274109
3.61995 0.271233
3.59268 0.26933
3.58959 0.266122
3.58975 0.262973
3.57469 0.260333
3.57436 0.257323
3.60134 0.255808
3.58493 0.253449
3.59313 0.250751
3.61873 0.249298
3.62323 0.246615
3.60354 0.244742
3.57021 0.244407
3.54799 0.24284
3.57925 0.242322
3.62057 0.243344
3.55565 0.249444
3.54232 0.247271
3.59214 0.249806
