-6.78386 nan
-6.74414 0.0397285
-6.70802 0.0427795
-6.71946 0.0323382
-6.73098 0.0275719
-6.70594 0.0336754
-6.69504 0.0304748
-6.70413 0.027912
-6.72372 0.0314636
-6.69929 0.0372681
-6.69246 0.0343957
-6.70005 0.0323042
-6.70179 0.0297663
-6.69653 0.0280557
-6.69025 0.0268627
-6.69887 0.0265668
-6.69834 0.0249609
-6.69353 0.0240195
-6.68781 0.0234286
-6.6928 0.0227796
-6.69863 0.0224383
-6.69559 0.0216102
-6.69109 0.0211339
-6.68948 0.0202975
-6.6919 0.0196184
-6.68954 0.0189955
-6.68947 0.0182786
-6.68841 0.0176459
-6.69034 0.0171364
-6.69007 0.0165576
-6.68837 0.0161048
-6.68608 0.0157599
-6.69054 0.0159127
-6.68965 0.0154634
-6.68621 0.0154034
-6.68623 0.0149694
-6.68842 0.0147228
-6.68904 0.0143434
-6.68808 0.0140035
-6.68685 0.013704
-6.68669 0.0133666
-6.68735 0.0130611
-6.68845 0.0128013
-6.68662 0.0126394
-6.68687 0.0123577
-6.68785 0.0121262
-6.68623 0.0119752
-6.68605 0.0117245
-6.68554 0.0114943
-6.68657 0.0113095
-6.68635 0.0110876
-6.68703 0.0108931
-6.68628 0.0107119
-6.68559 0.0105338
-6.68714 0.0104549
-6.68525 0.0104382
-6.68492 0.0102589
-6.68539 0.0100917
-6.686 0.00993795
-6.68611 0.00977151
-6.68545 0.00963292
-6.68488 0.00949352
-6.68603 0.00941245
-6.68459 0.00937477
-6.68424 0.00923639
-6.68452 0.00909996
-6.68634 0.00914554
-6.68506 0.00910026
-6.68354 0.00909576
-6.68435 0.00900161
-6.68517 0.00891166
-6.68621 0.00884778
-6.68538 0.0087651
-6.68478 0.00866628
-6.68434 0.00856151
-6.68488 0.00846567
-6.68418 0.00838428
-6.68415 0.00827615
-6.68418 0.00817077
-6.68465 0.0080817
-6.68451 0.00798247
-6.68342 0.00796043
-6.68353 0.0078648
-6.68384 0.00777657
-6.68462 0.00772374
-6.68459 0.00763346
-6.68401 0.00756706
-6.68412 0.0074813
-6.68409 0.00739679
-6.68436 0.00731881
-6.68395 0.00724938
-6.68491 0.00723488
-6.68461 0.00716292
-6.68472 0.00708716
-6.6842 0.00703142
-6.68388 0.00696542
-6.68394 0.00689351
-6.68336 0.00684701
-6.68295 0.0067902
-6.68369 0.0067621
