0 0
0 0
0 0
0 0
0 0
0 0
0 0
0 0
0 0
0 0
0 0
0 0
0 0
0 0
0 0
0 0
0 0
0 0
0 0
0 0
0 0
0 0
0 0
0 0
0 0
0 0
0 0
0 0
0 0
0 0
0 0
0 0
0 0
0 0
0 0
0 0
0 0
0 0
0 0
0 0
0 0
0.0196702 0.00588829
0.189018 0.0565827
0.651226 0.194945
0.902333 0.270114
1.43222 0.428737
1.79827 0.538314
1.75756 0.526127
1.49838 0.448542
0.80104 0.239792
0.420481 0.125871
0.339749 0.101704
0.162932 0.0487737
0.0481823 0.0144234
0.0117499 0.00351734
0.011324 0.00338984
0.0107624 0.00322174
0.0104453 0.00312682
0 0
0.00993011 0.00297258
0.0470505 0.0140846
0.0730478 0.0218669
0.132431 0.0396432
0.232012 0.0694529
0.299287 0.0895918
0.250769 0.0750678
0.28979 0.0867487
0.342763 0.102606
0.354495 0.106118
0.201418 0.0602946
0.118796 0.0355615
0.0881516 0.0263882
0.0397221 0.0118908
0.0385984 0.0115544
0.062472 0.018701
0.0547319 0.016384
0.165959 0.0496799
0.380993 0.114051
0.49585 0.148433
0.680398 0.203678
0.959807 0.287319
0.92623 0.277268
0.950089 0.28441
0.878193 0.262888
0.511308 0.15306
0.337701 0.101091
0.177152 0.0530305
0.113727 0.0340442
0.0888783 0.0266058
0.0780551 0.0233659
0.195458 0.0585104
0.253412 0.0758589
0.341714 0.102292
0.329854 0.098742
0.312197 0.0934564
0.335435 0.100413
0.295167 0.0883584
0.190709 0.0570888
0.122239 0.0365922
0.161637 0.0483863
