           1     10.4429     10.4429           0
           2      10.372     10.4075   0.0354604
           3     10.4644     10.4265   0.0279046
           4     10.4357     10.4288   0.0198655
           5     10.4066     10.4243   0.0160153
           6     10.3726     10.4157    0.015664
           7     10.3084     10.4004   0.0202566
           8     10.4008     10.4004   0.0175428
           9     10.3778     10.3979   0.0156745
          10     10.3519     10.3933   0.0147557
          11     10.3588     10.3902   0.0137097
          12     10.3272     10.3849   0.0135701
          13     10.3767     10.3843   0.0124986
          14     10.3153     10.3794   0.0125781
          15     10.3677     10.3786   0.0117355
          16     10.3539      10.377   0.0110852
          17     10.2824     10.3715   0.0118079
          18     10.3536     10.3705   0.0111766
          19     10.3145     10.3675   0.0109755
          20     10.3393     10.3661   0.0105073
          21     10.3234     10.3641   0.0101998
          22      10.387     10.3651  0.00978089
          23     10.3486     10.3644  0.00937342
          24     10.3533      10.364  0.00898633
          25     10.2947     10.3612  0.00905371
          26     10.3714     10.3616  0.00870746
          27     10.3463      10.361  0.00839774
          28     10.3851     10.3619  0.00813779
          29     10.2941     10.3595  0.00819228
          30     10.3387     10.3588  0.00794481
          31     10.3161     10.3575  0.00780689
          32     10.3726     10.3579  0.00757379
          33     10.3446     10.3575  0.00735186
          34     10.3149     10.3563  0.00724155
          35     10.3183     10.3552  0.00711471
          36     10.3002     10.3537  0.00708126
          37     10.3553     10.3537  0.00688736
          38     10.3433     10.3534  0.00670925
          39     10.3264     10.3527  0.00657157
          40     10.3781     10.3534  0.00643641
          41     10.3575     10.3535  0.00627828
          42     10.2727     10.3516   0.0064217
          43     10.3503     10.3515  0.00627065
          44     10.3762     10.3521  0.00615209
          45     10.2908     10.3507  0.00616616
          46     10.3323     10.3503  0.00604387
          47     10.3573     10.3505  0.00591575
          48     10.4349     10.3522  0.00605265
          49     10.2829     10.3508  0.00609432
          50     10.3164     10.3501  0.00601072
          51     10.2911      10.349  0.00600425
          52      10.434     10.3506  0.00611038
          53     10.3125     10.3499  0.00603697
          54      10.339     10.3497  0.00592756
          55     10.2937     10.3487  0.00590727
          56     10.3511     10.3487  0.00580099
          57     10.3156     10.3481  0.00572789
          58     10.4121     10.3492  0.00573549
          59     10.3073     10.3485  0.00568204
          60     10.3105     10.3479  0.00562232
          61     10.3563      10.348  0.00553111
          62     10.3626     10.3483  0.00544624
          63      10.278     10.3471  0.00547387
          64     10.4551     10.3488  0.00564573
          65     10.2716     10.3476  0.00568385
          66     10.4047     10.3485  0.00566343
          67     10.3326     10.3483  0.00558333
          68     10.3462     10.3482   0.0055007
          69     10.3423     10.3482  0.00542108
          70     10.3782     10.3486  0.00536033
          71      10.355     10.3487  0.00528507
          72     10.3349     10.3485  0.00521466
          73     10.3691     10.3488  0.00515049
          74     10.3302     10.3485  0.00508657
          75     10.2897     10.3477  0.00507918
          76     10.3824     10.3482  0.00503265
          77     10.2896     10.3474  0.00502475
          78      10.337     10.3473  0.00496172
          79     10.3582     10.3474  0.00490045
          80     10.2489     10.3462  0.00499312
          81     10.4305     10.3472  0.00503967
          82     10.3205     10.3469  0.00498847
          83     10.3514      10.347  0.00492829
          84     10.3643     10.3472  0.00487366
          85     10.4221     10.3481  0.00489589
          86     10.3226     10.3478  0.00484766
          87     10.3294     10.3475  0.00479624
          88     10.3191     10.3472  0.00475244
          89     10.3537     10.3473   0.0046993
          90       10.31     10.3469  0.00466521
          91     10.3746     10.3472  0.00462368
          92     10.3554     10.3473  0.00457402
          93     10.3257      10.347  0.00453055
          94       10.35     10.3471   0.0044822
          95     10.2635     10.3462  0.00452124
          96     10.3436     10.3462  0.00447397
          97      10.396     10.3467  0.00445729
          98     10.3518     10.3467  0.00441189
          99      10.328     10.3465   0.0043712
         100     10.3252     10.3463  0.00433256
