-1.43125 nan
-1.51843 0.08718
-1.58222 0.0812586
-1.58803 0.0577515
-1.61632 0.0529262
-1.61628 0.0432141
-1.62652 0.0379326
-1.65518 0.0435916
-1.6754 0.0434359
-1.69291 0.0426138
-1.71918 0.046649
-1.7407 0.0477118
-1.75091 0.0450613
-1.76039 0.0427814
-1.76649 0.0402925
-1.76303 0.0378492
-1.77455 0.0373744
-1.78563 0.0369369
-1.7905 0.0352768
-1.79283 0.0335472
-1.80188 0.0331694
-1.81162 0.0330919
-1.81344 0.031673
-1.81967 0.0309561
-1.82444 0.0300729
-1.83094 0.0296155
-1.83318 0.0285856
-1.83963 0.028291
-1.84905 0.0288758
-1.85746 0.0291391
-1.85789 0.0281867
-1.86088 0.027455
-1.87013 0.0281721
-1.87812 0.0284754
-1.87943 0.0276809
-1.88136 0.02697
-1.887 0.0268309
-1.89307 0.0268102
-1.89882 0.0267396
-1.90401 0.0265735
-1.90991 0.0265804
-1.91335 0.026168
-1.91965 0.0263167
-1.92431 0.0261306
-1.93099 0.0264026
-1.93544 0.0262023
-1.937 0.0256861
-1.933 0.0254615
-1.92826 0.0253834
-1.92497 0.0250862
-1.9196 0.0251698
-1.91295 0.0255623
-1.90776 0.0256058
-1.90325 0.0255288
-1.8991 0.0254018
-1.89453 0.0253589
-1.88913 0.025488
-1.88532 0.0253327
-1.8803 0.0254009
-1.87441 0.0256609
-1.86749 0.0261679
-1.85919 0.0270458
-1.85149 0.0277053
-1.84616 0.0277843
-1.84139 0.0277674
-1.83697 0.0276986
-1.83122 0.0278806
-1.8237 0.0284779
-1.82082 0.0282101
-1.8189 0.0278699
-1.81675 0.0275584
-1.81329 0.0273924
-1.81228 0.0270336
-1.81212 0.0266662
-1.81301 0.0263233
-1.81148 0.0260198
-1.81142 0.0256798
-1.81293 0.0253938
-1.81268 0.0250716
-1.81254 0.0247567
-1.81112 0.0244901
-1.80858 0.0243223
-1.80632 0.024134
-1.80455 0.0239102
-1.80228 0.0237363
-1.8002 0.0235503
-1.79871 0.023326
-1.79866 0.0230595
-1.79875 0.0227991
-1.79765 0.022571
-1.7964 0.0223566
-1.79612 0.022114
-1.79544 0.0218854
-1.79433 0.0216797
-1.79347 0.0214679
-1.7945 0.0212682
-1.80023 0.0218149
-1.80649 0.0224779
-1.80801 0.022302
-1.80799 0.0220778
