0 0
0 0
0 0
0 0
0 0
0 0
0 0
0 0
0 0
0 0
0 0
0 0
0 0
0 0
0 0
0 0
0 0
0 0
0 0
0 0
0 0
0 0
0 0
0 0
0 0
0 0
0 0
0 0
0 0
0 0
0 0
0 0
0 0
0 0
0 0
0 0
0 0
0 0
4.49207e-05 2.59757e-05
0.00216244 0.000215375
0.0366809 0.00100425
0.255537 0.00214642
0.941213 0.00362068
2.19536 0.00619242
3.60647 0.00794327
4.67448 0.00898222
4.99515 0.0108183
4.57427 0.00992545
3.70556 0.0103512
2.69695 0.00831637
1.80326 0.00532147
1.10994 0.00426977
0.631592 0.00382582
0.335382 0.00335668
0.168665 0.00215932
0.0772867 0.0015699
0.0405678 0.00109166
0.0358844 0.00108686
0.0571346 0.00140666
0.102989 0.00201849
0.179559 0.00242299
0.299403 0.00229591
0.453838 0.00265521
0.632886 0.00271464
0.798258 0.00298156
0.932291 0.00458822
0.977667 0.00521946
0.936805 0.00453789
0.810781 0.00374016
0.640175 0.00244083
0.457873 0.00243328
0.309903 0.00239555
0.212236 0.00218074
0.1807 0.00227082
0.23637 0.002623
0.413418 0.00290121
0.729926 0.00381201
1.1837 0.00402142
1.73509 0.0040464
2.25646 0.00493077
2.63557 0.00531978
2.75147 0.0071642
2.58431 0.00645797
2.19616 0.00527393
1.70069 0.00359661
1.19048 0.00306106
0.786031 0.00320588
0.522782 0.00354863
0.414271 0.00327539
0.447143 0.00305567
0.581959 0.00238934
0.759598 0.00234241
0.923957 0.00246312
1.01646 0.00346971
1.01324 0.00342014
0.926733 0.00267582
0.796306 0.00220699
0.659449 0.00239464
0.563384 0.00364536
0.563467 0.00392828
