-1.41651
-1.40658
-1.40301
-1.40989
-1.40986
-1.4163
-1.42558
-1.43753
-1.45095
-1.53627
-1.55092
-1.56518
-1.58246
-1.59457
-1.60573
-1.61595
-1.62522
-1.63152
-1.63899
-1.64554
-1.65077
-1.71966
-1.7163
-1.72264
-1.72311
-1.72008
-1.71571
-1.70819
-1.69809
-1.72351
-1.68958
-1.66788
-1.64445
-1.61771
-1.60454
-1.58284
-1.56417
-1.55562
-1.55744
-1.57038
-1.59405
-1.62627
-1.66363
-1.7032
-1.73917
-1.77984
-1.80448
-1.82167
-1.79957
-1.76268
-1.75857
-1.74544
-1.72373
-1.69174
-1.65813
-1.61151
-1.56346
-1.52038
-1.44705
-1.44092
-1.45462
-1.49605
-1.55647
-1.62631
-1.68699
-1.74707
-1.7944
-1.81456
-1.8419
-1.86165
-1.87573
-1.88438
-1.88361
-1.86552
-1.87063
-1.8297
-1.82622
-1.83457
-1.84066
-1.84657
-1.84613
-1.84493
-1.84511
-1.84132
-1.8361
-1.83198
-1.82639
-1.82866
-1.81206
-1.85863
-1.86312
-1.86645
-1.8637
-1.86214
-1.85622
-1.86265
-1.85077
-1.83745
-1.82582
-1.81661
-1.83248
-1.86297
-1.90799
-1.93614
-1.9884
-2.03433
-2.03519
-2.05332
-2.07732
-2.09114
-2.10946
-2.04394
-2.03932
-2.02693
-2.00579
-1.97191
-1.94193
-1.90843
-1.87687
-1.84925
-1.85797
-1.84582
-1.83871
-1.82841
-1.8336
-1.83563
-1.95932
-1.96035
-1.88585
-1.8891
-1.892
-1.88459
-1.88601
-1.88619
-1.88427
-1.88164
-1.87758
-1.88035
-1.87621
-1.88702
-1.86822
-1.87117
-1.86319
-1.8762
-1.88314
-1.89301
-1.88917
-1.83538
-1.82158
-1.71854
-1.71251
-1.68296
-1.6543
-1.62227
-1.63054
-1.66184
-1.71052
-1.76396
-1.81589
-1.85572
-1.88668
-1.91104
-1.93035
-1.94617
-1.94037
-1.95206
-1.99422
-2.00093
-2.01038
-2.01733
-2.02349
-2.01867
-2.01977
-1.99594
-1.99025
-1.98009
-1.95831
-1.95145
-1.93318
-1.86816
-1.85541
-1.84891
-1.84982
-1.8586
-1.87408
-1.88703
-1.89553
-1.90322
-1.90679
-1.90257
-1.89342
-1.87485
-1.86156
-1.8403
-1.82177
-1.80951
-1.81511
-1.81873
-1.82781
-1.80684
-1.86177
-1.88566
-1.91049
-1.97514
-1.99751
-2.02164
-2.0381
-2.03825
-2.05464
-2.0464
-2.04931
-2.04901
-2.0462
-2.04134
-2.03479
-2.0266
-2.0161
-1.98732
-1.96777
-1.9434
-1.9162
-1.89006
-1.81586
-1.80469
-1.80702
-1.81769
-1.83478
-1.85651
-1.8802
-1.91275
-1.93466
-1.95395
-1.96941
-1.97987
-1.98471
-1.98662
-1.97397
-1.98398
-1.95318
-1.90714
-1.87978
-1.85869
-1.86023
-1.88666
-1.92854
-1.97335
-2.00915
-2.00052
-1.99045
-2.002
-2.00925
-2.00972
-2.01035
-2.00885
-2.00545
-2.00016
-1.98213
-1.97289
-1.97636
-1.95946
-1.93523
-1.91188
-1.88123
-1.86003
-1.85036
-1.85799
-1.87125
-1.8917
-1.91317
-1.94218
-1.95334
-1.9645
-1.97998
-2.00897
-2.01274
-2.01666
-2.02089
-2.02873
-2.07098
-2.08116
-2.09103
-2.1001
-2.09922
-2.10558
-2.10848
-2.11354
-2.12888
-2.13171
-2.13365
-2.1143
-2.1114
-2.11001
-2.10671
-2.10416
-2.12308
-2.11818
-2.11119
-2.09486
-2.06049
-2.07579
-2.02019
-1.98334
-1.95048
-1.90418
-1.85998
-1.82509
-1.80345
-1.76638
-1.7829
-1.811
-1.84639
-1.88669
-1.91648
-1.93854
-1.95521
-1.97848
-1.98621
-1.99563
-2.00778
-2.02432
-2.04733
-2.07748
-2.10611
-2.13417
-2.17519
-2.19716
-2.22101
-2.23177
-2.2359
-2.2354
-2.23345
-2.19875
-2.20097
-2.14693
-2.1431
-2.12433
-2.1183
-2.10705
-2.09019
-2.05543
-2.03116
-2.00346
-1.97541
-1.94858
-1.92537
-1.90731
-1.86543
-1.86068
-1.86274
-1.8596
-1.90201
-1.91088
-1.92502
-1.94292
-1.9515
-1.9597
-1.9658
-1.97372
-1.97788
-1.9791
-1.98533
-2.05389
-2.06388
-2.07405
-2.08551
-2.10556
-2.11611
-2.13031
-2.13953
-2.14699
-2.14714
-2.15761
-2.16171
-2.1619
-2.12435
-2.11769
-2.07407
-2.07137
-2.07847
-2.08025
-2.08642
-2.09481
-2.10765
-2.11346
-2.12416
-2.13125
-2.13169
-2.13238
-2.12971
-2.12237
-2.11295
-2.08621
-2.07901
-2.08131
-2.08753
-2.09516
-2.10811
-2.12072
-2.13787
-2.15369
-2.17778
-2.20001
-2.18217
-2.17667
-2.16705
-2.15211
-2.13505
-2.11336
-2.08666
-2.06839
-2.05293
-2.0336
-2.02753
-2.01622
-2.02153
-2.03376
-2.05987
-2.07745
-2.10068
-2.1237
-2.15124
-2.17048
-2.19336
-2.20313
-2.20537
-2.20357
-2.19954
-2.1869
-2.17226
-2.15546
-2.13374
-2.11316
-2.09783
-2.09073
-2.08373
-2.08114
-2.14484
-2.15012
-2.15888
-2.1928
-2.20539
-2.21541
-2.19096
-2.23116
-2.2389
-2.24194
-2.24385
-2.24173
-2.22268
-2.2176
-2.21047
-2.20355
-2.19409
-2.19411
-2.10795
-2.09991
-2.09445
-2.08831
-2.08298
-2.07947
-2.07339
-2.06566
-2.05852
-2.06151
-2.03803
-2.01583
-1.98745
-1.95688
-1.93269
-1.89747
-1.85973
-1.82377
-1.79956
-1.77276
-1.74987
-1.73312
-1.72207
-1.65756
-1.66121
-1.67009
-1.68205
-1.69781
-1.70869
-1.71314
-1.71762
-1.71353
-1.70678
-1.69403
-1.69216
-1.68053
-1.6933
-1.7109
-1.73222
-1.75789
-1.77306
-1.77946
-1.78731
-1.78928
-1.78699
-1.83115
-1.76651
-1.7521
-1.73356
-1.68915
-1.66008
-1.63536
-1.61089
-1.58971
-1.55348
-1.51793
-1.51671
-1.52494
-1.5338
-1.54027
-1.56221
-1.58528
-1.60629
-1.61553
-1.62271
-1.62808
-1.63632
-1.63347
-1.62885
-1.62269
-1.64965
-1.65253
-1.64517
-1.63043
-1.62626
-1.65606
-1.65011
-1.64573
-1.67707
-1.67129
-1.66178
-1.65891
-1.65691
-1.65593
-1.6818
-1.68248
-1.68175
-1.68461
-1.66958
-1.66851
-1.67144
-1.67382
-1.68047
-1.68177
-1.66909
-1.66846
-1.66714
-1.66445
-1.66041
-1.6554
-1.64942
-1.64187
-1.63442
-1.62657
-1.62014
-1.61292
-1.60487
-1.59682
-1.58791
-1.57977
-1.57176
-1.58121
-1.57571
-1.58158
-1.59077
-1.59876
-1.61125
-1.62627
-1.64388
-1.66141
-1.67505
-1.68743
-1.69501
-1.69897
-1.69816
-1.68433
-1.67463
-1.66052
-1.64279
-1.62206
-1.59951
-1.57636
-1.55415
-1.53456
-1.51803
-1.50809
-1.50202
-1.50332
-1.50895
-1.51557
-1.52092
-1.52899
-1.5359
-1.53937
-1.53982
-1.5695
-1.52825
-1.51572
-1.50118
-1.48359
-1.46353
-1.44256
-1.42222
-1.40383
-1.38771
-1.37524
-1.36602
-1.3598
-1.35551
-1.35752
-1.35509
-1.35278
-1.34976
-1.34705
-1.34505
-1.34352
-1.34401
-1.34595
-1.34926
-1.35175
-1.35644
-1.37236
-1.38263
-1.39099
-1.41446
-1.43143
-1.44443
-1.51262
-1.51421
-1.51527
-1.51527
-1.5162
-1.51608
-1.52412
-1.52376
-1.52392
-1.52791
-1.52876
-1.52902
-1.53
-1.53104
-1.53196
-1.53896
-1.5453
-1.54667
-1.54748
-1.54818
-1.54896
-1.54874
-1.54874
-1.54893
-1.55626
-1.55424
-1.55165
-1.54765
-1.54223
-1.55591
-1.53544
-1.52078
-1.50311
-1.47967
-1.45121
-1.41866
-1.38805
-1.35139
-1.31554
-1.28496
-1.26575
-1.25495
-1.25656
-1.27012
-1.26709
-1.34406
-1.38151
-1.41939
-1.45535
-1.53315
-1.56149
-1.58292
-1.59701
-1.64717
-1.65862
-1.66625
-1.67128
-1.6744
-1.65399
-1.65619
-1.65975
-1.65963
-1.66666
-1.67684
-1.68846
-1.70055
-1.7107
-1.72003
-1.72974
-1.73905
-1.73258
-1.73236
-1.72014
-1.70351
-1.67565
-1.66063
-1.61748
-1.56035
-1.52254
-1.47456
-1.44735
-1.4693
-1.49674
-1.53927
-1.58569
-1.62674
-1.65873
-1.67518
-1.70246
-1.71266
-1.71985
-1.72433
-1.72942
-1.73476
-1.74185
-1.74831
-1.75469
-1.76064
-1.76637
-1.77285
-1.77729
-1.77772
-1.7842
-1.78849
-1.80014
-1.80675
-1.81486
-1.82416
-1.86063
-1.8705
-1.88449
-1.88675
-1.89283
-1.89499
-1.89409
-1.88871
-1.87793
-1.86109
-1.83751
-1.83418
-1.80017
-1.75823
-1.7228
-1.69007
-1.66309
-1.64491
-1.62975
-1.61053
-1.61142
-1.67596
-1.71027
-1.73601
-1.77222
-1.81663
-1.86053
-1.82647
-1.86203
-1.89153
-1.91258
-1.98288
-1.99606
-1.99432
-1.97878
-1.96762
-1.95352
-1.90693
-1.89006
-1.82148
-1.8067
-1.79451
-1.78456
-1.7766
-1.7817
-1.77991
-1.78469
-1.79793
-1.80029
-1.81142
-1.81663
-1.82227
-1.78
-1.78582
-1.79122
-1.79632
-1.80053
-1.80662
-1.80949
-1.81119
-1.80999
-1.8102
-1.80223
-1.79473
-1.7698
-1.73142
-1.69387
-1.65105
-1.60975
-1.57081
-1.54359
-1.53493
-1.54283
-1.56519
-1.59378
-1.6189
-1.61015
-1.62929
-1.63948
-1.64665
-1.64984
-1.65113
-1.60345
-1.60125
-1.59994
-1.60263
-1.60657
-1.60827
-1.6108
-1.65938
-1.66229
-1.66473
-1.66679
-1.66768
-1.66204
-1.66148
-1.66106
-1.65817
-1.654
-1.64907
-1.63583
-1.63077
-1.62953
-1.62228
-1.61257
-1.6067
-1.60085
-1.60014
-1.60102
-1.60352
-1.60644
-1.61115
-1.61692
-1.62266
-1.62735
-1.63265
-1.61652
-1.62158
-1.62555
-1.62867
-1.63417
-1.63617
-1.64221
-1.64941
-1.64922
-1.65794
-1.66752
-1.67858
-1.69311
-1.70873
-1.71815
-1.72653
-1.77162
-1.77889
-1.7865
-1.79372
-1.80125
-1.80904
-1.81678
-1.82471
-1.83208
-1.83841
-1.8441
-1.80819
-1.80933
-1.80854
-1.80597
-1.80051
-1.79385
-1.78438
-1.77356
-1.76145
-1.74983
-1.73743
-1.72874
-1.72161
-1.64986
-1.65156
-1.65122
-1.65215
-1.69697
-1.63289
-1.6418
-1.65276
-1.66822
-1.68227
-1.69702
-1.71261
-1.70105
-1.719
-1.73178
-1.74345
-1.75369
-1.76243
-1.76984
-1.7752
-1.77982
-1.78204
-1.78246
-1.7806
-1.77669
-1.77925
-1.77013
-1.75981
-1.74825
-1.73704
-1.71105
-1.7184
-1.71162
-1.70422
-1.6909
-1.68884
-1.68884
-1.68883
-1.68928
-1.6937
-1.69781
-1.70039
-1.70294
-1.68199
-1.67977
-1.68345
-1.68265
-1.68504
-1.70827
-1.71197
-1.71223
-1.71925
-1.72723
-1.73625
-1.75166
-1.76376
-1.7794
-1.81262
-1.83548
-1.87377
-1.90135
-1.93377
-1.97182
-2.00402
-2.05124
-2.1032
-2.1581
-2.21541
-2.27435
-2.33261
-2.40183
-2.44731
-2.49043
-2.52405
-2.55966
-2.56222
-2.55686
-2.54832
-2.51769
-2.47366
-2.42045
-2.36089
-2.29493
-2.23104
-2.16266
-2.1043
-2.06554
-2.03789
-1.9899
-1.95741
-1.93062
-1.90762
-1.89053
-1.85585
-1.83549
-1.82534
-1.81612
-1.80821
-1.7983
-1.79225
-1.78703
-1.78006
-1.77844
-1.78074
-1.89431
