-2.81192
-2.67219
-2.54368
-2.43811
-2.32456
-2.23182
-2.15394
-2.09097
-2.03964
-1.99087
-1.95959
-1.93244
-1.91519
-1.89081
-1.86729
-1.84421
-1.82121
-1.79387
-1.76968
-1.74378
-1.71447
-1.76471
-1.71382
-1.67794
-1.62554
-1.55984
-1.48394
-1.39299
-1.28717
-1.21812
-1.06469
-0.906549
-0.738558
-0.561774
-0.403621
-0.250558
-0.121038
-0.0358873
-0.000744683
-0.0192806
-0.0887887
-0.198703
-0.332495
-0.473028
-0.597953
-0.692594
-0.748845
-0.760072
-0.681797
-0.757254
-0.668931
-0.531827
-0.347135
-0.113462
0.154654
0.454351
0.755434
1.02586
1.30208
1.39405
1.37112
1.21881
0.971566
0.676099
0.397012
0.138765
-0.0643526
-0.182621
-0.283474
-0.343399
-0.371214
-0.372089
-0.362923
-0.318075
-0.28771
-0.243818
-0.189315
-0.15217
-0.104105
0.640663
0.716482
0.803039
0.895101
1.00162
1.11492
1.22674
1.33896
1.43145
1.53125
1.6183
1.69326
1.77053
1.86254
1.95811
2.06935
2.3055
2.41524
2.52654
2.6189
1.0643
2.6217
2.49151
2.28681
2.07605
1.82271
1.58739
1.41814
1.25649
1.10508
0.990054
0.904453
0.709055
0.675392
0.670876
0.695055
0.745189
0.796855
0.849133
0.881624
0.880326
0.0662085
-0.0465246
-0.191608
-0.357166
-0.565622
-0.781202
-1.11786
-1.35341
-1.74069
-1.97932
-2.20953
-2.43948
-2.64029
-2.81995
-2.97336
-3.10075
-3.19927
-3.28093
-3.32722
-3.49901
-3.4934
-3.4789
-3.42667
-3.39336
-3.32779
-3.24334
-3.10328
-2.87371
-2.56176
-1.21751
-0.938082
-0.618205
-0.31671
0.720302
0.718038
0.596521
0.386722
0.143817
-0.0945847
-0.295172
-0.461558
-0.600734
-0.719384
-0.852895
-0.894954
-0.969629
-1.01025
-1.07453
-1.14053
-1.19674
-1.24494
-1.26451
-1.28419
-1.24396
-1.22518
-1.18417
-1.10973
-1.01927
-0.938415
-0.811014
-0.751999
-0.720936
-0.722415
-0.755376
-0.811351
-0.864166
-0.901247
-0.922864
-0.917809
-0.876783
-0.805917
-0.699925
-0.591011
-0.460301
-0.336542
-0.234444
-0.182967
-0.147781
-0.144297
-0.503553
-0.221237
-0.290351
-0.365606
-0.493032
-0.558621
-0.619339
-0.654439
-0.741026
-0.756137
-0.718561
-0.680568
-0.622729
-0.548042
-0.459099
-0.357716
-0.243882
-0.114936
0.0584713
0.232545
0.429174
0.638393
0.841686
1.03015
1.14397
1.19793
1.20526
1.17711
1.12504
1.06151
0.978732
0.919073
0.870432
0.838183
0.827465
0.8422
0.87954
0.964538
1.13122
1.29675
1.49417
1.64078
1.72424
1.68816
1.52635
1.28095
1.00949
0.760098
0.589643
0.453528
0.311182
0.192397
0.0981998
0.0118802
-0.0637693
-0.129655
-0.185001
-0.207008
-0.235497
-0.273152
-0.261499
-0.224631
-0.182478
-0.129641
-0.106855
-0.131027
-0.220534
-0.350288
-0.51329
-0.684167
-0.862411
-0.996
-1.11529
-1.19978
-1.31058
-1.38715
-1.46185
-1.5382
-1.62309
-1.74612
-1.83201
-1.91107
-1.98042
-2.02132
-2.06599
-2.09412
-2.11533
-2.143
-2.1388
-2.12222
-2.05924
-2.0124
-1.95819
-1.8902
-1.81372
-1.75162
-1.64627
-1.52297
-1.36768
-1.15836
-0.574896
-0.699337
-0.419775
-0.134558
0.177613
0.470713
0.711274
0.873636
0.920923
0.881253
0.769965
0.61409
0.436648
0.279185
0.143906
0.0272216
-0.0971334
-0.192898
-0.300425
-0.42776
-0.581338
-0.765057
-0.975475
-1.19128
-1.40566
-1.63449
-1.81361
-1.97599
-2.08978
-2.16796
-2.21885
-2.25604
-2.24811
-2.28954
-2.24282
-2.25582
-2.22411
-2.19394
-2.13219
-2.03935
-1.98015
-1.84121
-1.6853
-1.52396
-1.36681
-1.22576
-1.11051
-0.996266
-0.953143
-0.944551
-0.946066
-1.01367
-1.05499
-1.11088
-1.1771
-1.22728
-1.27747
-1.32264
-1.36955
-1.40818
-1.44164
-1.48707
-1.58589
-1.63286
-1.67993
-1.72775
-1.7889
-1.82693
-1.86657
-1.89052
-1.9049
-2.01738
-2.0214
-2.01066
-1.98838
-1.91396
-1.87426
-1.80133
-1.78381
-1.79462
-1.82433
-1.89079
-1.99408
-2.14135
-2.31404
-2.53116
-2.77797
-3.04677
-3.34744
-3.66576
-3.98695
-4.29769
-4.59128
-4.81553
-4.96798
-5.01253
-4.92806
-4.72096
-4.39182
-3.97285
-0.337177
-2.96226
-2.41722
-1.80498
-1.22172
-0.649362
-0.0906759
0.442896
0.950641
1.42176
1.82995
2.1731
2.45485
2.63577
2.74219
2.74044
2.64798
2.47021
2.23699
1.94434
1.61512
1.35978
1.0307
0.729699
0.426193
0.145265
-0.121824
-0.382297
-0.628059
-0.876688
-1.13161
-2.9955
-3.48467
-3.9575
-4.40126
-4.78849
-5.12129
-5.33526
-5.58269
-5.79256
-6.00685
-6.1382
-6.20767
-6.14978
-6.08539
-5.88787
-5.58213
-5.18716
-4.71888
-4.18052
-3.65322
-3.13031
-2.63196
-2.1615
-1.737
-1.22903
-0.85783
-0.506789
-0.15691
0.204511
0.592519
1.03373
1.54349
2.13137
2.79242
3.57709
4.41028
5.24809
5.98881
6.48817
6.62844
6.25386
5.26513
3.66565
1.53843
-0.89549
-3.36866
-5.59921
-7.43212
-8.58165
-9.07663
-8.97619
-8.41014
-7.52109
-6.45508
-5.3479
-4.27172
-3.29562
-2.48616
-1.80835
-1.32285
-0.953707
-0.709672
-0.563178
-0.486413
-0.440858
-0.465513
-0.461015
-0.457778
-0.453011
-1.38576
-0.415629
-0.384311
-0.340117
-0.261711
-0.186855
-0.118258
-0.0544265
-0.00707457
0.0422697
0.062434
0.00157618
-0.105552
-0.236575
-0.379215
-0.554037
-0.726592
-0.883135
-1.00361
-1.10401
-1.18507
-1.25586
-1.29297
-1.31562
-1.32625
-1.34632
-1.34039
-1.329
-1.30659
-1.29577
-1.24681
-1.22374
-1.20303
-1.15742
-1.13548
-1.10718
-1.09322
-1.08289
-1.07687
-1.12156
-1.12318
-1.12353
-1.1317
-1.12329
-1.12305
-1.12824
-1.12873
-1.13312
-1.12167
-1.07706
-1.04957
-1.01417
-0.96948
-0.91571
-0.854015
-0.785076
-0.708572
-0.628988
-0.546462
-0.465804
-0.383992
-0.301783
-0.221602
-0.142542
-0.0688646
-0.000942606
0.0431491
0.0883551
0.122413
0.146177
0.107336
0.0405501
-0.0468358
-0.149684
-0.256703
-0.354817
-0.444789
-0.516507
-0.570318
-0.602805
-0.599766
-0.59037
-0.560529
-0.513211
-0.451731
-0.381732
-0.309781
-0.243778
-0.192057
-0.160077
-0.158119
-0.18177
-0.23694
-0.314268
-0.402409
-0.491656
-0.584168
-0.667974
-0.735034
-0.783744
-0.915706
-0.814732
-0.796178
-0.761381
-0.71057
-0.647955
-0.580289
-0.514673
-0.457577
-0.412707
-0.384825
-0.373271
-0.376744
-0.391254
-0.42279
-0.449308
-0.478154
-0.507363
-0.539493
-0.576192
-0.617991
-0.668588
-0.72687
-0.792042
-0.858541
-0.930654
-0.777994
-0.882831
-0.980337
-1.09947
-1.20135
-1.28875
-1.3822
-1.435
-1.48084
-1.51945
-1.55549
-1.58565
-1.62757
-1.65083
-1.67202
-1.69746
-1.7134
-1.72447
-1.73304
-1.73759
-1.73749
-1.7428
-1.74403
-1.73051
-1.71063
-1.68507
-1.65402
-1.61517
-1.57076
-1.5206
-1.47714
-1.40959
-1.33384
-1.24753
-1.14977
-1.07465
-0.947713
-0.801448
-0.63638
-0.446953
-0.235728
-0.00729014
0.221628
0.459625
0.683936
0.875065
1.0104
1.08698
1.09234
1.02788
0.897426
0.675408
0.477849
0.268717
0.0614048
-0.210001
-0.387456
-0.53968
-0.6644
-0.825005
-0.917574
-0.99
-1.04613
-1.08947
-1.1314
-1.16052
-1.19191
-1.21776
-1.25975
-1.30923
-1.36039
-1.40803
-1.44379
-1.46636
-1.58119
-1.46282
-1.40466
-1.33845
-1.22687
-1.08276
-0.890093
-0.690619
-0.412123
-0.087711
0.203517
0.476298
0.645366
0.650973
0.561948
0.397398
0.21027
0.0421817
-0.0877046
-0.166849
-0.238082
-0.26634
-0.278828
-0.280397
-0.280781
-0.281177
-0.285427
-0.288882
-0.2922
-0.293981
-0.294144
-0.294253
-0.289045
-0.275189
-0.274122
-0.270933
-0.284874
-0.293452
-0.308914
-0.329751
-0.366663
-0.390408
-0.419125
-0.419461
-0.419264
-0.401106
-0.364529
-0.304119
-0.216117
-0.0979078
0.051608
0.21238
0.403683
0.613966
0.805535
0.976879
1.11487
1.20936
1.26987
1.30754
1.27635
1.13443
0.969687
0.784114
0.547812
0.189725
-0.0895592
-0.267784
-0.511301
-0.721665
-0.8901
-1.07316
-1.1723
-1.22066
-1.22397
-1.21636
-1.18962
-0.802319
-0.746714
-0.616697
-0.57525
-0.545883
-0.528799
-0.523998
-0.55222
-0.575469
-0.6181
-0.682462
-0.731315
-0.683818
-0.750065
-0.818841
-0.823782
-0.891866
-0.957553
-1.02031
-1.07819
-1.1355
-1.18062
-1.21556
-1.38469
-1.24084
-1.21603
-1.17072
-1.06947
-0.917641
-0.745109
-0.546878
-0.349441
-0.172775
-0.0545346
-0.0206311
-0.0677798
-0.179523
-0.320477
-0.453731
-0.747177
-0.873244
-0.963596
-1.03126
-1.07711
-1.10862
-1.13685
-1.15057
-1.16471
-1.18719
-1.21368
-1.23754
-1.26451
-1.35852
-1.38749
-1.41586
-1.44412
-1.47141
-1.49112
-1.5224
-1.56033
-1.60233
-1.65377
-1.71917
-1.78787
-1.89611
-2.03956
-2.20489
-2.40325
-2.65065
-2.94282
-3.29094
-3.68716
-4.12773
-4.60323
-5.10589
-5.62056
-6.12767
-6.60599
-7.03844
-7.36946
-7.64917
-7.82633
-7.89138
-7.84655
-7.68222
-7.4205
-7.06829
-6.62834
-6.14344
-5.61979
-5.0766
-4.53385
-4.00166
-3.47738
-2.98064
-2.51904
-2.09693
-1.7208
-1.39126
-1.10945
-0.875066
-0.684898
-0.536585
-0.424398
-0.342257
-0.284853
-0.199853
-0.165019
-0.131179
-0.0915814
-0.0376949
0.0322955
0.125139
0.239403
0.374379
0.523999
0.686613
0.848242
1.00756
1.20858
1.3311
1.44304
1.53437
-0.165712
1.68635
1.69841
1.68463
1.64162
1.58268
1.50635
1.41526
1.35977
1.24551
1.13651
1.02691
0.918975
0.814371
0.71416
0.6211
0.533805
0.456731
0.38967
0.334312
0.290642
0.253966
0.235207
0.225522
0.223113
0.222742
0.243725
0.244125
0.224211
0.199347
0.169406
0.121317
0.0641898
0.00385276
-0.0581924
-0.127139
-0.192951
-0.25195
-0.306199
-0.315035
-0.348396
-0.387398
-0.411148
-0.434608
-0.365281
-0.394174
-0.407431
-0.423679
-0.431601
-0.430941
-0.431637
-0.414543
-0.392723
-0.387228
-0.355906
-0.338385
-0.292642
-0.244486
-0.196321
-0.147763
-0.0994343
-0.0533016
-0.00812891
0.0340022
0.0706376
0.101546
0.0991707
0.123111
0.130655
0.129859
0.0981791
0.0981245
0.0848568
0.0544895
0.0412031
0.0357525
0.0346005
0.03669
0.04594
0.0490997
0.0598875
0.0542243
0.0139393
0.0189826
0.00875924
-0.0249764
-0.061517
-0.0960205
-0.132017
-0.129504
-0.216783
-0.238006
-0.252756
-0.263211
-0.264455
-0.269283
-0.273661
-0.275892
-0.293705
-0.330001
-0.519552
