-1.92603 inf
-1.92742 1.15792e+77
-1.9282 nan
-1.92799 nan
-1.9279 nan
-1.9276 nan
-1.92745 nan
-1.92747 nan
-1.92734 nan
-1.92689 nan
-1.92637 nan
-1.92587 nan
-1.92544 nan
-1.92509 nan
-1.92485 nan
-1.9248 nan
-1.92474 nan
-1.92466 nan
-1.92458 nan
-1.92452 nan
-1.92445 nan
-1.92432 nan
-1.92414 nan
-1.92397 nan
-1.92394 nan
-1.92383 nan
-1.9238 nan
-1.92386 nan
-1.92378 nan
-1.92374 nan
-1.92373 nan
-1.9237 nan
-1.92367 nan
-1.92359 nan
-1.92354 nan
-1.92356 nan
-1.92362 nan
-1.92365 nan
-1.9237 nan
-1.92377 nan
-1.92383 nan
-1.92383 nan
-1.92382 nan
-1.92382 nan
-1.92378 nan
-1.92375 nan
-1.92376 nan
-1.92377 nan
-1.92377 nan
-1.92379 nan
-1.92379 nan
-1.92376 nan
-1.92374 nan
-1.92376 nan
-1.92379 nan
-1.9238 nan
-1.92376 nan
-1.92369 nan
-1.92361 nan
-1.92354 nan
-1.9235 nan
-1.92352 nan
-1.92353 nan
-1.92357 nan
-1.9236 nan
-1.92363 nan
-1.92367 nan
-1.92365 nan
-1.92365 nan
-1.92366 nan
-1.92368 nan
-1.92367 nan
-1.92366 nan
-1.92367 nan
-1.92368 nan
-1.92369 nan
-1.92369 nan
-1.92369 nan
-1.92367 nan
-1.92364 nan
-1.92363 nan
-1.92363 nan
-1.92362 nan
-1.92361 nan
-1.9236 nan
-1.92357 nan
-1.92353 nan
-1.9235 nan
-1.92346 nan
-1.92342 nan
-1.92341 nan
-1.92339 nan
-1.92338 nan
-1.92339 nan
-1.92339 nan
-1.92335 nan
-1.92336 nan
-1.92334 nan
-1.92332 nan
-1.92333 0.000214297
