-6.36287
-6.35612
-6.34276
-6.3225
-6.29062
-6.2325
-6.16919
-6.08361
-5.96864
-5.84023
-5.69172
-5.55178
-5.4466
-5.38082
-5.33849
-5.29886
-5.2534
-5.20207
-5.1529
-5.11358
-5.0885
-5.07955
-5.08606
-5.11115
-5.15789
-5.22642
-5.30699
-5.38169
-5.43195
-5.45203
-5.43943
-5.39702
-5.33876
-5.27469
-5.21596
-5.17175
-5.14251
-5.13128
-5.14129
-5.16904
-5.20878
-5.25306
-5.29836
-5.33985
-5.37546
-5.40345
-5.42454
-5.43617
-5.43871
-5.43481
-5.42595
-5.41398
-5.40161
-5.38759
-5.37089
-5.35654
-5.34658
-5.34385
-5.34808
-5.35668
-5.36809
-5.3791
-5.39449
-5.41246
-5.43326
-5.45543
-5.47614
-5.4931
-5.50814
-5.51945
-5.52797
-5.53391
-5.53528
-5.53227
-5.52338
-5.50665
-5.4849
-5.45841
-5.4283
-5.39756
-5.36785
-5.34239
-5.32058
-5.30089
-5.28257
-5.2655
-5.24833
-5.23551
-5.23402
-5.24706
-5.26923
-5.29077
-5.3051
-5.30775
-5.2978
-5.28193
-5.26178
-5.23995
-5.21786
-5.19436
-5.17322
-5.15446
-5.13854
-5.12531
-5.11631
-5.1143
-5.11703
-5.12311
-5.13105
-5.13954
-5.14801
-5.15672
-5.16723
-5.17748
-5.18758
-5.19654
-5.2019
-5.20252
-5.2003
-5.19364
-5.18285
-5.16914
-5.1507
-5.1299
-5.10582
-5.08378
-5.07035
-5.06784
-5.07826
-5.09622
-5.11892
-5.14155
-5.16107
-5.17564
-5.18696
-5.19343
-5.19619
-5.19558
-5.18886
-5.17896
-5.16576
-5.15113
-5.13591
-5.12594
-5.12337
-5.13078
-5.14594
-5.16374
-5.185
-5.2063
-5.2294
-5.2543
-5.28128
-5.3079
-5.33127
-5.34822
-5.35843
-5.36146
-5.35663
-5.34531
-5.3294
-5.30991
-5.28646
-5.26011
-5.23152
-5.20068
-5.16961
-5.13818
-5.10765
-5.08057
-5.06023
-5.04668
-5.03983
-5.0393
-5.04747
-5.06069
-5.08033
-5.10356
-5.12757
-5.14848
-5.16625
-5.17738
-5.18309
-5.18627
-5.18871
-5.19368
-5.20421
-5.22087
-5.24103
-5.26127
-5.27798
-5.29133
-5.29721
-5.29895
-5.29401
-5.28368
-5.2707
-5.25584
-5.23917
-5.22273
-5.20884
-5.20004
-5.19646
-5.19877
-5.20592
-5.21254
-5.21747
-5.21758
-5.21142
-5.20076
-5.18869
-5.18032
-5.17859
-5.18396
-5.19499
-5.20917
-5.2247
-5.23859
-5.25134
-5.26257
-5.27079
-5.27341
-5.27028
-5.26477
-5.25469
-5.24586
-5.24014
-5.23867
-5.24258
-5.24949
-5.25959
-5.27138
-5.28244
-5.29346
-5.30317
-5.31042
-5.31564
-5.31869
-5.31822
-5.31412
-5.30546
-5.29438
-5.27831
-5.25933
-5.23777
-5.21563
-5.19252
-5.17153
-5.15291
-5.13884
-5.12821
-5.12241
-5.12129
-5.1249
-5.13088
-5.13787
-5.14321
-5.14945
-5.15309
-5.15463
-5.15351
-5.14816
-5.14073
-5.12935
-5.11537
-5.09893
-5.08113
-5.06408
-5.05068
-5.04377
-5.04317
-5.04923
-5.06354
-5.08195
-5.10438
-5.12708
-5.14864
-5.16819
-5.18255
-5.19165
-5.19662
-5.19632
-5.19402
-5.1912
-5.18942
-5.19055
-5.19621
-5.20598
-5.22119
-5.2402
-5.26174
-5.28587
-5.30663
-5.31781
-5.31805
-5.30675
-5.28615
-5.26065
-5.23263
-5.20748
-5.18742
-5.17446
-5.17095
-5.17389
-5.18496
-5.20036
-5.21841
-5.23655
-5.25245
-5.26511
-5.27492
-5.27912
-5.27998
-5.27773
-5.27172
-5.26388
-5.25398
-5.24179
-5.22856
-5.21363
-5.19902
-5.18755
-5.1815
-5.18369
-5.18908
-5.1996
-5.20969
-5.21632
-5.21759
-5.21207
-5.20126
-5.18581
-5.16845
-5.15185
-5.13613
-5.12351
-5.11453
-5.11155
-5.11343
-5.11944
-5.13218
-5.14782
-5.16662
-5.18772
-5.20856
-5.22999
-5.25026
-5.26711
-5.2794
-5.28702
-5.28878
-5.2851
-5.27657
-5.26419
-5.24636
-5.22722
-5.20451
-5.17952
-5.15392
-5.12773
-5.10662
-5.09058
-5.08128
-5.07807
-5.07868
-5.07995
-5.08322
-5.08531
-5.08633
-5.08499
-5.08282
-5.08156
-5.08016
-5.08353
-5.09028
-5.10376
-5.12279
-5.14429
-5.16854
-5.1927
-5.21444
-5.23181
-5.24354
-5.25128
-5.25365
-5.25078
-5.24516
-5.23765
-5.22901
-5.22234
-5.21608
-5.21097
-5.20392
-5.1941
-5.18136
-5.16933
-5.16253
-5.1644
-5.17468
-5.18829
-5.19827
-5.20117
-5.19611
-5.18501
-5.16968
-5.15673
-5.14877
-5.14924
-5.15861
-5.1741
-5.19295
-5.21152
-5.2257
-5.23535
-5.23924
-5.23677
-5.23054
-5.22032
-5.20886
-5.19814
-5.18723
-5.17604
-5.16596
-5.15635
-5.1474
-5.13975
-5.13391
-5.13022
-5.12849
-5.12998
-5.13364
-5.13721
-5.13969
-5.14132
-5.14061
-5.13909
-5.13762
-5.13636
-5.13802
-5.14098
-5.14673
-5.15402
-5.16323
-5.17159
-5.1803
-5.18718
-5.19224
-5.19556
-5.19693
-5.19633
-5.19289
-5.18611
-5.17657
-5.16307
-5.1487
-5.13672
-5.12915
-5.12811
-5.13214
-5.14057
-5.14808
-5.15603
-5.16319
-5.1693
-5.17496
-5.17851
-5.17808
-5.17658
-5.17401
-5.17329
-5.17439
-5.17632
-5.17866
-5.17856
-5.17449
-5.16777
-5.156
-5.13813
-5.11719
-5.09865
-5.08783
-5.08852
-5.09714
-5.11223
-5.13131
-5.15059
-5.1705
-5.1875
-5.20249
-5.21468
-5.22546
-5.23073
-5.23283
-5.22826
-5.21824
-5.20209
-5.18183
-5.1567
-5.13207
-5.11295
-5.10157
-5.10185
-5.1133
-5.13059
-5.15079
-5.17283
-5.1957
-5.21773
-5.23973
-5.2626
-5.28364
-5.30046
-5.31035
-5.3132
-5.30709
-5.29407
-5.27445
-5.25415
-5.23237
-5.21274
-5.19457
-5.17888
-5.1675
-5.15686
-5.15323
-5.15232
-5.15575
-5.16237
-5.16865
-5.17553
-5.18125
-5.18682
-5.19038
-5.1954
-5.19895
-5.20235
-5.20677
-5.21304
-5.22024
-5.22759
-5.23337
-5.23832
-5.24211
-5.24603
-5.25133
-5.25719
-5.26264
-5.26656
-5.26847
-5.26576
-5.26067
-5.2549
-5.24635
-5.23918
-5.23278
-5.22875
-5.22494
-5.22131
-5.21837
-5.21509
-5.21225
-5.20735
-5.20388
-5.20119
-5.2019
-5.20403
-5.20737
-5.20945
-5.20981
-5.20625
-5.20087
-5.19329
-5.1861
-5.17967
-5.17365
-5.169
-5.1664
-5.16441
-5.16417
-5.16669
-5.17169
-5.17796
-5.18615
-5.193
-5.19871
-5.20217
-5.20569
-5.20649
-5.20688
-5.20689
-5.20265
-5.19604
-5.18625
-5.17195
-5.15653
-5.1372
-5.11686
-5.09701
-5.07734
-5.06286
-5.05196
-5.0455
-5.04391
-5.04897
-5.05916
-5.07252
-5.0888
-5.10478
-5.11968
-5.13203
-5.14129
-5.1495
-5.15672
-5.16256
-5.1659
-5.16446
-5.15827
-5.14521
-5.12314
-5.09284
-5.05555
-5.01608
-4.97984
-4.95085
-4.93585
-4.93548
-4.94933
-4.97612
-5.01171
-5.05181
-5.09243
-5.131
-5.16487
-5.19421
-5.21646
-5.23417
-5.24363
-5.24624
-5.24194
-5.23194
-5.21799
-5.20131
-5.18722
-5.17618
-5.17222
-5.17634
-5.18982
-5.20857
-5.23074
-5.25115
-5.26756
-5.27523
-5.27377
-5.26229
-5.24311
-5.21594
-5.18317
-5.1498
-5.11616
-5.08706
-5.06408
-5.05037
-5.04517
-5.05082
-5.06267
-5.07912
-5.09597
-5.10771
-5.11178
-5.10806
-5.0966
-5.08087
-5.06477
-5.05249
-5.04515
-5.04357
-5.04483
-5.04828
-5.05094
-5.05221
-5.05087
-5.04837
-5.04556
-5.04334
-5.04226
-5.04557
-5.05396
-5.06724
-5.08453
-5.10403
-5.12306
-5.13878
-5.14929
-5.15831
-5.16564
-5.17483
-5.1858
-5.19637
-5.2088
-5.22033
-5.2296
-5.23757
-5.2449
-5.25327
-5.26319
-5.27562
-5.28926
-5.30308
-5.31307
-5.31755
-5.31834
-5.31386
-5.3053
-5.29616
-5.2853
-5.27655
-5.26854
-5.26393
-5.26213
-5.26316
-5.26333
-5.26364
-5.25865
-5.24858
-5.23411
-5.21395
-5.18998
-5.1644
-5.1376
-5.11077
-5.08361
-5.05874
-5.03709
-5.02061
-5.00982
-5.009
-5.01757
-5.0351
-5.05964
-5.08763
-5.11766
-5.14625
-5.17211
-5.19536
-5.21546
-5.23393
-5.25072
-5.2659
-5.2793
-5.28961
-5.29515
-5.29448
-5.28812
-5.27215
-5.25031
-5.21974
-5.1871
-5.15291
-5.12332
-5.10147
-5.09036
-5.09353
-5.10884
-5.13415
-5.16252
-5.18967
-5.21043
-5.22522
-5.23432
-5.23874
-5.241
-5.23896
-5.23448
-5.22767
-5.21804
-5.2044
-5.18849
-5.17199
-5.15655
-5.14337
-5.1333
-5.12435
-5.11704
-5.11604
-5.12244
-5.13787
-5.15991
-5.1858
-5.2101
-5.23285
-5.24865
-5.25893
-5.26208
-5.25793
-5.24877
-5.23572
-5.22372
-5.21458
-5.20843
-5.20228
-5.19359
-5.18219
-5.16661
-5.14803
-5.13054
-5.11456
-5.10327
-5.10116
-5.1095
-5.12689
-5.155
-5.19147
-5.23325
-5.27685
-5.31881
-5.35376
-5.38009
-5.39494
-5.39838
-5.38878
-5.36824
-5.34051
-5.30404
-5.26287
-5.21796
-5.17298
-5.1323
-5.09903
-5.07377
-5.05971
-5.05608
-5.06151
-5.07444
-5.09346
-5.11629
-5.14106
-5.16455
-5.18393
-5.19778
-5.20442
-5.20322
-5.19699
-5.18511
-5.16903
-5.1526
-5.13759
-5.12658
-5.12135
-5.12547
-5.13804
-5.15529
-5.17683
-5.199
-5.22085
-5.24001
-5.25642
-5.27069
-5.28308
-5.29288
-5.3005
-5.3058
-5.30813
-5.30585
-5.30034
-5.2923
-5.28317
-5.27567
-5.26858
-5.2629
-5.25771
-5.252
-5.24626
-5.24043
-5.23436
-5.22878
-5.2256
-5.22457
-5.22175
-5.22008
-5.2171
-5.21384
-5.20829
-5.20063
-5.19045
-5.17795
-5.16363
-5.1477
-5.12961
-5.1104
-5.09315
-5.07869
-5.06731
-5.05781
-5.0481
-5.03728
-5.0282
-5.02264
-5.02388
-5.035
-5.05792
-5.08745
-5.11915
-5.14822
-5.17173
-5.1867
-5.1934
-5.19196
-5.18506
-5.17294
-5.15632
-5.13881
-5.1218
-5.10525
-5.09192
-5.08187
-5.07658
-5.07877
-5.08811
-5.10365
-5.12417
-5.14537
-5.16528
-5.18041
-5.1907
-5.1945
-5.19353
-5.1874
-5.17743
-5.16354
-5.14834
-5.1328
-5.11605
-5.10119
-5.0904
-5.08273
-5.07825
-5.07765
-5.07747
-5.07556
-5.07087
-5.066
-5.05973
-5.05602
-5.05515
-5.05693
-5.06189
-5.07184
-5.08584
-5.10371
-5.12813
-5.15578
-5.18718
-5.2205
-5.25312
-5.28104
-5.30118
-5.31186
-5.31475
-5.309
-5.29457
-5.27456
-5.24636
-5.21522
-5.1812
-5.14978
-5.12406
-5.10788
-5.10303
-5.10955
-5.12365
-5.14293
-5.16345
-5.18518
-5.20417
-5.22148
-5.23575
-5.248
-5.25701
-5.26159
-5.26121
-5.26014
-5.25694
-5.2526
-5.24793
-5.24355
-5.23793
-5.23039
-5.22224
-5.21225
-5.20303
-5.19282
-5.18095
-5.16922
-5.15758
-5.14852
-5.13952
-5.13283
-5.12641
-5.1182
-5.11002
