2.84813
2.84137
2.82876
2.8085
2.77783
2.73345
2.67013
2.58274
2.46776
2.32758
2.17576
2.03583
1.93065
1.86486
1.82282
1.78455
1.73969
1.68927
1.64026
1.60019
1.5742
1.5645
1.57207
1.59912
1.64874
1.71968
1.80129
1.87628
1.92865
1.94903
1.93568
1.89388
1.83427
1.7696
1.71088
1.66515
1.63622
1.6265
1.63696
1.66516
1.7052
1.75038
1.79553
1.83732
1.87354
1.90243
1.92262
1.93349
1.93558
1.93077
1.92176
1.9107
1.89803
1.88325
1.867
1.85205
1.84195
1.83891
1.84284
1.85173
1.86315
1.87582
1.89031
1.90797
1.92893
1.95109
1.97165
1.98892
2.00275
2.01376
2.02227
2.02792
2.02974
2.02658
2.01753
2.00217
1.98071
1.95423
1.92457
1.89413
1.86533
1.83987
1.81821
1.79957
1.78231
1.76494
1.74793
1.7354
1.73407
1.74726
1.76988
1.79186
1.80544
1.80794
1.80041
1.78545
1.7659
1.74407
1.72153
1.69924
1.67795
1.65844
1.64176
1.62914
1.62164
1.61964
1.62251
1.62875
1.63668
1.64517
1.65395
1.66326
1.67332
1.68372
1.69352
1.70142
1.70633
1.70755
1.70488
1.69837
1.68803
1.67371
1.65527
1.63327
1.60979
1.58881
1.57523
1.57273
1.58178
1.59959
1.62169
1.64386
1.66323
1.67841
1.68912
1.69559
1.69805
1.69653
1.69087
1.68096
1.66732
1.65148
1.63642
1.62614
1.62418
1.63159
1.64644
1.6653
1.6855
1.70635
1.72869
1.75344
1.78012
1.80659
1.82995
1.84766
1.85818
1.86105
1.85667
1.84596
1.83005
1.80996
1.7865
1.76031
1.73187
1.70163
1.67011
1.63822
1.60754
1.58032
1.55892
1.54492
1.53867
1.53965
1.54737
1.56149
1.58128
1.60482
1.62912
1.65109
1.6684
1.67999
1.68615
1.68858
1.69027
1.69479
1.70486
1.72092
1.74077
1.76101
1.77848
1.79122
1.79831
1.79945
1.79481
1.78508
1.7715
1.75558
1.73892
1.72308
1.70979
1.70085
1.69757
1.70003
1.70657
1.7141
1.71903
1.71868
1.71237
1.70186
1.6907
1.68294
1.68135
1.68658
1.6973
1.71133
1.72655
1.74136
1.75455
1.76503
1.77174
1.7739
1.77138
1.76497
1.7564
1.74802
1.74215
1.74039
1.74323
1.75014
1.75994
1.77128
1.78294
1.79397
1.80367
1.81152
1.81704
1.8198
1.81933
1.81523
1.80717
1.79503
1.77896
1.75952
1.73766
1.71463
1.69181
1.67052
1.6519
1.63693
1.62645
1.62095
1.62029
1.62359
1.62942
1.63626
1.64281
1.64814
1.65163
1.65287
1.6516
1.6476
1.64063
1.63046
1.61708
1.60094
1.5833
1.56624
1.5524
1.54428
1.54353
1.55049
1.56419
1.58291
1.60458
1.62713
1.64854
1.66703
1.68124
1.69049
1.69501
1.69577
1.69422
1.692
1.69068
1.69166
1.69611
1.70497
1.71898
1.73829
1.76164
1.78576
1.80591
1.81754
1.81794
1.80694
1.78665
1.7607
1.73313
1.70768
1.68732
1.67422
1.66964
1.67364
1.68486
1.70087
1.71891
1.7366
1.7522
1.76455
1.773
1.77736
1.77776
1.77475
1.76905
1.76121
1.75146
1.73972
1.72605
1.71111
1.69666
1.68519
1.67914
1.67981
1.68657
1.69693
1.70747
1.71486
1.71673
1.71211
1.70146
1.68631
1.6688
1.65114
1.63528
1.62266
1.61428
1.61084
1.61273
1.61994
1.63208
1.64832
1.66758
1.68868
1.71042
1.7317
1.75137
1.76822
1.7811
1.78903
1.79139
1.78817
1.77979
1.76695
1.75034
1.73045
1.70773
1.68289
1.65714
1.63231
1.6106
1.59395
1.58345
1.57888
1.57888
1.58151
1.58478
1.58718
1.58789
1.58686
1.58469
1.58267
1.58249
1.58586
1.59411
1.60775
1.62632
1.64857
1.67267
1.69652
1.71812
1.73579
1.74842
1.75556
1.75732
1.75446
1.74823
1.74027
1.73223
1.72526
1.71945
1.71373
1.70653
1.69672
1.68458
1.67271
1.66576
1.66763
1.67776
1.6909
1.70073
1.70318
1.69737
1.68506
1.66988
1.65633
1.64867
1.64944
1.65867
1.67415
1.69255
1.71051
1.72529
1.73509
1.73913
1.73757
1.73134
1.72188
1.71072
1.6991
1.68773
1.67685
1.66647
1.6567
1.64776
1.63995
1.63366
1.62937
1.62763
1.62868
1.63203
1.63635
1.63989
1.64137
1.64065
1.63868
1.63676
1.63596
1.63702
1.64043
1.64633
1.65437
1.66373
1.6733
1.68201
1.68919
1.69455
1.69803
1.69955
1.6988
1.69521
1.68827
1.67782
1.66447
1.64996
1.63722
1.6295
1.62847
1.63309
1.64062
1.64858
1.65593
1.66264
1.66874
1.6738
1.6769
1.67752
1.67618
1.67436
1.67365
1.67459
1.67652
1.67811
1.67801
1.67499
1.66782
1.65544
1.63787
1.61754
1.59946
1.58909
1.58903
1.5981
1.61334
1.63196
1.65185
1.67146
1.68967
1.70571
1.71896
1.72883
1.7347
1.73589
1.73178
1.72191
1.70622
1.68535
1.66113
1.63695
1.61739
1.60676
1.60719
1.61758
1.63472
1.65522
1.67696
1.69922
1.722
1.74521
1.76809
1.78897
1.80564
1.81583
1.81793
1.81151
1.79759
1.77843
1.75691
1.73559
1.71595
1.69854
1.68346
1.67102
1.66189
1.65675
1.65584
1.65866
1.66423
1.67126
1.6786
1.68537
1.69109
1.69556
1.69891
1.70171
1.70481
1.70908
1.71489
1.72179
1.72869
1.73462
1.73927
1.74321
1.74743
1.75258
1.75859
1.76449
1.76887
1.77047
1.76866
1.76358
1.75615
1.74775
1.73982
1.73328
1.72834
1.72468
1.72165
1.71855
1.71483
1.71032
1.70542
1.70105
1.69836
1.69816
1.70029
1.70348
1.70586
1.70592
1.70311
1.69788
1.69121
1.68417
1.67759
1.67203
1.66767
1.66462
1.66308
1.66345
1.66613
1.67112
1.67785
1.68528
1.69228
1.69799
1.70205
1.70452
1.70562
1.70541
1.7036
1.69966
1.6929
1.68281
1.66927
1.65263
1.63361
1.61327
1.59297
1.57421
1.55852
1.54717
1.54101
1.54048
1.54553
1.55573
1.56999
1.58657
1.6033
1.61835
1.63071
1.64042
1.64817
1.65464
1.65987
1.66307
1.66268
1.6568
1.64358
1.62181
1.59151
1.55452
1.51475
1.47776
1.44939
1.43408
1.43386
1.44831
1.4751
1.51069
1.55094
1.59186
1.63028
1.6643
1.69304
1.71604
1.73269
1.7423
1.74446
1.73956
1.72881
1.71411
1.69787
1.68288
1.67199
1.66773
1.6717
1.68412
1.70332
1.72579
1.74711
1.76321
1.77133
1.77018
1.7596
1.74028
1.71356
1.68154
1.64696
1.61303
1.58302
1.5599
1.54588
1.54204
1.54784
1.56105
1.57795
1.59419
1.60577
1.61
1.60598
1.59482
1.57939
1.5636
1.55102
1.54367
1.54149
1.5429
1.5459
1.5487
1.55013
1.5497
1.54765
1.54484
1.54263
1.54261
1.54636
1.55506
1.56895
1.58684
1.60633
1.62461
1.63957
1.65069
1.65911
1.66689
1.67578
1.68644
1.69838
1.7105
1.72173
1.73145
1.73972
1.74736
1.75573
1.7661
1.77883
1.79292
1.80629
1.81658
1.82212
1.8223
1.81768
1.80956
1.79952
1.78896
1.77915
1.7713
1.76638
1.76458
1.76501
1.76578
1.76458
1.75944
1.74921
1.73383
1.71398
1.69076
1.66534
1.63869
1.6117
1.5853
1.56058
1.53894
1.52215
1.51227
1.51115
1.51972
1.5374
1.56208
1.59083
1.62071
1.64945
1.67561
1.69871
1.71896
1.73698
1.75331
1.7682
1.78129
1.79161
1.79775
1.79813
1.79131
1.77641
1.75351
1.72399
1.6906
1.65701
1.62728
1.60528
1.59447
1.59704
1.6125
1.6372
1.66542
1.69166
1.71241
1.7266
1.73495
1.73892
1.73981
1.73823
1.73405
1.72679
1.7161
1.70216
1.68595
1.66915
1.65356
1.64022
1.6291
1.61984
1.61329
1.61199
1.6187
1.63413
1.65631
1.68175
1.70696
1.7291
1.7461
1.75654
1.75969
1.75568
1.74593
1.73318
1.72088
1.71143
1.70483
1.69883
1.69074
1.67889
1.66317
1.64489
1.62634
1.61036
1.59997
1.59772
1.6053
1.6233
1.65111
1.68712
1.72875
1.77249
1.81415
1.84956
1.87543
1.88983
1.89221
1.88306
1.86344
1.83465
1.79833
1.75656
1.71195
1.66772
1.62734
1.59393
1.56973
1.55582
1.55219
1.55792
1.57146
1.59078
1.6136
1.63762
1.6605
1.68003
1.69418
1.70158
1.70173
1.69521
1.68348
1.66846
1.65218
1.63687
1.6254
1.62093
1.62536
1.63807
1.65639
1.67732
1.69888
1.71982
1.73914
1.756
1.77012
1.7819
1.79186
1.79993
1.80538
1.80725
1.80513
1.79947
1.79158
1.78306
1.77525
1.76876
1.76338
1.75835
1.75294
1.7469
1.74061
1.73485
1.73032
1.72729
1.72551
1.72435
1.72298
1.72061
1.71659
1.71058
1.70248
1.69229
1.67994
1.66532
1.64849
1.63009
1.61148
1.59439
1.58008
1.5687
1.55905
1.54949
1.53928
1.5296
1.52358
1.52513
1.537
1.55917
1.58854
1.62024
1.64946
1.67266
1.68793
1.69478
1.6938
1.68629
1.67388
1.65832
1.64126
1.6241
1.60815
1.59467
1.58493
1.58024
1.58183
1.59041
1.6055
1.62511
1.64616
1.66546
1.68059
1.69028
1.69423
1.69281
1.68667
1.67655
1.66326
1.64776
1.63117
1.61472
1.59987
1.58801
1.5802
1.57647
1.57557
1.57523
1.57332
1.56893
1.56286
1.55689
1.55272
1.55126
1.55288
1.558
1.56719
1.58104
1.59997
1.62409
1.65294
1.68525
1.71871
1.75043
1.77744
1.79743
1.80902
1.81176
1.80586
1.79188
1.77066
1.74336
1.71177
1.67851
1.6471
1.62153
1.60535
1.6005
1.60656
1.62112
1.64069
1.66196
1.68264
1.70163
1.71864
1.73352
1.74576
1.75462
1.75951
1.76048
1.75836
1.75441
1.74976
1.74494
1.7398
1.73388
1.72695
1.7191
1.71046
1.70094
1.69043
1.67917
1.66774
1.65685
1.64704
1.63849
1.63104
1.62417
1.61702
1.60869
