1.89875
1.89425
1.88584
1.87234
1.85189
1.8223
1.78009
1.72182
1.64517
1.55172
1.4505
1.35722
1.2871
1.24324
1.21521
1.1897
1.1598
1.12618
1.09351
1.0668
1.04947
1.043
1.04805
1.06608
1.09916
1.14645
1.20086
1.25085
1.28577
1.29935
1.29045
1.26259
1.22284
1.17973
1.14058
1.1101
1.09081
1.08433
1.09131
1.11011
1.1368
1.16692
1.19702
1.22488
1.24902
1.26829
1.28174
1.28899
1.29038
1.28718
1.28117
1.2738
1.26535
1.2555
1.24467
1.2347
1.22797
1.22594
1.22856
1.23449
1.2421
1.25055
1.2602
1.27198
1.28595
1.30073
1.31444
1.32595
1.33517
1.34251
1.34818
1.35195
1.35316
1.35105
1.34502
1.33478
1.32048
1.30282
1.28305
1.26276
1.24355
1.22658
1.21214
1.19972
1.18821
1.17663
1.16528
1.15694
1.15605
1.16484
1.17992
1.19458
1.20362
1.20529
1.20027
1.1903
1.17727
1.16271
1.14769
1.13283
1.11863
1.10562
1.09451
1.08609
1.0811
1.07976
1.08167
1.08583
1.09112
1.09678
1.10263
1.10884
1.11555
1.12248
1.12901
1.13428
1.13755
1.13836
1.13659
1.13225
1.12535
1.11581
1.10351
1.08885
1.07319
1.05921
1.05016
1.04848
1.05452
1.06639
1.08112
1.09591
1.10882
1.11894
1.12608
1.13039
1.13203
1.13102
1.12724
1.12064
1.11155
1.10099
1.09094
1.08409
1.08278
1.08773
1.09763
1.1102
1.12367
1.13756
1.15246
1.16896
1.18674
1.20439
1.21997
1.23177
1.23878
1.2407
1.23778
1.23064
1.22003
1.20664
1.191
1.17354
1.15458
1.13442
1.11341
1.09215
1.0717
1.05355
1.03928
1.02995
1.02578
1.02643
1.03158
1.041
1.05419
1.06988
1.08608
1.10073
1.11227
1.11999
1.1241
1.12572
1.12684
1.12986
1.13657
1.14728
1.16052
1.17401
1.18565
1.19414
1.19887
1.19963
1.19654
1.19005
1.181
1.17039
1.15928
1.14872
1.13986
1.1339
1.13171
1.13335
1.13772
1.14273
1.14602
1.14579
1.14158
1.13457
1.12714
1.12196
1.1209
1.12439
1.13154
1.14089
1.15104
1.1609
1.1697
1.17669
1.18116
1.1826
1.18092
1.17665
1.17093
1.16535
1.16144
1.16026
1.16216
1.16676
1.1733
1.18085
1.18862
1.19598
1.20245
1.20768
1.21136
1.2132
1.21289
1.21015
1.20478
1.19669
1.18598
1.17302
1.15844
1.14308
1.12787
1.11368
1.10127
1.09129
1.0843
1.08063
1.08019
1.08239
1.08628
1.09084
1.09521
1.09876
1.10108
1.10191
1.10106
1.0984
1.09375
1.08697
1.07805
1.06729
1.05553
1.04416
1.03493
1.02952
1.02902
1.03366
1.0428
1.05527
1.06972
1.08475
1.09903
1.11135
1.12082
1.12699
1.13
1.13051
1.12948
1.128
1.12712
1.12777
1.13074
1.13665
1.14599
1.15886
1.17443
1.19051
1.20394
1.2117
1.21196
1.20463
1.1911
1.1738
1.15542
1.13845
1.12488
1.11614
1.11309
1.11576
1.12324
1.13391
1.14594
1.15773
1.16813
1.17637
1.182
1.18491
1.18518
1.18317
1.17937
1.17414
1.16764
1.15982
1.1507
1.14074
1.13111
1.12346
1.11943
1.11987
1.12438
1.13129
1.13831
1.14324
1.14449
1.14141
1.13431
1.12421
1.11253
1.10076
1.09019
1.08177
1.07618
1.07389
1.07515
1.07996
1.08806
1.09888
1.11172
1.12578
1.14028
1.15447
1.16758
1.17881
1.1874
1.19268
1.19426
1.19211
1.18653
1.17797
1.16689
1.15363
1.13849
1.12193
1.10476
1.08821
1.07373
1.06264
1.05563
1.05259
1.05259
1.05434
1.05652
1.05812
1.05859
1.0579
1.05646
1.05511
1.05499
1.05724
1.06274
1.07183
1.08422
1.09905
1.11512
1.13102
1.14541
1.15719
1.16562
1.17037
1.17155
1.16964
1.16548
1.16018
1.15482
1.15018
1.1463
1.14249
1.13769
1.13114
1.12306
1.11514
1.11051
1.11175
1.1185
1.12727
1.13382
1.13546
1.13158
1.12337
1.11325
1.10422
1.09912
1.09963
1.10578
1.1161
1.12836
1.14034
1.1502
1.15673
1.15942
1.15838
1.15423
1.14792
1.14048
1.13273
1.12515
1.1179
1.11098
1.10447
1.0985
1.0933
1.0891
1.08624
1.08509
1.08578
1.08802
1.0909
1.09326
1.09424
1.09377
1.09246
1.09117
1.09064
1.09134
1.09362
1.09755
1.10292
1.10916
1.11554
1.12134
1.12613
1.1297
1.13202
1.13303
1.13253
1.13014
1.12551
1.11855
1.10965
1.09997
1.09148
1.08633
1.08564
1.08873
1.09374
1.09906
1.10395
1.10842
1.1125
1.11587
1.11793
1.11835
1.11745
1.11624
1.11576
1.1164
1.11768
1.11874
1.11867
1.11666
1.11188
1.10362
1.09191
1.07836
1.06631
1.05939
1.05935
1.0654
1.07556
1.08797
1.10123
1.1143
1.12644
1.13714
1.14597
1.15256
1.15647
1.15726
1.15452
1.14794
1.13748
1.12356
1.10742
1.0913
1.07826
1.07117
1.07146
1.07839
1.08981
1.10348
1.11797
1.13281
1.148
1.16348
1.17873
1.19265
1.20376
1.21055
1.21195
1.20767
1.19839
1.18562
1.17127
1.15706
1.14397
1.13236
1.12231
1.11401
1.10792
1.1045
1.10389
1.10577
1.10948
1.11418
1.11906
1.12358
1.12739
1.13037
1.13261
1.13447
1.13654
1.13939
1.14326
1.14786
1.15246
1.15641
1.15951
1.16214
1.16496
1.16839
1.1724
1.17633
1.17925
1.18032
1.17911
1.17572
1.17076
1.16517
1.15988
1.15552
1.15222
1.14979
1.14777
1.1457
1.14322
1.14021
1.13695
1.13403
1.13224
1.1321
1.13353
1.13565
1.13724
1.13728
1.13541
1.13192
1.12748
1.12278
1.1184
1.11468
1.11178
1.10975
1.10872
1.10897
1.11075
1.11408
1.11857
1.12352
1.12819
1.13199
1.1347
1.13635
1.13708
1.13694
1.13574
1.13311
1.1286
1.12187
1.11285
1.10176
1.08907
1.07551
1.06198
1.04947
1.03902
1.03144
1.02734
1.02699
1.03036
1.03715
1.04666
1.05771
1.06887
1.0789
1.08714
1.09361
1.09878
1.1031
1.10658
1.10871
1.10846
1.10453
1.09572
1.08121
1.06101
1.03635
1.00984
0.985175
0.966258
0.956054
0.955909
0.965542
0.983402
1.00713
1.03396
1.06124
1.08685
1.10953
1.12869
1.14402
1.15513
1.16154
1.16298
1.15971
1.15254
1.14274
1.13191
1.12192
1.11466
1.11182
1.11447
1.12275
1.13555
1.15053
1.16474
1.17547
1.18089
1.18012
1.17307
1.16018
1.14237
1.12103
1.09798
1.07535
1.05535
1.03993
1.03059
1.02802
1.03189
1.0407
1.05196
1.06279
1.07052
1.07333
1.07065
1.06321
1.05293
1.0424
1.03401
1.02912
1.02766
1.0286
1.0306
1.03247
1.03342
1.03313
1.03177
1.02989
1.02842
1.0284
1.03091
1.03671
1.04596
1.05789
1.07089
1.08307
1.09305
1.10046
1.10607
1.11126
1.11719
1.12429
1.13225
1.14033
1.14782
1.1543
1.15981
1.1649
1.17049
1.1774
1.18589
1.19528
1.20419
1.21105
1.21474
1.21487
1.21178
1.20638
1.19968
1.19264
1.1861
1.18087
1.17759
1.17639
1.17668
1.17719
1.17639
1.17296
1.16614
1.15589
1.14265
1.12717
1.11022
1.09246
1.07447
1.05687
1.04039
1.02596
1.01477
1.00818
1.00743
1.01315
1.02493
1.04139
1.06055
1.08047
1.09963
1.11708
1.13247
1.14598
1.15798
1.16888
1.1788
1.18753
1.1944
1.1985
1.19875
1.19421
1.18427
1.16901
1.14933
1.12706
1.10468
1.08485
1.07019
1.06298
1.06469
1.075
1.09147
1.11028
1.12777
1.14161
1.15107
1.15663
1.15928
1.15988
1.15882
1.15604
1.1512
1.14407
1.13477
1.12396
1.11277
1.10237
1.09348
1.08607
1.0799
1.07553
1.07466
1.07913
1.08942
1.10421
1.12117
1.13797
1.15273
1.16407
1.17103
1.17312
1.17046
1.16395
1.15546
1.14725
1.14096
1.13655
1.13256
1.12716
1.11926
1.10878
1.09659
1.08423
1.07358
1.06665
1.06515
1.0702
1.0822
1.10074
1.12475
1.1525
1.18166
1.20943
1.23304
1.25029
1.25988
1.26147
1.25537
1.24229
1.2231
1.19889
1.17104
1.1413
1.11181
1.0849
1.06262
1.04648
1.03721
1.03479
1.03861
1.04764
1.06052
1.07574
1.09174
1.107
1.12002
1.12946
1.13438
1.13449
1.13014
1.12232
1.11231
1.10145
1.09125
1.0836
1.08062
1.08357
1.09205
1.10426
1.11821
1.13258
1.14655
1.15942
1.17066
1.18008
1.18793
1.19457
1.19996
1.20358
1.20484
1.20342
1.19965
1.19439
1.18871
1.1835
1.17917
1.17559
1.17223
1.16862
1.1646
1.16041
1.15657
1.15355
1.15153
1.15034
1.14957
1.14865
1.14707
1.14439
1.14039
1.13498
1.12819
1.11996
1.11021
1.09899
1.08673
1.07432
1.06292
1.05339
1.0458
1.03937
1.03299
1.02619
1.01973
1.01572
1.01675
1.02467
1.03945
1.05903
1.08016
1.09964
1.11511
1.12529
1.12986
1.1292
1.1242
1.11592
1.10555
1.09417
1.08273
1.0721
1.06311
1.05662
1.05349
1.05455
1.06027
1.07033
1.08341
1.09744
1.11031
1.12039
1.12685
1.12948
1.12854
1.12445
1.1177
1.10884
1.09851
1.08744
1.07648
1.06658
1.05867
1.05346
1.05098
1.05038
1.05016
1.04888
1.04596
1.0419
1.03793
1.03515
1.03417
1.03525
1.03866
1.04479
1.05402
1.06665
1.08272
1.10196
1.1235
1.14581
1.16695
1.18496
1.19828
1.20601
1.20784
1.20391
1.19459
1.18044
1.16224
1.14118
1.11901
1.09806
1.08102
1.07023
1.067
1.07104
1.08074
1.09379
1.10798
1.12176
1.13442
1.14576
1.15568
1.16384
1.16975
1.173
1.17365
1.17224
1.1696
1.16651
1.16329
1.15987
1.15592
1.1513
1.14607
1.14031
1.13396
1.12695
1.11944
1.11183
1.10457
1.09803
1.09233
1.08736
1.08278
1.07802
1.07246
