-3.51475
-3.51475
-3.51399
-3.514
-3.51279
-3.49905
-3.49905
-3.50087
-3.50087
-3.51266
-3.51596
-3.51595
-3.51595
-3.51596
-3.51567
-3.51431
-3.51371
-3.5128
-3.51264
-3.51339
-3.5143
-3.51505
-3.51399
-3.51203
-3.50916
-3.50675
-3.5057
-3.50541
-3.5033
-3.503
-3.50375
-3.50314
-3.50449
-3.50509
-3.50509
-3.5066
-3.50629
-3.50478
-3.50433
-3.50388
-3.50358
-3.50268
-3.50283
-3.50253
-3.50192
-3.50102
-3.50193
-3.50268
-3.50313
-3.50404
-3.50419
-3.50328
-3.50358
-3.50434
-3.50388
-3.50449
-3.50464
-3.50494
-3.50524
-3.50494
-3.50494
-3.50328
-3.50418
-3.50448
-3.50433
-3.50434
-3.50449
-3.50418
-3.50539
-3.50569
-3.50569
-3.50599
-3.50554
-3.50569
-3.50584
-3.50448
-3.50418
-3.50418
-3.50373
-3.50342
-3.50252
-3.50252
-3.50237
-3.50131
-3.50026
-3.50056
-3.50041
-3.5001
-3.49995
-3.4998
-3.49935
-3.4989
-3.49966
-3.49981
-3.49739
-3.49648
-3.49588
-3.49588
-3.49633
-3.49512
-3.49527
-3.49602
-3.49678
-3.49617
-3.49466
-3.49466
-3.49451
-3.49436
-3.49436
-3.49436
-3.49406
-3.49346
-3.49391
-3.49376
-3.49406
-3.49512
-3.49558
-3.49497
-3.49542
-3.49527
-3.49482
-3.49543
-3.49543
-3.49663
-3.49603
-3.49497
-3.49511
-3.49511
-3.49648
-3.49663
-3.49724
-3.49769
-3.49784
-3.49724
-3.49784
-3.49784
-3.49814
-3.49905
-3.49799
-3.49799
-3.49844
-3.49965
-3.4995
-3.4998
-3.49919
-3.49919
-3.4995
-3.49844
-3.4995
-3.49995
-3.50071
-3.50086
-3.50116
-3.50131
-3.50132
-3.50056
-3.50026
-3.50041
-3.49996
-3.49935
-3.49935
-3.49995
-3.49995
-3.4998
-3.49965
-3.49905
-3.4995
-3.49995
-3.5001
-3.50025
-3.50131
-3.50176
-3.50116
-3.49965
-3.5001
-3.4992
-3.49905
-3.49875
-3.49845
-3.49739
-3.49784
-3.49739
-3.49694
-3.49769
-3.49844
-3.49889
-3.49935
-3.49995
-3.50026
-3.50026
-3.4995
-3.50011
-3.4989
-3.4995
-3.4992
-3.4986
-3.4992
-3.50026
-3.50026
-3.49965
-3.49904
-3.49919
-3.49889
-3.49874
-3.49935
-3.49845
-3.49845
-3.4989
-3.49905
-3.4989
-3.49799
-3.49738
-3.49723
-3.49738
-3.49769
-3.49784
-3.49814
-3.49724
-3.49678
-3.49754
-3.49905
-3.4995
-3.4989
-3.4998
-3.49829
-3.49784
-3.49799
-3.49829
-3.49934
-3.49935
-3.49965
-3.5001
-3.4995
-3.4995
-3.4995
-3.4989
-3.49859
-3.49889
-3.49889
-3.4989
-3.49829
-3.49935
-3.49935
-3.4998
-3.5001
-3.50101
-3.5007
-3.50101
-3.50101
-3.50191
-3.50176
-3.50146
-3.501
-3.50131
-3.50146
-3.50161
-3.5004
-3.50131
-3.50146
-3.50176
-3.50192
-3.50056
-3.5001
-3.49889
-3.49829
-3.49799
-3.49783
-3.49783
-3.49828
-3.49949
-3.49964
-3.49874
-3.49934
-3.49904
-3.4998
-3.49995
-3.5001
-3.50116
-3.50131
-3.50116
-3.50162
-3.50056
-3.4998
-3.49919
-3.49874
-3.49889
-3.5001
-3.50101
-3.50221
-3.50191
-3.5001
-3.5001
-3.50071
-3.50026
-3.50011
-3.49981
-3.4995
-3.49995
-3.4995
-3.4998
-3.5001
-3.50025
-3.50131
-3.50025
-3.5001
-3.49949
-3.4995
-3.49995
-3.50025
-3.50055
-3.50191
-3.50176
-3.50222
-3.50297
-3.50267
-3.50267
-3.50252
-3.50207
-3.50252
-3.50252
-3.50236
-3.50236
-3.50236
-3.50387
-3.50252
-3.50267
-3.50222
-3.50146
-3.50086
-3.49995
-3.4998
-3.4995
-3.49965
-3.5007
-3.50085
-3.50085
-3.50025
-3.5007
-3.5007
-3.49949
-3.5001
-3.4995
-3.49904
-3.49904
-3.49814
-3.49829
-3.49889
-3.49889
-3.49829
-3.49799
-3.49738
-3.49693
-3.49678
-3.49723
-3.49602
-3.49678
-3.49678
-3.49663
-3.49678
-3.49542
-3.49602
-3.49662
-3.49783
-3.49919
-3.4998
-3.49844
-3.49844
-3.49814
-3.49844
-3.49814
-3.49813
-3.49889
-3.49768
-3.49768
-3.49617
-3.49602
-3.49647
-3.49572
-3.49587
-3.49617
-3.49632
-3.49602
-3.49512
-3.49572
-3.49633
-3.49633
-3.49693
-3.49738
-3.49678
-3.49708
-3.49663
-3.49723
-3.49738
-3.49738
-3.49678
-3.49662
-3.49677
-3.49677
-3.49693
-3.49738
-3.49754
-3.49799
-3.49875
-3.49995
-3.4998
-3.5004
-3.5001
-3.49979
-3.49995
-3.49995
-3.5004
-3.50101
-3.5004
-3.50025
-3.5001
-3.4992
-3.49919
-3.49844
-3.49814
-3.49904
-3.4995
-3.49919
-3.4995
-3.49965
-3.49965
-3.4998
-3.50025
-3.50085
-3.50085
-3.50131
-3.50161
-3.50086
-3.4998
-3.49995
-3.49995
-3.5004
-3.50086
-3.5004
-3.50101
-3.50055
-3.5004
-3.49965
-3.4995
-3.49829
-3.49829
-3.49799
-3.49769
-3.49754
-3.49738
-3.49754
-3.49769
-3.49784
-3.49875
-3.49859
-3.49874
-3.4995
-3.49965
-3.49965
-3.49904
-3.49995
-3.4995
-3.5001
-3.50056
-3.50055
-3.50116
-3.50161
-3.50056
-3.5004
-3.49965
-3.49965
-3.4998
-3.4998
-3.50055
-3.50056
-3.4995
-3.49995
-3.50056
-3.50026
-3.49965
-3.49919
-3.49874
-3.49949
-3.49904
-3.49889
-3.49935
-3.49874
-3.49905
-3.49784
-3.49678
-3.49572
-3.49663
-3.49603
-3.49693
-3.49648
-3.49633
-3.49588
-3.49648
-3.49557
-3.49512
-3.49557
-3.49481
-3.49466
-3.49572
-3.49587
-3.49557
-3.49587
-3.49648
-3.49572
-3.49452
-3.49452
-3.49467
-3.49482
-3.49452
-3.49528
-3.49558
-3.49648
-3.49603
-3.49724
-3.49678
-3.49678
-3.49603
-3.49542
-3.49648
-3.49497
-3.49648
-3.49648
-3.49709
-3.49815
-3.49739
-3.49694
-3.49588
-3.49573
-3.49482
-3.49649
-3.49724
-3.49754
-3.49769
-3.49815
-3.49845
-3.4989
-3.49875
-3.49906
-3.4989
-3.4986
-3.49875
-3.4986
-3.49815
-3.4977
-3.498
-3.49709
-3.49709
-3.49875
-3.4986
-3.49936
-3.49951
-3.50042
-3.50026
-3.49966
-3.49981
-3.50027
-3.50193
-3.50193
-3.50283
-3.50283
-3.50374
-3.50374
-3.50389
-3.50359
-3.5039
-3.50314
-3.50299
-3.50208
-3.50193
-3.50208
-3.50163
-3.50132
-3.50178
-3.50132
-3.50072
-3.50057
-3.50057
-3.50011
-3.50087
-3.50072
-3.50072
-3.50011
-3.50117
-3.50087
-3.50147
-3.50329
-3.50299
-3.50314
-3.50344
-3.50268
-3.50389
-3.50359
-3.50359
-3.50404
-3.50313
-3.50434
-3.50479
-3.50449
-3.50343
-3.50343
-3.50343
-3.50253
-3.50223
-3.50147
-3.50132
-3.50132
-3.50087
-3.50132
-3.50208
-3.50268
-3.50283
-3.50178
-3.50148
-3.50163
-3.50133
-3.50133
-3.50102
-3.50132
-3.50207
-3.50147
-3.50177
-3.50162
-3.50101
-3.50102
-3.50102
-3.50087
-3.50057
-3.50072
-3.50057
-3.50117
-3.50042
-3.50148
-3.50132
-3.50178
-3.50238
-3.50314
-3.50389
-3.50343
-3.50434
-3.50419
-3.50449
-3.50464
-3.5057
-3.50525
-3.50495
-3.50404
-3.50435
-3.5039
-3.50359
-3.50269
-3.50284
-3.50238
-3.50163
-3.50283
-3.50313
-3.50404
-3.50419
-3.50449
-3.50313
-3.50298
-3.50162
-3.50117
-3.50178
-3.50193
-3.50178
-3.50208
-3.50178
-3.50148
-3.50117
-3.50147
-3.50147
-3.50208
-3.50193
-3.50238
-3.50223
-3.50208
-3.50117
-3.50072
-3.50072
-3.50072
-3.49966
-3.4992
-3.4989
-3.4983
-3.4977
-3.4977
-3.49845
-3.49921
-3.4986
-3.49921
-3.49875
-3.49905
-3.49936
-3.498
-3.4983
-3.4986
-3.49815
-3.49785
-3.49754
-3.49754
-3.49709
-3.49679
-3.49634
-3.49679
-3.49649
-3.49543
-3.49604
-3.49619
-3.49573
-3.49664
-3.49634
-3.49739
-3.49724
-3.49754
-3.49755
-3.49815
-3.49755
-3.49906
-3.49921
-3.49937
-3.50027
-3.49997
-3.49921
-3.49906
-3.49891
-3.49906
-3.49831
-3.49816
-3.49815
-3.49846
-3.49755
-3.49785
-3.49785
-3.4977
-3.49755
-3.4968
-3.49695
-3.4968
-3.4965
-3.49665
-3.4965
-3.49695
-3.4974
-3.49771
-3.49801
-3.49801
-3.4974
-3.49635
-3.4968
-3.49575
-3.4968
-3.49575
-3.4965
-3.49589
-3.49604
-3.49619
-3.49589
-3.49649
-3.49634
-3.49695
-3.4971
-3.49801
-3.49801
-3.49862
-3.49937
-3.49982
-3.50118
-3.50073
-3.50043
-3.50088
-3.50194
-3.50224
-3.50254
-3.50284
-3.50299
-3.50314
-3.5042
-3.5045
-3.50375
-3.50405
-3.50374
-3.50375
-3.5036
-3.50405
-3.50315
-3.50375
-3.50254
-3.50239
-3.50239
-3.50224
-3.50284
-3.50254
-3.50284
-3.50314
-3.5036
-3.50345
-3.50285
-3.5033
-3.50345
-3.50315
-3.5042
-3.5042
-3.50329
-3.50344
-3.5042
-3.50359
-3.50389
-3.50435
-3.5045
-3.50435
-3.50466
-3.50421
-3.50466
-3.50511
-3.50617
-3.50572
-3.50481
-3.50587
-3.50571
-3.50632
-3.50601
-3.50526
-3.50495
-3.5051
-3.50404
-3.50389
-3.50389
-3.50359
-3.50299
-3.50269
-3.50269
-3.50345
-3.50405
-3.5039
-3.5036
-3.50284
-3.50148
-3.50179
-3.50163
-3.50057
-3.50042
-3.50072
-3.50117
-3.50042
-3.50011
-3.49996
-3.49891
-3.49951
-3.50012
-3.50103
-3.50087
-3.50042
-3.50057
-3.50118
-3.50102
-3.50057
-3.50042
-3.50087
-3.50072
-3.50087
-3.50072
-3.50012
-3.50042
-3.49981
-3.49951
-3.49936
-3.49906
-3.49936
-3.49982
-3.49951
-3.49846
-3.4983
-3.49906
-3.4974
-3.4971
-3.49649
-3.49725
-3.4977
-3.49816
-3.49816
-3.49801
-3.49831
-3.49922
-3.49952
-3.49891
-3.49876
-3.49861
-3.49861
-3.49876
-3.49861
-3.498
-3.49861
-3.49906
-3.49875
-3.498
-3.49876
-3.49891
-3.49891
-3.49876
-3.49907
-3.49877
-3.49861
-3.49816
-3.49876
-3.49906
-3.498
-3.49755
-3.4977
-3.4971
-3.49725
-3.49695
-3.49634
-3.49694
-3.4977
-3.49815
-3.49906
-3.49921
-3.49982
-3.49982
-3.50043
-3.50027
-3.50073
-3.50073
-3.50088
-3.50027
-3.50057
-3.50163
-3.50133
-3.50133
-3.50239
-3.50254
-3.50178
-3.50209
-3.50224
-3.50224
-3.50194
-3.50314
-3.50284
-3.50329
-3.5039
-3.50405
-3.5039
-3.50465
-3.5048
-3.50374
-3.50405
-3.50284
-3.50193
-3.50178
-3.50269
-3.5036
-3.50375
-3.50284
-3.50299
-3.50314
-3.50269
-3.5039
-3.50299
-3.50345
-3.50269
-3.50269
-3.50253
-3.50253
-3.50253
-3.50299
-3.50254
-3.50224
-3.50148
-3.50254
-3.50254
-3.50284
-3.50224
-3.50224
-3.50239
-3.50209
-3.50073
-3.50178
-3.50254
-3.50284
-3.50299
-3.50375
-3.50405
-3.50344
-3.50314
-3.50178
-3.50209
-3.50239
-3.50178
-3.50148
-3.50073
-3.50148
-3.50103
-3.50178
-3.50224
-3.50118
-3.50133
