-0.588763 nan
-0.580756 0.0080072
-0.563303 0.0180554
-0.544826 0.0224586
-0.543484 0.017448
-0.541371 0.0144021
-0.536197 0.0132262
-0.530371 0.0128505
-0.528406 0.0115023
-0.524787 0.0109058
-0.519659 0.0111179
-0.51578 0.0108651
-0.514342 0.0100974
-0.51288 0.00946205
-0.509268 0.00952055
-0.504818 0.00995555
-0.50338 0.00946142
-0.500557 0.00935654
-0.497294 0.00943261
-0.494884 0.00926742
-0.491236 0.00954016
-0.489339 0.00929187
-0.488285 0.00894104
-0.486739 0.00869883
-0.48411 0.00874799
-0.482463 0.00856466
-0.480958 0.00837765
-0.480007 0.00812875
-0.479203 0.00788458
-0.478953 0.00762132
-0.478956 0.00737138
-0.47798 0.00720369
-0.477339 0.00701132
-0.47762 0.00680779
-0.477569 0.00661062
-0.476919 0.00645723
-0.476052 0.00633974
-0.475338 0.0062119
-0.474369 0.00612761
-0.473373 0.00605489
-0.472034 0.00605524
-0.470906 0.00601595
-0.46973 0.00599109
-0.468455 0.00599059
-0.467144 0.00600082
-0.465654 0.00605506
-0.464495 0.00603707
-0.463215 0.00604707
-0.461836 0.00608086
-0.460601 0.00608454
-0.459471 0.00607029
-0.458783 0.00599203
-0.458094 0.00591805
-0.457043 0.00590187
-0.456527 0.00581646
-0.456416 0.00571274
-0.455679 0.00565982
-0.45529 0.00557495
-0.454997 0.0054875
-0.454325 0.00543688
-0.453328 0.00543925
-0.452697 0.00538784
-0.452173 0.00532744
-0.451638 0.00527076
-0.451044 0.00522302
-0.450767 0.00515069
-0.450332 0.00509184
-0.449958 0.00503036
-0.449791 0.00495972
-0.449285 0.00491446
-0.449301 0.00484478
-0.449431 0.00477879
-0.449273 0.00471552
-0.448593 0.0047008
-0.447808 0.00470363
-0.447347 0.00466419
-0.44694 0.00462119
-0.446274 0.00460994
-0.445427 0.00462937
-0.444588 0.00464748
-0.443667 0.00468118
-0.442956 0.00467821
-0.442082 0.00470325
-0.441182 0.00473334
-0.440211 0.00477708
-0.439536 0.00476916
-0.439109 0.0047333
-0.438422 0.00472938
-0.437833 0.004713
-0.437563 0.00466812
-0.437264 0.00462623
-0.436919 0.00458865
-0.436498 0.00455848
-0.436017 0.00453537
-0.435741 0.00449581
-0.435337 0.00446708
-0.435028 0.0044316
-0.434555 0.00441157
-0.434221 0.00437948
-0.434033 0.00433955
