           1    0.103108    0.103108           0
           2    0.103308    0.103208 9.99493e-05
           3   0.0994856    0.101967  0.00124222
           4   0.0981088    0.101003  0.00130463
           5   0.0922347   0.0992491  0.00202394
           6   0.0972873   0.0989221  0.00168458
           7   0.0985116   0.0988635  0.00142493
           8   0.0944296   0.0983092  0.00135278
           9    0.102762   0.0988039  0.00129154
          10   0.0980181   0.0987254  0.00115786
          11   0.0966919   0.0985405  0.00106351
          12   0.0987086   0.0985545  0.00097095
          13   0.0980779   0.0985178 0.000893897
          14   0.0974125   0.0984389 0.000831346
          15   0.0968673   0.0983341 0.000781001
          16   0.0966097   0.0982263 0.000738466
          17   0.0973148   0.0981727 0.000695738
          18   0.0982248   0.0981756 0.000655954
          19     0.10184   0.0983685 0.000649749
          20   0.0921981   0.0980599 0.000689304
          21   0.0959804   0.0979609 0.000663094
          22   0.0996074   0.0980358 0.000636649
          23    0.101601   0.0981908 0.000627777
          24    0.103978   0.0984319 0.000647621
          25    0.098901   0.0984507 0.000621459
          26     0.10221   0.0985953 0.000614341
          27    0.101263   0.0986941 0.000599352
          28    0.100293   0.0987512 0.000580366
          29   0.0977805   0.0987177 0.000560995
          30    0.103129   0.0988648  0.00056157
          31   0.0981192   0.0988407 0.000543685
          32     0.10554   0.0990501 0.000566516
          33   0.0994287   0.0990615 0.000549201
          34   0.0973858   0.0990123 0.000535078
          35    0.102204   0.0991035 0.000527508
          36     0.10007   0.0991303 0.000513348
          37   0.0978813   0.0990965 0.000500421
          38    0.103855   0.0992218 0.000502911
          39    0.100192   0.0992466 0.000490478
          40   0.0977503   0.0992092  0.00047952
          41    0.101114   0.0992557  0.00046998
          42     0.10378   0.0993634 0.000471136
          43   0.0982167   0.0993367 0.000460821
          44     0.10177    0.099392 0.000453609
          45    0.100603    0.099419  0.00044423
          46   0.0984127   0.0993971 0.000435016
          47    0.101338   0.0994384 0.000427659
          48    0.100462   0.0994597 0.000419197
          49    0.101296   0.0994972 0.000412259
          50   0.0996418   0.0995001  0.00040394
          51    0.103484   0.0995782 0.000403571
          52    0.101017   0.0996059 0.000396701
          53    0.100701   0.0996265 0.000389692
          54      0.1025   0.0996797 0.000386091
          55   0.0976256   0.0996424 0.000380842
          56    0.101656   0.0996783 0.000375704
          57   0.0953132   0.0996017 0.000376916
          58     0.10178   0.0996393  0.00037226
          59   0.0985506   0.0996209 0.000366361
          60    0.101209   0.0996473 0.000361175
          61   0.0982659   0.0996247 0.000355926
          62   0.0965639   0.0995753 0.000353601
          63    0.096824   0.0995316 0.000350673
          64   0.0948594   0.0994586 0.000352787
          65    0.100115   0.0994687 0.000347463
          66    0.103328   0.0995272 0.000347118
          67   0.0971357   0.0994915 0.000343756
          68   0.0949071   0.0994241 0.000345308
          69   0.0950516   0.0993607 0.000346117
          70     0.10142   0.0993901 0.000342403
          71   0.0967711   0.0993532 0.000339556
          72   0.0975981   0.0993289 0.000335693
          73     0.10491   0.0994053 0.000339777
          74    0.103987   0.0994672 0.000340824
          75    0.098815   0.0994585 0.000336361
          76    0.100016   0.0994659 0.000331987
          77    0.101952   0.0994982 0.000329234
          78   0.0984071   0.0994842 0.000325286
          79   0.0938588    0.099413 0.000328942
          80    0.102194   0.0994477 0.000326659
          81    0.103754   0.0995009 0.000326953
          82    0.100771   0.0995164 0.000323312
          83   0.0995021   0.0995162 0.000319393
          84   0.0980563   0.0994988 0.000316046
          85   0.0996424   0.0995005 0.000312311
          86    0.101144   0.0995196 0.000309249
          87    0.100442   0.0995302 0.000305857
          88   0.0996974   0.0995321 0.000302368
          89   0.0971568   0.0995054  0.00030014
          90      0.1013   0.0995254 0.000297455
          91   0.0988443   0.0995179 0.000294263
          92    0.102074   0.0995457 0.000292371
          93   0.0977704   0.0995266 0.000289839
          94   0.0984193   0.0995148 0.000286981
          95   0.0959655   0.0994775 0.000286392
          96     0.10069   0.0994901 0.000283674
          97   0.0977311   0.0994719 0.000281319
          98    0.095218   0.0994285 0.000281797
          99    0.101111   0.0994455 0.000279454
         100   0.0990457   0.0994415 0.000276674
