0 0
0 0
0 0
0 0
0 0
0 0
0 0
0 0
0 0
0 0
0 0
0 0
0 0
0.00075434 0.000384675
0.166366 0.00977357
1.09004 0.0207111
2.06182 0.0375591
2.29461 0.0403242
2.101 0.0376914
1.83024 0.03208
1.6519 0.0273802
1.43146 0.0234436
1.32842 0.0246145
1.25136 0.0212454
1.23491 0.0220667
1.18653 0.0191331
1.15343 0.0170092
1.10491 0.0151621
1.08394 0.0154513
1.08766 0.0159518
1.07027 0.016482
1.07743 0.0151691
1.07365 0.0145961
1.10134 0.0151479
1.09893 0.0139384
1.06429 0.0133993
1.05008 0.0131183
1.04764 0.0131503
1.05169 0.0132
1.03835 0.0123851
1.04042 0.0118255
1.03883 0.0115805
1.05433 0.0128992
1.03388 0.0112166
1.04279 0.00966232
1.04906 0.0111409
1.02368 0.0093411
1.03177 0.00980948
1.01443 0.00890472
1.0056 0.00807909
1.017 0.00843113
1.01187 0.00985733
1.01116 0.00919595
0.99402 0.00812023
0.992732 0.00774578
0.994395 0.00849732
0.999238 0.0076014
1.0126 0.00815245
1.01007 0.00870981
1.00687 0.00830852
1.00636 0.00856384
0.999174 0.00829347
1.00908 0.00710857
0.9959 0.00762262
1.00065 0.00656103
0.992484 0.00561653
0.995382 0.00648295
0.989584 0.00641079
0.986605 0.00643385
0.991243 0.00676696
0.997967 0.00686713
0.999766 0.00699092
0.998683 0.00740864
0.998088 0.00647614
0.989396 0.00598514
0.985766 0.00604293
0.995739 0.00648068
0.991718 0.00681161
0.98641 0.00616566
0.990189 0.00617681
0.986597 0.00588815
0.996924 0.00596929
0.994528 0.0060476
0.995839 0.00658856
0.998517 0.00638473
0.994993 0.0061558
0.991114 0.00573881
0.997788 0.00560524
0.997478 0.00542712
1.00036 0.00566984
0.999917 0.00443845
0.9967 0.00458553
0.999356 0.00482187
0.985962 0.00475598
0.98523 0.0048315
0.984657 0.00451168
0.983041 0.00468036
0.980165 0.00370332
0.990272 0.00420643
0.991122 0.00408988
